TN:
SF:cadence/contracts/AlpenFlow.cdc
DA:15,33
DA:20,31
DA:21,31
DA:22,31
DA:27,15
DA:28,15
DA:30,15
DA:31,15
DA:32,15
DA:33,15
DA:37,64
DA:55,0
DA:59,0
DA:68,0
DA:72,0
DA:76,0
DA:95,0
DA:96,0
DA:97,0
DA:110,0
DA:111,0
DA:112,0
DA:113,0
DA:135,26
DA:136,26
DA:140,31
DA:147,31
DA:150,31
DA:153,31
DA:157,0
DA:160,0
DA:162,0
DA:164,0
DA:168,0
DA:171,0
DA:173,0
DA:174,0
DA:178,0
DA:179,0
DA:185,15
DA:192,0
DA:195,0
DA:198,0
DA:202,15
DA:205,15
DA:208,15
DA:210,15
DA:214,15
DA:217,0
DA:219,0
DA:220,0
DA:224,0
DA:225,0
DA:239,31
DA:247,45
DA:254,45
DA:261,1425
DA:262,1425
DA:264,1425
DA:276,92
DA:277,92
DA:279,92
DA:285,96
DA:286,96
DA:287,96
DA:289,96
DA:290,904
DA:291,518
DA:293,904
DA:294,904
DA:297,96
DA:304,49
DA:305,49
DA:312,50
DA:313,50
DA:328,46
DA:329,46
DA:334,0
DA:335,0
DA:339,46
DA:340,46
DA:341,46
DA:342,46
DA:343,46
DA:349,46
DA:350,1
DA:351,1
DA:352,1
DA:355,45
DA:356,45
DA:359,45
DA:362,45
DA:363,45
DA:364,0
DA:368,45
DA:371,45
DA:372,45
DA:376,16
DA:377,16
DA:378,16
DA:379,16
DA:380,16
DA:381,16
DA:382,16
DA:383,16
DA:417,16
DA:418,16
DA:419,16
DA:420,16
DA:421,16
DA:422,16
DA:423,16
DA:424,16
DA:427,16
DA:432,31
DA:433,31
DA:434,31
DA:438,31
DA:439,31
DA:440,31
DA:443,31
DA:444,25
DA:448,31
DA:450,31
DA:453,31
DA:456,31
DA:459,31
DA:464,15
DA:465,15
DA:466,15
DA:470,15
DA:471,15
DA:474,15
DA:475,0
DA:479,15
DA:481,15
DA:484,15
DA:487,15
DA:490,15
DA:492,15
DA:499,29
DA:502,29
DA:503,29
DA:505,29
DA:506,29
DA:507,29
DA:508,29
DA:509,29
DA:512,29
DA:514,0
DA:517,0
DA:522,29
DA:523,29
DA:525,0
DA:529,31
DA:530,31
DA:531,31
DA:532,31
DA:537,13
DA:538,13
DA:548,0
DA:553,0
DA:558,0
DA:564,0
DA:571,0
DA:579,0
DA:587,0
DA:612,0
DA:613,0
DA:620,16
DA:621,16
DA:626,33
DA:627,33
DA:628,33
DA:633,7
DA:634,7
DA:635,7
DA:636,7
DA:637,7
DA:638,7
LF:180
LH:134
end_of_record
TN:
SF:t.003fc3334190bef026614656af64328294d4dd6b0b7acb226def170bbfd56ee3
DA:5,1
DA:8,1
DA:9,1
DA:13,1
DA:14,0
LF:5
LH:4
end_of_record
TN:
SF:t.00b1044994ae9ad8d1dd7f1cdd974f4b4f7b6c7041e234b201d684ba93d12318
DA:6,1
DA:9,1
DA:11,1
DA:14,1
LF:4
LH:4
end_of_record
TN:
SF:t.01a085a8a0639997f18365c1be6678f01f0e980259ac80d911576063bf5a3f68
DA:5,1
DA:8,1
DA:9,1
DA:13,1
DA:14,0
LF:5
LH:4
end_of_record
TN:
SF:t.01fbbd61b9daba1c336ae917fcbf52384637f77ea99cccc8b4d73e77896be7cc
DA:6,1
DA:9,1
DA:11,1
DA:14,1
LF:4
LH:4
end_of_record
TN:
SF:t.0250f0379d896e62dc30f66d31b5789faad2da2b5acf251327a2911f8bc4dfd1
DA:5,1
DA:8,1
DA:9,1
DA:13,1
DA:14,0
LF:5
LH:4
end_of_record
TN:
SF:t.02ade52c8c02e1fd582fc541c1bdf73a32c6fb508303c13836bed4f11d13335c
DA:5,1
DA:8,1
DA:9,1
DA:13,1
DA:14,0
LF:5
LH:4
end_of_record
TN:
SF:t.032e5a768dc64c3c581dba066cb5bc0e0dc5e2541d48628536afeb76ebde0c56
DA:6,1
DA:9,1
DA:11,1
DA:14,1
LF:4
LH:4
end_of_record
TN:
SF:t.03afbc6663b082f60d5cda03c23e02eb71dab1877b8ea26e850a6ebd652bdf24
DA:6,1
DA:9,1
DA:11,1
DA:14,1
LF:4
LH:4
end_of_record
TN:
SF:t.0483ceab60d6c5cb0aa4499bbb7aabd74f75a095362fcecfcf93b8f33425f34e
DA:6,1
DA:9,1
DA:11,1
DA:14,1
LF:4
LH:4
end_of_record
TN:
SF:t.066e7de04a51c92906f14e6e6f710a92403a3e0a5860a96fcecb26963bd4d64e
DA:5,1
DA:8,1
DA:9,1
DA:13,1
DA:14,0
LF:5
LH:4
end_of_record
TN:
SF:t.06aaaddc6733a82ee802f3e9c500ad5db84522dceb56110c23f16237ef75c873
DA:5,1
DA:8,1
DA:9,1
DA:13,1
DA:14,0
LF:5
LH:4
end_of_record
TN:
SF:t.072a4db76259d188caf0d16f97520b68d72c13f0ad19d7120fe0aa7edbbf4232
DA:5,1
DA:8,1
DA:9,1
DA:13,1
DA:14,0
LF:5
LH:4
end_of_record
TN:
SF:t.07ee5ccc14677a6fa3836f280f8e46cf5e657beb6b0cc27f6f039e550fbbf24c
DA:6,1
DA:9,1
DA:11,1
DA:14,1
LF:4
LH:4
end_of_record
TN:
SF:t.086347bb234c092d69839c24c151c4ba50e9babf2b8b859e540da04f69f8629a
DA:6,1
DA:9,1
DA:11,1
DA:14,1
LF:4
LH:4
end_of_record
TN:
SF:t.089833d285884dcf5976a68ed5a96759376cf436a552fc1b3149f08417322010
DA:12,8
DA:17,8
LF:2
LH:2
end_of_record
TN:
SF:t.08a2149e4e66e24d5455cb844c6f02078c6c6599bad5d11e06a8f508a06b1dfe
DA:6,1
DA:9,1
DA:11,1
DA:14,1
LF:4
LH:4
end_of_record
TN:
SF:t.09a2b61314013ff8dd679c726122195aa1204bba0ec0e222a0f6efd1cf0a024f
DA:6,1
DA:9,1
DA:11,1
DA:14,1
LF:4
LH:4
end_of_record
TN:
SF:t.0b1531607b4ef53abf84a939678b45b23c0483ee9f67e44887ac6ee26d0410a4
DA:6,1
DA:9,1
DA:11,1
DA:14,1
LF:4
LH:4
end_of_record
TN:
SF:t.0ba947807754602f33be475f13aed7c0df600da4cf7e5a8634415cebb583363f
DA:5,1
DA:8,1
DA:9,1
DA:13,1
DA:14,0
LF:5
LH:4
end_of_record
TN:
SF:t.0c119e6b21e1a79e7f697274f86a2f2024cdaf8998278d2c941346ec0774d4d4
DA:6,1
DA:9,1
DA:11,1
DA:14,1
LF:4
LH:4
end_of_record
TN:
SF:t.0c25e658c625f9bdabb3a4c045de858dae9658b260a223b88711a682729af0d6
DA:6,1
DA:9,1
DA:11,1
DA:14,1
LF:4
LH:4
end_of_record
TN:
SF:t.0c40339647adc14609913fc70fbf1cf53f8fc6150a4863dbbfe24f2ae0ba28f3
DA:3,8
LF:1
LH:1
end_of_record
TN:
SF:t.0d19da24a2b7165fdb3631004297f64e83c586662f161e6ffd3c96b8ea8e4150
DA:6,1
DA:9,1
DA:11,1
DA:14,1
LF:4
LH:4
end_of_record
TN:
SF:t.0da03b0ba2fc8d971d6c111e0389788b845b26626c30496d7b40e1aa09e3a51a
DA:6,1
DA:9,1
DA:11,1
DA:14,1
LF:4
LH:4
end_of_record
TN:
SF:t.0e83de195c107355f4248f2438b6a3bd1b7ebbdc2c16a914370c94d2ed795d30
DA:6,1
DA:9,1
DA:11,1
DA:14,1
LF:4
LH:4
end_of_record
TN:
SF:t.0ea9a391098629711042adcb42b00879a961e0fa63e5e9f2763b07a52dc62f5b
DA:5,1
DA:8,1
DA:9,1
DA:13,1
DA:14,0
LF:5
LH:4
end_of_record
TN:
SF:t.0fc95a10135be489338a935bacdf910f221c509873b9ad1802553b71b87f1c18
DA:6,1
DA:9,1
DA:11,1
DA:14,1
LF:4
LH:4
end_of_record
TN:
SF:t.1037feb37cd3a1a33d5718ca5e1d2936209b3f923d391325e4ec714e6ecf032b
DA:5,1
DA:8,1
DA:9,1
DA:13,1
DA:14,0
LF:5
LH:4
end_of_record
TN:
SF:t.1053fa0040dd430e66e066d41a575e28a3969f0183328d6bb56bb5e4038b95cc
DA:6,1
DA:9,1
DA:11,1
DA:14,1
LF:4
LH:4
end_of_record
TN:
SF:t.106c0e5060269004c3995f9a693a02667f2c10a2d4b0b8ef1b59b3afa4a4e209
DA:6,1
DA:9,1
DA:11,1
DA:14,1
LF:4
LH:4
end_of_record
TN:
SF:t.1085bf932f99c6a9f0587d820e809ed8fcf483fa374f1ace53e66e663cdf650a
DA:6,1
DA:9,1
DA:11,1
DA:14,1
LF:4
LH:4
end_of_record
TN:
SF:t.108888289cf349319f259ac4c8fda44a862c0796781b7a6b7bfbd8d9557b0272
DA:6,1
DA:9,1
DA:11,1
DA:14,1
LF:4
LH:4
end_of_record
TN:
SF:t.109f8f33bc4945c2d3faff8aee29abc36037e0edfe68bbca32008a7aaaaa0d6f
DA:6,8
DA:10,8
DA:12,8
LF:3
LH:3
end_of_record
TN:
SF:t.115fbbee1eff592f6d8bd5ef31b5ea1e031780b7cc33298e3e2dcb395fc15ef0
DA:5,1
DA:8,1
DA:9,1
DA:13,1
DA:14,0
LF:5
LH:4
end_of_record
TN:
SF:t.123c1391a83f0dff1872543904285af5c27e7fdfd797923c2f7ed620a0d3e6fe
DA:6,1
DA:9,1
DA:11,1
DA:14,1
LF:4
LH:4
end_of_record
TN:
SF:t.125c286ac26c6ef8e6cb5236766044e4dd1e897fb9714f0d62eb4d25d4cf44e4
DA:6,1
DA:9,1
DA:11,1
DA:14,1
LF:4
LH:4
end_of_record
TN:
SF:t.12642dfcfaa7cce5a4d4ede50b7fdc34cf5def4d59b5f0eb4aea3c55ea16f264
DA:5,1
DA:8,1
DA:9,1
DA:13,1
DA:14,0
LF:5
LH:4
end_of_record
TN:
SF:t.12b4d3f8f74f3869410a2d42b62ad8e1581f528800c9293a950b7eca14537767
DA:6,1
DA:9,1
DA:11,1
DA:14,1
LF:4
LH:4
end_of_record
TN:
SF:t.13731d44378b06fe5889203bbcf373e085f1d67430975c5ec924ccf312baaae8
DA:5,1
DA:8,1
DA:9,1
DA:13,1
DA:14,0
LF:5
LH:4
end_of_record
TN:
SF:t.138a666ae612aabf5b6517c2356a3440d9334fcde49806e3862a15c54f2a440a
DA:6,1
DA:9,1
DA:11,1
DA:14,1
LF:4
LH:4
end_of_record
TN:
SF:t.13e1dbe50a15e4f9e5cea40d5a91fae14a8e13332052ae971aa608c36f49df29
DA:5,1
DA:8,1
DA:9,1
DA:13,1
DA:14,0
LF:5
LH:4
end_of_record
TN:
SF:t.143d6daa2cc5f2c97e9484859bde7f9da0b1d30ab240b66ccc34a4c938849aa3
DA:6,1
DA:9,1
DA:11,1
DA:14,1
LF:4
LH:4
end_of_record
TN:
SF:t.156e8c5909b905c79727803c1cfee7e50c2abd19835a96455e4d563923f252f9
DA:6,1
DA:9,1
DA:11,1
DA:14,1
LF:4
LH:4
end_of_record
TN:
SF:t.1661fd592f3e00ef18b9682a5b9201136c1b1a80ee5e156c6fc4882d543806ec
DA:6,1
DA:9,1
DA:11,1
DA:14,1
LF:4
LH:4
end_of_record
TN:
SF:t.1663c7c896481e3c3afb12ea4e9a66642339715b0a44e071a078eaaef7d9433b
DA:6,1
DA:9,1
DA:11,1
DA:14,1
LF:4
LH:4
end_of_record
TN:
SF:t.1745c135dc86049bdc05675527fa517ba14af1ba78b2bb23b3a0fb4f9fbeffac
DA:3,8
LF:1
LH:1
end_of_record
TN:
SF:t.174c22a3a8d934ec94e94be04a3281cb6fb1a6fb4451d8d55d58df16335fdc9e
DA:3,8
LF:1
LH:1
end_of_record
TN:
SF:t.177b818d69b0728d112f8210d481e16f82856aeef87239c6084949d83d6b783b
DA:6,1
DA:9,1
DA:11,1
DA:14,1
LF:4
LH:4
end_of_record
TN:
SF:t.17948304f0cdfa60ff56759c81dd8c1807f8d844bea8c345974fd234c9029eff
DA:6,1
DA:9,1
DA:11,1
DA:14,1
LF:4
LH:4
end_of_record
TN:
SF:t.18b33975a0066edb8b589a304713645e846d138c86fb5b75d4c9224dfd53e8fe
DA:3,8
LF:1
LH:1
end_of_record
TN:
SF:t.18b565552fa11396bcc069e6912b4709e09b978e5fb89cb4444f5798fded0801
DA:5,1
DA:8,1
DA:9,1
DA:13,1
DA:14,0
LF:5
LH:4
end_of_record
TN:
SF:t.193a660076e4db619fad372d1ee6016012171da2ca9ee4c65f98b343e1064ad6
DA:6,1
DA:9,1
DA:11,1
DA:14,1
LF:4
LH:4
end_of_record
TN:
SF:t.1990f0170e7f06f9f8678e04f3eaa54359f5cabef5befa2afd5a8b84b74e531f
DA:6,1
DA:9,1
DA:11,1
DA:14,1
LF:4
LH:4
end_of_record
TN:
SF:t.19c945881f4717e6aad5c153c6e88fde1a77ffd25698d95f36776499853350d4
DA:5,1
DA:8,1
DA:9,1
DA:13,1
DA:14,0
LF:5
LH:4
end_of_record
TN:
SF:t.1a7924c85c3d6c6a4db6db4aa59ac2e76b97c6ba19e6ecc496a7ecf546f10348
DA:3,1
DA:4,1
LF:2
LH:2
end_of_record
TN:
SF:t.1abf7e2e2f3d401374aeec80e6d366680e72e6b17f5de0ba8fc1484cbf64e228
DA:6,1
DA:9,1
DA:11,1
DA:14,1
LF:4
LH:4
end_of_record
TN:
SF:t.1ac30d3bcfbaaf9360af596e63edc68082d5742048b29ec942367a46e13249eb
DA:6,1
DA:9,1
DA:11,1
DA:14,1
LF:4
LH:4
end_of_record
TN:
SF:t.1bff535c5f7ae7c78eec3ecd47f4ebc229c11e47b9f6e202c5149311c6804674
DA:6,1
DA:9,1
DA:11,1
DA:14,1
LF:4
LH:4
end_of_record
TN:
SF:t.1c38dca9d9e0e9bdd6ae7a75da30dbbcee94b3a4bb1177cb34d9e8bb1f6be64b
DA:5,1
DA:8,1
DA:9,1
DA:13,1
DA:14,0
LF:5
LH:4
end_of_record
TN:
SF:t.1c5b00bd92fc29b773e77bd40c2038c76282bd4194fdc8692f55e85398d47b71
DA:6,1
DA:9,1
DA:11,1
DA:14,1
LF:4
LH:4
end_of_record
TN:
SF:t.1c748d6a5efa125f4d5d0f3de56e1b0e87884e3d64c1bdedf1070ee347fd7dfb
DA:6,1
DA:9,1
DA:11,1
DA:14,1
LF:4
LH:4
end_of_record
TN:
SF:t.1e2abbf5514df73442abae2e50df452cdf5faad5a928fb7a105d24bb8824c717
DA:5,1
DA:8,1
DA:9,1
DA:13,1
DA:14,0
LF:5
LH:4
end_of_record
TN:
SF:t.1ea7f573b0f8fb043b8a04c6a24b4ece3c692cd2a80f9408fcc851a2be53ad03
DA:6,1
DA:9,1
DA:11,1
DA:14,1
LF:4
LH:4
end_of_record
TN:
SF:t.1fb0b40f052ba978ac84e845cc95baab827bf36155c09bcdda4c117dcb82676c
DA:6,1
DA:9,1
DA:11,1
DA:14,1
LF:4
LH:4
end_of_record
TN:
SF:t.200931123d9cff0493387170fc0648ce6584d1cd90f3d44c2daa92dfacaf4356
DA:4,1
LF:1
LH:1
end_of_record
TN:
SF:t.2066a72c81f747f946e662f8fda7ec968ab25514c37f352ef01821c6d808ab78
DA:6,1
DA:9,1
DA:11,1
DA:14,1
LF:4
LH:4
end_of_record
TN:
SF:t.21e4cb8d4e4f807c082bfe86ffe9efe85eedf534d5d23a16a1373f674ce61741
DA:5,1
DA:8,1
DA:9,1
DA:13,1
DA:14,0
LF:5
LH:4
end_of_record
TN:
SF:t.22511ee5b34d2c77a8e39c8ab72ca4bbfef4c35d412b2d85c76831e4852aaba7
DA:6,1
DA:9,1
DA:11,1
DA:14,1
LF:4
LH:4
end_of_record
TN:
SF:t.236897a81ebc6b9c0e00c04eef56b04ea589130c0ad8bc4abd5e71b65ee12303
DA:6,1
DA:9,1
DA:11,1
DA:14,1
LF:4
LH:4
end_of_record
TN:
SF:t.249bf827cd103301022659ed5b334d1fac543d6a617a9566afc19c148f563798
DA:6,1
DA:9,1
DA:11,1
DA:14,1
LF:4
LH:4
end_of_record
TN:
SF:t.258bfe96b148aeabb188bbd37a5f7b9f9893a8ea96a25fa6cc6ea2b297bf3862
DA:6,1
DA:9,1
DA:11,1
DA:14,1
LF:4
LH:4
end_of_record
TN:
SF:t.25f676a38ff118afff1a9a4469810f4cf5a6c112c9d32ee3394ee8bbc60d6b87
DA:6,1
DA:9,1
DA:11,1
DA:14,1
LF:4
LH:4
end_of_record
TN:
SF:t.2775c44fcff6f0a6da1bd822b9634ef9c68245599e78257690ee76d4519806a9
DA:3,1
LF:1
LH:1
end_of_record
TN:
SF:t.27f5301e3e8a060af9d111298323709f5107827daa4c032d6d00b62e71e688d3
DA:5,1
DA:8,1
DA:9,1
DA:13,1
DA:14,0
LF:5
LH:4
end_of_record
TN:
SF:t.2808058d7a7bd0b218b049a9bad349e51ef350b161356fe87dee59784acc324d
DA:6,1
DA:9,1
DA:11,1
DA:14,1
LF:4
LH:4
end_of_record
TN:
SF:t.288b0541a1dfdcf11041d7bc5cdb9257b1e06b71d7264921ebffa3526297204e
DA:5,1
DA:8,1
DA:9,1
DA:13,1
DA:14,0
LF:5
LH:4
end_of_record
TN:
SF:t.28d1aa19aa2af4d39fc8f27f233b3439e0f2986e91f091fbcadd38270fd5b965
DA:5,1
DA:8,1
DA:9,1
DA:13,1
DA:14,0
LF:5
LH:4
end_of_record
TN:
SF:t.291e589d960f39353bb4afb28f23f2c82fa511c1543f3c5d674834edb368985d
DA:4,1
LF:1
LH:1
end_of_record
TN:
SF:t.2ac239128f7da7c38438a06a940a89328bf3afb771b3a40fe6fcda5ad6ddc057
DA:6,1
DA:9,1
DA:11,1
DA:14,1
LF:4
LH:4
end_of_record
TN:
SF:t.2b1922d1ff6b0d64b67c1f1f261e7f876a19827ef4718e93b76178f7b90b76b9
DA:6,1
DA:9,1
DA:11,1
DA:14,1
LF:4
LH:4
end_of_record
TN:
SF:t.2b68b449d73bb3845c5603be0144434a9d83b19ac27bbbce6a8f9b06adcf980a
DA:6,1
DA:9,1
DA:11,1
DA:14,1
LF:4
LH:4
end_of_record
TN:
SF:t.2b86ff199c56f4616a7b23e48610f8c2ad56fbd1b558696b80600f618ae5c91b
DA:6,1
DA:9,1
DA:11,1
DA:14,1
LF:4
LH:4
end_of_record
TN:
SF:t.2bf555d98dd0fa5ec2929c297f5f08b71c0ddfc82f5ec3e94db046d71ed12551
DA:5,1
DA:8,1
DA:9,1
DA:13,1
DA:14,0
LF:5
LH:4
end_of_record
TN:
SF:t.2c584cc85b686cc89d32efb4015fca5f6b4e339478056b1f469b8e5ff0c1b00e
DA:5,1
DA:8,1
DA:9,1
DA:13,1
DA:14,0
LF:5
LH:4
end_of_record
TN:
SF:t.2c5d224d294fc4be31a5ae990cf02ea370f3d1126736ec29c1c1954c845d4f49
DA:5,1
DA:8,1
DA:9,1
DA:13,1
DA:14,0
LF:5
LH:4
end_of_record
TN:
SF:t.2cdfc72d2654d0959ac1ab9265f375f672d48a33b8fab9ca6cd06ab4e12cdb09
DA:6,1
DA:9,1
DA:11,1
DA:14,1
LF:4
LH:4
end_of_record
TN:
SF:t.2d09961af67cf927a758825ee525cfd79b1075ffa41d934db84fef53337d4059
DA:3,1
DA:4,1
LF:2
LH:2
end_of_record
TN:
SF:t.2e38601bcc6a82f5fb971d789645cf19ef96e286afa615f71df93fe7229e24fb
DA:5,1
DA:8,1
DA:9,1
DA:13,1
DA:14,0
LF:5
LH:4
end_of_record
TN:
SF:t.2e682d86f02f6852f9f292f77830cdc86208a7791b78d5b98ae8fedc4715a5f3
DA:6,1
DA:9,1
DA:11,1
DA:14,1
LF:4
LH:4
end_of_record
TN:
SF:t.2e722636fdeb5957b7f979fae51cce19a7b6318a08f6e051ac0d3c278d7d8af6
DA:6,1
DA:9,1
DA:11,1
DA:14,1
LF:4
LH:4
end_of_record
TN:
SF:t.2e96312402a49aa6fea69f03eb13b1ffac94cb58c2a606a26ded8eb36b855e1f
DA:4,1
LF:1
LH:1
end_of_record
TN:
SF:t.2eb94c0e062da04e32eaecbce8d7413b03f6096ad5b36315788e2beb74d35559
DA:6,1
DA:9,1
DA:11,1
DA:14,1
LF:4
LH:4
end_of_record
TN:
SF:t.2f7c20f02bb95af3f4bb9beb7a1ab69e66c019f7228206e108ef5697cc082c03
DA:6,1
DA:9,1
DA:11,1
DA:14,1
LF:4
LH:4
end_of_record
TN:
SF:t.30750b75fcd403de52f928f28b1fdef3bdc09f8417a4830820c0fa0b55a456a0
DA:5,1
DA:8,1
DA:9,1
DA:13,1
DA:14,0
LF:5
LH:4
end_of_record
TN:
SF:t.30971731e8e07f63b51134bfe17d7e09904f87e89c6779ff7a3e73d64557695c
DA:5,1
DA:8,1
DA:9,1
DA:13,1
DA:14,0
LF:5
LH:4
end_of_record
TN:
SF:t.30d659db93c1ea79cd9cdc65c4369befea66c216270830a3472457958a61b773
DA:6,1
DA:9,1
DA:11,1
DA:14,1
LF:4
LH:4
end_of_record
TN:
SF:t.31374423a27be4a850c69c6807cee8290fdd2718f83d091b55f23a2992aa4e8e
DA:6,1
DA:9,1
DA:11,1
DA:14,1
LF:4
LH:4
end_of_record
TN:
SF:t.316858a494c310abeec5caa0c32809531d5f2d6cabefe77886c64b0c3f1a7e34
DA:6,1
DA:9,1
DA:11,1
DA:14,1
LF:4
LH:4
end_of_record
TN:
SF:t.319a61fc2ee4d3f4cd4c4d69890495257f53488ba5324f5ca1b90174cdb57d33
DA:6,1
DA:9,1
DA:11,1
DA:14,1
LF:4
LH:4
end_of_record
TN:
SF:t.31e78226308b17fb4f8921a2201b1eb1f099c26c0032157b50f81da38045a6cd
DA:6,1
DA:9,1
DA:11,1
DA:14,1
LF:4
LH:4
end_of_record
TN:
SF:t.3225bc9ad527da9166edd67b0a0a1c5b58e4a1ee91abebea2c6883cacaa4f805
DA:6,1
DA:9,1
DA:11,1
DA:14,1
LF:4
LH:4
end_of_record
TN:
SF:t.3288c779e000765cb8d7e21976d3aa354c5480d2f0a762c1d2785dfb5ea5df55
DA:6,1
DA:9,1
DA:11,1
DA:14,1
LF:4
LH:4
end_of_record
TN:
SF:t.32ee633c407cc71fec90ea0e8b998734f1f982e7b382975bfd159ff4f7385303
DA:6,1
DA:9,1
DA:11,1
DA:14,1
LF:4
LH:4
end_of_record
TN:
SF:t.3302e7b98ac58110f4af70efb07fed7c289c3956422969318fd86d71670401ab
DA:5,1
DA:8,1
DA:9,1
DA:13,1
DA:14,0
LF:5
LH:4
end_of_record
TN:
SF:t.33cee570611d5cb2d23c7a3b7310650f173723a37c2ae5ffce061fce2cc97de4
DA:6,1
DA:9,1
DA:11,1
DA:14,1
LF:4
LH:4
end_of_record
TN:
SF:t.33e6d100baec2a5d1c50149b39699284a8809f4a3de1052de2edc85de780c060
DA:3,1
DA:4,1
LF:2
LH:2
end_of_record
TN:
SF:t.343fd022c9e18dcfec264e55bd8f4e3946fa4967341b4f3089a561527590f769
DA:6,1
DA:9,1
DA:11,1
DA:14,1
LF:4
LH:4
end_of_record
TN:
SF:t.3523026ef3dccaca6a04f5ca697e42ca01a7bc8b4cb9fd9472122746e59b5f4c
DA:6,1
DA:9,1
DA:11,1
DA:14,1
LF:4
LH:4
end_of_record
TN:
SF:t.354acdb49a08299d702110a4d6040501e9208e667ca1563cef7482bc87d5651a
DA:5,1
DA:8,1
DA:9,1
DA:13,1
DA:14,0
LF:5
LH:4
end_of_record
TN:
SF:t.35541a4716413f9113b60cc9bca2abc679072ec819912f8837119f682b8c900f
DA:6,1
DA:9,1
DA:11,1
DA:14,1
LF:4
LH:4
end_of_record
TN:
SF:t.3644a3fab2652e891d2706b75b4bda3519641acc799512eee5976c09c6f8529f
DA:6,1
DA:9,1
DA:11,1
DA:14,1
LF:4
LH:4
end_of_record
TN:
SF:t.36b5b34f20c3438156d5e5cfb356a86805bf1ec4760f0f4e18b2c460b77e7ec4
DA:6,1
DA:9,1
DA:11,1
DA:14,1
LF:4
LH:4
end_of_record
TN:
SF:t.376d94e2f6cd988495231b0d311aacada3820206e79d6075da3d25400f8f6282
DA:6,1
DA:9,1
DA:11,1
DA:14,1
LF:4
LH:4
end_of_record
TN:
SF:t.37c7c17305eb32e5a53ad1fd88d8e440d1a28525646bb96f8a542a5de7b13ad0
DA:5,1
DA:8,1
DA:9,1
DA:13,1
DA:14,0
LF:5
LH:4
end_of_record
TN:
SF:t.38a50e3ba3870d4eaca1f2733063884ad288f9c0c6d8bcafa3c09ebf4444e14d
DA:6,1
DA:9,1
DA:11,1
DA:14,1
LF:4
LH:4
end_of_record
TN:
SF:t.39841989f946d282aed5658118b7df945b9e88a86c55c5c4d9d0d5accf349072
DA:6,1
DA:9,1
DA:11,1
DA:14,1
LF:4
LH:4
end_of_record
TN:
SF:t.3b6c0eccd9bbee9dbadda865f16a7680e01b2138c1370561f2a43ce2cfa2abb7
DA:5,1
DA:8,1
DA:9,1
DA:13,1
DA:14,0
LF:5
LH:4
end_of_record
TN:
SF:t.3b747d407389ca23e3edeec1f1f902af79ec18288ea12515837b3d25b822de2a
DA:6,1
DA:9,1
DA:11,1
DA:14,1
LF:4
LH:4
end_of_record
TN:
SF:t.3b7b63f9a91a8918e206e271d6029b7f48448b63e8932d2dc18a949d95078b56
DA:6,1
DA:9,1
DA:11,1
DA:14,1
LF:4
LH:4
end_of_record
TN:
SF:t.3bb028b56da4a0d997ace3fde276253ee1271b8c44dc1977ecdd621144f15b64
DA:6,1
DA:9,1
DA:11,1
DA:14,1
LF:4
LH:4
end_of_record
TN:
SF:t.3bbfc4f2fbd5c721b5518aba7a0fc331157514a71bf8a06b5738b6137d60cc9c
DA:3,8
LF:1
LH:1
end_of_record
TN:
SF:t.3bfe26ecd5ae107d32a5e9d1fd359f68067ee372519d402d2d81b060d53003dc
DA:5,1
DA:8,1
DA:9,1
DA:13,1
DA:14,0
LF:5
LH:4
end_of_record
TN:
SF:t.3c139f866327354ebc1a37c0db893ae08b95fb3529874b4eac44e5526a465e7e
DA:6,1
DA:9,1
DA:11,1
DA:14,1
LF:4
LH:4
end_of_record
TN:
SF:t.3c3e51add0815a20469aa2ee728731b6392ef67676268f26fca6579a0834af53
DA:5,1
DA:8,1
DA:9,1
DA:13,1
DA:14,0
LF:5
LH:4
end_of_record
TN:
SF:t.3c9c5e31f6b407a870542b9327939f067c18c9f48c053ad385a6c75fba331d95
DA:6,1
DA:9,1
DA:11,1
DA:14,1
LF:4
LH:4
end_of_record
TN:
SF:t.3cb180075bac13f8ebd045b6af991df03c6a8a5f20a7355378a1e1c06e25518d
DA:6,1
DA:9,1
DA:11,1
DA:14,1
LF:4
LH:4
end_of_record
TN:
SF:t.3d7472b9d90df6685f044c568635ece583930476c4453353c098d1a1cdcfaca1
DA:6,1
DA:9,1
DA:11,1
DA:14,1
LF:4
LH:4
end_of_record
TN:
SF:t.3d91cca9d6efaa178f095cc37193f7540b2732dea979b2727a4bb0ca4dd18792
DA:6,1
DA:9,1
DA:11,1
DA:14,1
LF:4
LH:4
end_of_record
TN:
SF:t.3dfdc35fada88b288cee84545b023ec63011e6aaf17f26e089b3d5cf79e62510
DA:6,1
DA:9,1
DA:11,1
DA:14,1
LF:4
LH:4
end_of_record
TN:
SF:t.3ecab300358fc674b3adbf2a3ffa9b2402f9a59ceb5d52e8ce4560a2c9868f87
DA:5,1
DA:8,1
DA:9,1
DA:13,1
DA:14,0
LF:5
LH:4
end_of_record
TN:
SF:t.3f83e65494251ac8cd23e85e3848578e1faeaae019e55623426fc513843425cf
DA:6,1
DA:9,1
DA:11,1
DA:14,1
LF:4
LH:4
end_of_record
TN:
SF:t.409577894a8b8aa5cd3ff65ede917f47153f3c6b0b9e422160b05fb5f7b0575d
DA:6,1
DA:9,1
DA:11,1
DA:14,1
LF:4
LH:4
end_of_record
TN:
SF:t.41451592b0571b0250e4ab85d886470afd8c655a8cd97daca960551d72f71594
DA:6,1
DA:9,1
DA:11,1
DA:14,1
LF:4
LH:4
end_of_record
TN:
SF:t.41d8a3f62216a4650a349f97c1c07b4466e9ba87cd1d3fcbe5e7f1cf1d281f70
DA:6,1
DA:9,1
DA:11,1
DA:14,1
LF:4
LH:4
end_of_record
TN:
SF:t.4311fff9cd0c4faf54d0adb5608e44215065dbb85b8e926b910fa03bf1082c48
DA:5,1
DA:8,1
DA:9,1
DA:13,1
DA:14,0
LF:5
LH:4
end_of_record
TN:
SF:t.4387840727828858faf9f22a1e782b9ec9a8d28aa5439ef5080744592645d3a8
DA:5,1
DA:8,1
DA:9,1
DA:13,1
DA:14,0
LF:5
LH:4
end_of_record
TN:
SF:t.43d3ea765874aebbc779829560b33c7ce3f13cc1ff5bd6f8ab4935f7ae771fc3
DA:5,1
DA:8,1
DA:9,1
DA:13,1
DA:14,0
LF:5
LH:4
end_of_record
TN:
SF:t.444cd8d89ae26e7760f0a099a01e58f8f04cbf9af32ddd052c0b399a1fb88c62
DA:5,1
DA:8,1
DA:9,1
DA:13,1
DA:14,0
LF:5
LH:4
end_of_record
TN:
SF:t.4455bf897a71437fe195371c0c9aba56a59525510b041fe386d8bf2096f926f5
DA:5,1
DA:8,1
DA:9,1
DA:13,1
DA:14,0
LF:5
LH:4
end_of_record
TN:
SF:t.44eb66f3a70dc7a80b1d0ff807524057d5594242274880b45ec00bca1870930f
DA:3,1
LF:1
LH:1
end_of_record
TN:
SF:t.4519454ec2b4cd6d0416bfed79c611e31a7e28d26356672a842f5b9870286b27
DA:6,1
DA:9,1
DA:11,1
DA:14,1
LF:4
LH:4
end_of_record
TN:
SF:t.465152e1a79b025780ac6b0824de56e6810a07cb7741016515cf7aad22112110
DA:6,1
DA:9,1
DA:11,1
DA:14,1
LF:4
LH:4
end_of_record
TN:
SF:t.46ab22c8f4206d903971a929990d562c124919dbee56b05850659e7603b6e413
DA:5,1
DA:8,1
DA:9,1
DA:13,1
DA:14,0
LF:5
LH:4
end_of_record
TN:
SF:t.47d3f46d652d6f5e086f0e31ec4117db942259b59d7669c00b623945ad65a9c9
DA:6,1
DA:9,1
DA:11,1
DA:14,1
LF:4
LH:4
end_of_record
TN:
SF:t.483ceeb81c3ff8d864a97d9f140deba03570319e2e6fee2297348b0addeb6508
DA:5,1
DA:8,1
DA:9,1
DA:13,1
DA:14,0
LF:5
LH:4
end_of_record
TN:
SF:t.48ae7443c20ebc41bc0625ebd5383f80f6576444dae3439a791990fe5d3f472f
DA:5,1
DA:8,1
DA:9,1
DA:13,1
DA:14,0
LF:5
LH:4
end_of_record
TN:
SF:t.4a494e9a6779c4c0f62911034e12902b93852f82a265b3b8b758043066c81053
DA:3,8
LF:1
LH:1
end_of_record
TN:
SF:t.4a82f7c5eefc825e6dc92c505ed39f47f3c936d754458de9624b04951cf318c0
DA:5,1
DA:8,1
DA:9,1
DA:13,1
DA:14,0
LF:5
LH:4
end_of_record
TN:
SF:t.4b42b0a9caa9401d61fc963a4acfb4cb3ee8c6f557c5a8f53eb5d5fe7922b8a9
DA:6,1
DA:9,1
DA:11,1
DA:14,1
LF:4
LH:4
end_of_record
TN:
SF:t.4b823e2df6078210891344ccbdba2ef60a13ebcb3e022d41f60214f021b48f6e
DA:5,1
DA:8,1
DA:9,1
DA:13,1
DA:14,0
LF:5
LH:4
end_of_record
TN:
SF:t.4c4c6d9ab225f77e96d1df9fba98f0b67d7b480ff2c5642d28cfb2599972f418
DA:5,1
DA:8,1
DA:9,1
DA:13,1
DA:14,0
LF:5
LH:4
end_of_record
TN:
SF:t.4c8a9f826d113363b5c526124f4804457e4d3ee5d5e650936036c8830af0562e
DA:5,1
DA:8,1
DA:9,1
DA:13,1
DA:14,0
LF:5
LH:4
end_of_record
TN:
SF:t.4d847e4d7525db9fdcec9c4e5e7ac84f2fae3b8cca145885bdf25b8d300e6ee4
DA:5,1
DA:8,1
DA:9,1
DA:13,1
DA:14,0
LF:5
LH:4
end_of_record
TN:
SF:t.4dc02adef6082621d37edef41e292d88c542cb32f0cf2a39cd86ef1eb1a3fc1b
DA:5,1
DA:8,1
DA:9,1
DA:13,1
DA:14,0
LF:5
LH:4
end_of_record
TN:
SF:t.4eb16705a929ce52b3ddfca5175068beca87d0f4790bc189bdd2cc4f455c06ca
DA:6,1
DA:9,1
DA:11,1
DA:14,1
LF:4
LH:4
end_of_record
TN:
SF:t.4efd4e54a790d3b7a81d8c8612f1184ce930369031ca6cf11134f6b2108cdfdb
DA:6,1
DA:9,1
DA:11,1
DA:14,1
LF:4
LH:4
end_of_record
TN:
SF:t.4f050471225f36de24a69c48b21c0e40731b6b093e212290f45383479c187558
DA:6,1
DA:9,1
DA:11,1
DA:14,1
LF:4
LH:4
end_of_record
TN:
SF:t.4f2b149a66dde17c30e680da2eeb63c7f7517bbcb0ea9c408883e7dfc3810a11
DA:5,1
DA:8,1
DA:9,1
DA:13,1
DA:14,0
LF:5
LH:4
end_of_record
TN:
SF:t.4ff1407348404e69aeb904fb2c50df4eb15ccbd088f121877478c5dbfed4fdd1
DA:6,1
DA:9,1
DA:11,1
DA:14,1
LF:4
LH:4
end_of_record
TN:
SF:t.500c807d17a639d3e7ec21dd584c52da9c9449d853f6e5ecfe75697bd66c33d6
DA:5,1
DA:8,1
DA:9,1
DA:13,1
DA:14,0
LF:5
LH:4
end_of_record
TN:
SF:t.500debe85348ad7900163b8f3d104c54b27f1439f1c7a380f48b78ad7ddc8c6f
DA:5,1
DA:8,1
DA:9,1
DA:13,1
DA:14,0
LF:5
LH:4
end_of_record
TN:
SF:t.517730d8831fdbdb37e2f127b73ca325d20f56165ec242930a12576f8763e2c1
DA:6,1
DA:9,1
DA:11,1
DA:14,1
LF:4
LH:4
end_of_record
TN:
SF:t.5193d6177737d2fcf85d648402945f1ce74c8e444548c4bc1b83c68ad7a8356e
DA:6,1
DA:9,1
DA:11,1
DA:14,1
LF:4
LH:4
end_of_record
TN:
SF:t.51cc20374d74a4eaf93e58bb4e7b3b0f3122689fa728be862cd5f187c2ed7c2c
DA:10,8
DA:14,8
DA:20,8
DA:21,8
DA:23,8
DA:25,8
LF:6
LH:6
end_of_record
TN:
SF:t.51da420095ac223b48317963bca736f1c8b8a4cf8f184c3592b75961b06fcf1e
DA:6,1
DA:9,1
DA:11,1
DA:14,1
LF:4
LH:4
end_of_record
TN:
SF:t.5219abe341bce279c35badadd717a1a293257f6949651ef664214d2711ebee34
DA:5,1
DA:8,1
DA:9,1
DA:13,1
DA:14,0
LF:5
LH:4
end_of_record
TN:
SF:t.5230ff2927573c740cb62fb07357075e187c529e0b67dbf2d15e1ef39b95fac0
DA:6,1
DA:9,1
DA:11,1
DA:14,1
LF:4
LH:4
end_of_record
TN:
SF:t.523ef0be86ff7d278cd032fc9a5c80e0329e6f35fd163f6fd47383eda42a3bb4
DA:6,1
DA:9,1
DA:11,1
DA:14,1
LF:4
LH:4
end_of_record
TN:
SF:t.52bd940d4d276965f089f6c7f642ac7d315914666fcfee5a3943c21393aa5891
DA:5,1
DA:8,1
DA:9,1
DA:13,1
DA:14,0
LF:5
LH:4
end_of_record
TN:
SF:t.533a80cb522bf1285e05f347359a649c43a16e3df79e57b22458954b389efc5d
DA:5,1
DA:8,1
DA:9,1
DA:13,1
DA:14,0
LF:5
LH:4
end_of_record
TN:
SF:t.53f67383f7411f9c623026e37565fb34c0b243b370dc105ea111c2c42782dfae
DA:6,1
DA:9,1
DA:11,1
DA:14,1
LF:4
LH:4
end_of_record
TN:
SF:t.544f002ca23fcd2999dcd4440a60a4dcc3b66806b29f1dd209e7558883204fec
DA:5,1
DA:8,1
DA:9,1
DA:13,1
DA:14,0
LF:5
LH:4
end_of_record
TN:
SF:t.54834f235f07dbb3c34420eadc04d1966954dc9ee341ca114aa5fd2025dcacd8
DA:5,1
DA:8,1
DA:9,1
DA:13,1
DA:14,0
LF:5
LH:4
end_of_record
TN:
SF:t.54ab3463ba6af32675b9e5d455ca68a1abf92d169050252fe32e72486729fced
DA:6,1
DA:9,1
DA:11,1
DA:14,1
LF:4
LH:4
end_of_record
TN:
SF:t.54e2c68a0849b957488d54256b277a7afb1001fc7851ade62df11dad07ab5d2f
DA:6,1
DA:9,1
DA:11,1
DA:14,1
LF:4
LH:4
end_of_record
TN:
SF:t.559706957c0dff36b83e43553e33e70c98e826bb4ade04f09ff2108ea912ab49
DA:6,1
DA:9,1
DA:11,1
DA:14,1
LF:4
LH:4
end_of_record
TN:
SF:t.55b50face691bfd49c43da267a455726afde24db7cf645706934455f3a9b4ed8
DA:5,1
DA:8,1
DA:9,1
DA:13,1
DA:14,0
LF:5
LH:4
end_of_record
TN:
SF:t.560cd1d6e11e2efda2723a95c00342a02606ab182667f1d66edf01a2e3fb776d
DA:6,1
DA:9,1
DA:11,1
DA:14,1
LF:4
LH:4
end_of_record
TN:
SF:t.5616bfc46ff11ac1ecdc490790d6c711ce28763376c062f76c3a9b88b77167b6
DA:6,1
DA:9,1
DA:11,1
DA:14,1
LF:4
LH:4
end_of_record
TN:
SF:t.567d73c5396da1a445e8e5e6a936005a83e4381236411079d3659e0a3938a29f
DA:6,1
DA:9,1
DA:11,1
DA:14,1
LF:4
LH:4
end_of_record
TN:
SF:t.571cd08fd260d78596eb0336605b4ce82055c4d3ef8b6a1a20cee95584629d5b
DA:6,1
DA:9,1
DA:11,1
DA:14,1
LF:4
LH:4
end_of_record
TN:
SF:t.577b9c8be12a8d45b773eb8e71dedfe74aa0821ba12a826b4ae6206a23f8f3f8
DA:4,1
LF:1
LH:1
end_of_record
TN:
SF:t.579be50c650e18177e75361a54ff8048af0f7fe30ec93064a2fdffbf39c87614
DA:6,1
DA:9,1
DA:11,1
DA:14,1
LF:4
LH:4
end_of_record
TN:
SF:t.579d471198449f3c6afb945e63b979f7e5a7db83a0f263d0a2866ddb111480c5
DA:6,1
DA:9,1
DA:11,1
DA:14,1
LF:4
LH:4
end_of_record
TN:
SF:t.58122e1f7ce1721ea448b9cd197ba69b869faad7f2c3d628c8b67722cf2fa4fe
DA:6,1
DA:9,1
DA:11,1
DA:14,1
LF:4
LH:4
end_of_record
TN:
SF:t.5905ecf949fbe80e8f1523cebe7ff151ce4bf6c2f1a01d0d75f65e09bf77e058
DA:5,1
DA:8,1
DA:9,1
DA:13,1
DA:14,0
LF:5
LH:4
end_of_record
TN:
SF:t.59bb968fc7156c40b73ad940ab9e19beee82469baadeddedc13d357339f5c54b
DA:5,1
DA:8,1
DA:9,1
DA:13,1
DA:14,0
LF:5
LH:4
end_of_record
TN:
SF:t.59e0de797a3234d2c7856775d024c146e363e58763c93e0b635614930a4cc81a
DA:5,1
DA:8,1
DA:9,1
DA:13,1
DA:14,0
LF:5
LH:4
end_of_record
TN:
SF:t.5a42fa686f296cc428e7c7426625a3c133390cf18f2a9eeafc8dce498783016e
DA:5,1
DA:8,1
DA:9,1
DA:13,1
DA:14,0
LF:5
LH:4
end_of_record
TN:
SF:t.5ac2dd1c309d154db740a9e0eb328470471e00fa57983ed1225549e5f440629d
DA:6,1
DA:9,1
DA:11,1
DA:14,1
LF:4
LH:4
end_of_record
TN:
SF:t.5b2338c0e3dbe5ffff548e45234f6084a2dddbe7ebd9e00fd6922fcabb5fa6ba
DA:6,1
DA:9,1
DA:11,1
DA:14,1
LF:4
LH:4
end_of_record
TN:
SF:t.5ddefe97b5c79033f48004c39d78cf349382e16d3218370343ed90f7b84f11b7
DA:5,1
DA:8,1
DA:9,1
DA:13,1
DA:14,0
LF:5
LH:4
end_of_record
TN:
SF:t.5e45af1dea35be3e72cd79f4ace5e0ab867556d57a04e82333a2b60cc22da74c
DA:6,1
DA:9,1
DA:11,1
DA:14,1
LF:4
LH:4
end_of_record
TN:
SF:t.5e778bbe4f0c1c671686ff6437bde425e2908130d9d5f686b31b7e2d9bb873ae
DA:5,1
DA:8,1
DA:9,1
DA:13,1
DA:14,0
LF:5
LH:4
end_of_record
TN:
SF:t.5e79005b7f08577cdfb1b7de669a20f33d7bca939e06b3323e833c7c9b0dc962
DA:6,1
DA:9,1
DA:11,1
DA:14,1
LF:4
LH:4
end_of_record
TN:
SF:t.5f1a8ea9ed027fa15047899768399cf7e020757d12edab5ca94e593439d96f3c
DA:5,1
DA:8,1
DA:9,1
DA:13,1
DA:14,0
LF:5
LH:4
end_of_record
TN:
SF:t.5f37963fc6131b596b2c25f82d5b75f26e7793f92715144ceb1b993129ce3084
DA:5,1
DA:8,1
DA:9,1
DA:13,1
DA:14,0
LF:5
LH:4
end_of_record
TN:
SF:t.5fe7ad1ff93cb971ebe853aae6d78274901f9269ef58b2b328f1152acc1121f1
DA:6,1
DA:9,1
DA:11,1
DA:14,1
LF:4
LH:4
end_of_record
TN:
SF:t.602c544ae8f11b251de38ed74efc44ad440a6a340e0b4384d2c4e943690df8d3
DA:6,1
DA:9,1
DA:11,1
DA:14,1
LF:4
LH:4
end_of_record
TN:
SF:t.603862c1aaa8f6fbb6d08ae9765c267d81f5eca7fa56a52d93953ecd96a5447d
DA:6,1
DA:9,1
DA:11,1
DA:14,1
LF:4
LH:4
end_of_record
TN:
SF:t.60824450c91380aa83f610c6fa900b4e76e14c9922631beb482eb819365520d0
DA:3,2
DA:4,2
LF:2
LH:2
end_of_record
TN:
SF:t.615c649fbfff4f9ad6c2fd75ff2e7f7d09208a0dba465468c00ae491272f1046
DA:6,1
DA:9,1
DA:11,1
DA:14,1
LF:4
LH:4
end_of_record
TN:
SF:t.618cc8c60b302717af40e192a2dae7d20dbf19c447482ffae54991db39982c78
DA:6,1
DA:9,1
DA:11,1
DA:14,1
LF:4
LH:4
end_of_record
TN:
SF:t.61f9f368aea6fd8e26e9e25fbf3a8f65a40e0dfb278fae49810889a073f2b7cf
DA:6,1
DA:9,1
DA:11,1
DA:14,1
LF:4
LH:4
end_of_record
TN:
SF:t.620351ab35c307540c03cedbf61e9a0656ea7cef722ff79071701bd1add247ce
DA:5,1
DA:8,1
DA:9,1
DA:13,1
DA:14,0
LF:5
LH:4
end_of_record
TN:
SF:t.625c1ab6433d03810a89008ba9134e83baef14bd5d1a614fdeca67cf102b302d
DA:6,1
DA:9,1
DA:11,1
DA:14,1
LF:4
LH:4
end_of_record
TN:
SF:t.64abbe75a748e8266d0a3de30f1253d6ff8e9b0bf2eb6f3edc4337f8e9200f9e
DA:5,1
DA:8,1
DA:9,1
DA:13,1
DA:14,0
LF:5
LH:4
end_of_record
TN:
SF:t.66d3a1e031b8da0b6bb50bf61d30ccba15e674110ba5f68a89bd4f3fe8ad3bfa
DA:5,1
DA:8,1
DA:9,1
DA:13,1
DA:14,0
LF:5
LH:4
end_of_record
TN:
SF:t.66e1d92b6e4c51dad5e6eae4f2e3a968c4dd35bb951745a31f5f454bd968edbd
DA:5,1
DA:8,1
DA:9,1
DA:13,1
DA:14,0
LF:5
LH:4
end_of_record
TN:
SF:t.6712ea50196c217569213c45ef5b7a6a362f8300ceb26861685e723501bf0de1
DA:5,1
DA:8,1
DA:9,1
DA:13,1
DA:14,0
LF:5
LH:4
end_of_record
TN:
SF:t.67c778866639189a1f631f050be87d8edbbb98af825b19ace86e2a339889a38c
DA:5,1
DA:8,1
DA:9,1
DA:13,1
DA:14,0
LF:5
LH:4
end_of_record
TN:
SF:t.69be44f9c341051471c31c5242e7c30660b06fe7d0a125b9f8a91e93f49bd8b7
DA:3,8
LF:1
LH:1
end_of_record
TN:
SF:t.6a2bff7012ce1898248d88d2fa03623da7ac6661b0d472fd4a0b391472e0d812
DA:6,1
DA:9,1
DA:11,1
DA:14,1
LF:4
LH:4
end_of_record
TN:
SF:t.6a56d3ccdc84a5079eba9c59649214b3fd3b1e9a0f732d40d16d6bd20d689cda
DA:6,1
DA:9,1
DA:11,1
DA:14,1
LF:4
LH:4
end_of_record
TN:
SF:t.6a840730fdd3f9c3cfbdaf818eeb647c3f0d5ec656b17597b3dd54b1746ec5f7
DA:6,1
DA:9,1
DA:11,1
DA:14,1
LF:4
LH:4
end_of_record
TN:
SF:t.6a84dd34b647c76682de922b1e79aa93fb12444317055adaec7e200eeafff921
DA:6,1
DA:9,1
DA:11,1
DA:14,1
LF:4
LH:4
end_of_record
TN:
SF:t.6beb050035455a8ba53fbddfce2bc88a0eba24bd2f8f7ff7edf408fa0e36eab9
DA:6,1
DA:9,1
DA:11,1
DA:14,1
LF:4
LH:4
end_of_record
TN:
SF:t.6c2a0b7d68c4207d74910b9a6077e118949c52c31f4cde7a80eecd9391489815
DA:3,1
DA:4,1
LF:2
LH:2
end_of_record
TN:
SF:t.6d7b360a0e30c32dfde3324fad7d2b09c22122d940fe7206df95250107b755e6
DA:6,1
DA:9,1
DA:11,1
DA:14,1
LF:4
LH:4
end_of_record
TN:
SF:t.6dce8399f5bf40e7d4ab615e1440e272efbfff1cf3f8fb0ba7ef31f0a28ce31d
DA:6,1
DA:9,1
DA:11,1
DA:14,1
LF:4
LH:4
end_of_record
TN:
SF:t.6dded9e4c7aea9a6302b524bdd0b15dc77c6c5eb917f79f62860c9737d590b85
DA:4,8
LF:1
LH:1
end_of_record
TN:
SF:t.6ea1f65f2805f1e8f3967b1af9f22005097122c7985665843d4dc316558c24be
DA:6,1
DA:9,1
DA:11,1
DA:14,1
LF:4
LH:4
end_of_record
TN:
SF:t.6ee0211156ddacbdcfc0cc055264186b15b95cf1602bae3b913c040dd026181b
DA:5,1
DA:8,1
DA:9,1
DA:13,1
DA:14,0
LF:5
LH:4
end_of_record
TN:
SF:t.6f4c32a9ec7e11097c2ca04cfc07b1eaca2080ce5d113807b0869d4d2757a87c
DA:5,1
DA:8,1
DA:9,1
DA:13,1
DA:14,0
LF:5
LH:4
end_of_record
TN:
SF:t.6f6f7c1a9869ae8e4bcde55e1482b0c560dbcf7ec40718bb541e0ec3999f653e
DA:5,1
DA:8,1
DA:9,1
DA:13,1
DA:14,0
LF:5
LH:4
end_of_record
TN:
SF:t.6f7e9d1cfb9e5e8aa37a5959d2dc5324268579460e0809cea89c26744c47581c
DA:6,1
DA:9,1
DA:11,1
DA:14,1
LF:4
LH:4
end_of_record
TN:
SF:t.702b17f0f44542d66ef8ac7726dfbd26c4bd41d691b36e418c70a35c49691746
DA:5,1
DA:8,1
DA:9,1
DA:13,1
DA:14,0
LF:5
LH:4
end_of_record
TN:
SF:t.7085b0709155263403f3f6b98999e67e5023b171e852fbab7d3894af607e2c30
DA:6,1
DA:9,1
DA:11,1
DA:14,1
LF:4
LH:4
end_of_record
TN:
SF:t.72480a3805b2e0688eae1b5d04aa12473f065c362464fdf2bb401497480087cf
DA:6,1
DA:9,1
DA:11,1
DA:14,1
LF:4
LH:4
end_of_record
TN:
SF:t.73520163334bfc31b81dd630c165ba7939424e7fb073f6dfd5e1ba7c02856bec
DA:3,1
DA:4,1
LF:2
LH:2
end_of_record
TN:
SF:t.738de065610bd9194fc5f73b47443f373418d375e9aaaa0ef9051b9d66ec5b9e
DA:6,1
DA:9,1
DA:11,1
DA:14,1
LF:4
LH:4
end_of_record
TN:
SF:t.73dac3e0d68e6f0f101d389d57549965c8952a65851440c5a1afb598a931f10d
DA:6,1
DA:9,1
DA:11,1
DA:14,1
LF:4
LH:4
end_of_record
TN:
SF:t.741d0620ac7640bb4b41d18b2b19e6db85f79bef9c4399530f00de9515ebed87
DA:6,1
DA:9,1
DA:11,1
DA:14,1
LF:4
LH:4
end_of_record
TN:
SF:t.74c5468d5552d8ebb51ac62a01fad42c1effd8ef01a1352a3edb328610735494
DA:6,1
DA:9,1
DA:11,1
DA:14,1
LF:4
LH:4
end_of_record
TN:
SF:t.74c8edb12ab00fd6fec7fc353f30d9cf46c4859706d138add5f8d33f81fbf0a8
DA:6,1
DA:9,1
DA:11,1
DA:14,1
LF:4
LH:4
end_of_record
TN:
SF:t.74d68bacbc97137652effcbacb4f1f4840e264b1b3f5878ebe44045611cb73b3
DA:5,1
DA:8,1
DA:9,1
DA:13,1
DA:14,0
LF:5
LH:4
end_of_record
TN:
SF:t.74d8070ab19a8962e1008d8a97c41db68e516e3f7def0ad72d419420168d2993
DA:6,1
DA:9,1
DA:11,1
DA:14,1
LF:4
LH:4
end_of_record
TN:
SF:t.75aa70b2efaa7a46def23f7cc8fb5e4b4d1ffc838ea2813c7df9ccb57bf7689b
DA:6,1
DA:9,1
DA:11,1
DA:14,1
LF:4
LH:4
end_of_record
TN:
SF:t.75b8a7768634b73f66a4a18050435359ca7d125df43d55394b27e240fedce776
DA:6,1
DA:9,1
DA:11,1
DA:14,1
LF:4
LH:4
end_of_record
TN:
SF:t.763d9e5437106c4cc5e4b07ea92a449a32b9b5f0e3d933be978efa009e16b554
DA:6,1
DA:9,1
DA:11,1
DA:14,1
LF:4
LH:4
end_of_record
TN:
SF:t.7642f9914158d9233421e282dc1bcaf5180e1ef50e4cef133e64a4b8061b2b7b
DA:6,1
DA:9,1
DA:11,1
DA:14,1
LF:4
LH:4
end_of_record
TN:
SF:t.7645a89614fdd89b41b3ce623bb30b45df0371fe09d669a2b1b8ee7e8d6c405a
DA:5,1
DA:8,1
DA:9,1
DA:13,1
DA:14,0
LF:5
LH:4
end_of_record
TN:
SF:t.7783f91529441761dadd86ae7ac6408087a5a87336c3379a46bfbdfb92edd713
DA:6,1
DA:9,1
DA:11,1
DA:14,1
LF:4
LH:4
end_of_record
TN:
SF:t.78f9fa4880b375cb91e5caf0b9ef835abf90495dca4e9a4c9ae96048aa20e0c3
DA:6,1
DA:9,1
DA:11,1
DA:14,1
LF:4
LH:4
end_of_record
TN:
SF:t.7921ed5c98313b347c2f20857f65fbce72e15870f4a8c8e09034f58d45d13a0e
DA:6,1
DA:9,1
DA:11,1
DA:14,1
LF:4
LH:4
end_of_record
TN:
SF:t.7964ad230616f044e6c971410db26810b9209d5913ae4ff820be326ff35255c9
DA:6,1
DA:9,1
DA:11,1
DA:14,1
LF:4
LH:4
end_of_record
TN:
SF:t.79e404ed3ce5ae9bad3aa79ebd5e95b23992d65d77381cde4bfbefba68c7835e
DA:6,1
DA:9,1
DA:11,1
DA:14,1
LF:4
LH:4
end_of_record
TN:
SF:t.7a54f3eb38d9d007d84252e68ac0ce211eb2de0e19ace37dbb2f76a53207127e
DA:6,1
DA:9,1
DA:11,1
DA:14,1
LF:4
LH:4
end_of_record
TN:
SF:t.7a71ae6772da81433438230b57fd5fb3b735f387ddb56337d834479799484f3d
DA:6,1
DA:9,1
DA:11,1
DA:14,1
LF:4
LH:4
end_of_record
TN:
SF:t.7aa6f0b0fa96235361948af40636a9a7d075e21dc02e42a275a49085ed1bb344
DA:6,1
DA:9,1
DA:11,1
DA:14,1
LF:4
LH:4
end_of_record
TN:
SF:t.7b5b6b0541db6aa51bd18fe0bc24385aa0490d8a5f61923677c3cee42a55805f
DA:6,1
DA:9,1
DA:11,1
DA:14,1
LF:4
LH:4
end_of_record
TN:
SF:t.7bba3904fa4a57ac1814a3fa7a40d0b0ecb8761d6b4869483f99dbe9a6c2117b
DA:6,1
DA:9,1
DA:11,1
DA:14,1
LF:4
LH:4
end_of_record
TN:
SF:t.7c98f668419ac5fa4822c9c344347eb2a8713abdfdd4351bf3a1ef5ddfff5f48
DA:5,1
DA:8,1
DA:9,1
DA:13,1
DA:14,0
LF:5
LH:4
end_of_record
TN:
SF:t.7d1a85412a8933fe3e27726ba9a645f1601cae31bbe437025005356589e85b5b
DA:5,1
DA:8,1
DA:9,1
DA:13,1
DA:14,0
LF:5
LH:4
end_of_record
TN:
SF:t.7db863f3f3ae492382da5a2cc1698a38b260ac536fa77fd37585d2c235e5a469
DA:7,8
DA:10,8
DA:13,8
DA:14,8
DA:15,8
DA:16,8
LF:6
LH:6
end_of_record
TN:
SF:t.7e7e5b8247b89fe8533e16ec17ccd4b2507c6a939aad11d6ca28c6205f8be5b5
DA:6,1
DA:9,1
DA:11,1
DA:14,1
LF:4
LH:4
end_of_record
TN:
SF:t.800dc80c75f8a1f395bfac6e1045f17c6737fd391b73886070ff41c0b389929a
DA:6,1
DA:9,1
DA:11,1
DA:14,1
LF:4
LH:4
end_of_record
TN:
SF:t.8091b2f1d85338bb33e2dc50e4f53c8da431af5a2e0e671421dd35f5b85b1f4b
DA:6,1
DA:9,1
DA:11,1
DA:14,1
LF:4
LH:4
end_of_record
TN:
SF:t.8092583528398e64b8588f7492eb06cb93b8b687b0c24ba2e22603f2f58779ff
DA:6,1
DA:9,1
DA:11,1
DA:14,1
LF:4
LH:4
end_of_record
TN:
SF:t.823484de1f9ddc8f13493522ce9b18865e7bceec1579740f4e2166fa717bee9c
DA:6,1
DA:9,1
DA:11,1
DA:14,1
LF:4
LH:4
end_of_record
TN:
SF:t.82be59ad952a4992e4b2507848cacc3aa077d43607e39b11ad07d3ff62ba4796
DA:5,1
DA:8,1
DA:9,1
DA:13,1
DA:14,0
LF:5
LH:4
end_of_record
TN:
SF:t.8314509e3ed8bae06972cb739114dbdbfd6870f5c717d3082bcc4e6d75b66062
DA:5,1
DA:8,1
DA:9,1
DA:13,1
DA:14,0
LF:5
LH:4
end_of_record
TN:
SF:t.835c7e87dcc73a890e0166c186f2455e7d7defcceb9f71079f93f8c61f1a84a0
DA:6,1
DA:9,1
DA:11,1
DA:14,1
LF:4
LH:4
end_of_record
TN:
SF:t.83cd5e1bec1a710d6c41ddbd1e848c0be9dacb9c203cc0a950793e3a6ea43f84
DA:6,1
DA:9,1
DA:11,1
DA:14,1
LF:4
LH:4
end_of_record
TN:
SF:t.840085c42c20a5e6da1fb56ff1387ec9b5bb9ae08ff2341a0580104e9359b040
DA:6,1
DA:9,1
DA:11,1
DA:14,1
LF:4
LH:4
end_of_record
TN:
SF:t.841df5a8eacdc6f93bee09559622e8549cf0fe029e0203eddc40319ee52d4567
DA:5,1
DA:8,1
DA:9,1
DA:13,1
DA:14,0
LF:5
LH:4
end_of_record
TN:
SF:t.847f2b762e1da536d950cc6c0d44cf8359afc03417b0ee365d9cd03534079a8c
DA:6,1
DA:9,1
DA:11,1
DA:14,1
LF:4
LH:4
end_of_record
TN:
SF:t.856b0539500869f5183b1291caf270a1350ed062eb0e82f5345040ea2fe07c94
DA:17,8
DA:20,8
DA:24,8
DA:25,32
DA:27,32
DA:28,32
DA:29,24
DA:32,32
DA:35,32
LF:9
LH:9
end_of_record
TN:
SF:t.859f2fbecafa3a00012d5c2da28160644b0a70961a83fb2ed94b99b1140da88d
DA:6,1
DA:9,1
DA:11,1
DA:14,1
LF:4
LH:4
end_of_record
TN:
SF:t.85a28079285d2faf99b3069121d8603bc158a9b48a453afa225d98ca3cb8917e
DA:5,1
DA:8,1
DA:9,1
DA:13,1
DA:14,0
LF:5
LH:4
end_of_record
TN:
SF:t.85e5eda203520ea875bfaa5fb05ecfe9c92693a987ae2f473dc387094e2c9a0e
DA:6,1
DA:9,1
DA:11,1
DA:14,1
LF:4
LH:4
end_of_record
TN:
SF:t.86809ce0f0958e53e722762dbc8de94a02b5c98d7265c382f1acdffd50afd7af
DA:6,1
DA:9,1
DA:11,1
DA:14,1
LF:4
LH:4
end_of_record
TN:
SF:t.86cdf62d8f8644bed892bd156b42173bff317075512fc60eb606a488b3259bf9
DA:6,1
DA:9,1
DA:11,1
DA:14,1
LF:4
LH:4
end_of_record
TN:
SF:t.86ce27b9e35fb8b5abd25e5c3d6c569eb32b67753b65ad8cef4d5002ed54063d
DA:6,1
DA:9,1
DA:11,1
DA:14,1
LF:4
LH:4
end_of_record
TN:
SF:t.87c2e7acf601711b5f74b7bf0fd6d8283b48bbb44a7ee6376220940a78ba713b
DA:6,1
DA:9,1
DA:11,1
DA:14,1
LF:4
LH:4
end_of_record
TN:
SF:t.87e108aad537e04e4a8d785901bc1906b8cf3aea95b6ad2a465cc890ec429678
DA:3,8
DA:4,8
LF:2
LH:2
end_of_record
TN:
SF:t.885bc8fdca76c51c4ab7b574be6ae3976353e0521931b7c58840b24c6cf9876e
DA:5,1
DA:8,1
DA:9,1
DA:13,1
DA:14,0
LF:5
LH:4
end_of_record
TN:
SF:t.8966ee63dd3672f0627a3e46f9e7af2e71a50b086da35efc138d9916dadf6405
DA:6,1
DA:9,1
DA:11,1
DA:14,1
LF:4
LH:4
end_of_record
TN:
SF:t.89f5d19fcdcd6f0923936699e0f9834198322c17eef93f7e9d88f36533f09d0e
DA:3,8
LF:1
LH:1
end_of_record
TN:
SF:t.8a1f732899c15ad8a8ba5610259562f1d770c28bb81f772b4a569ca6c6c98e6d
DA:6,1
DA:9,1
DA:11,1
DA:14,1
LF:4
LH:4
end_of_record
TN:
SF:t.8ac65cfc4a2c091edd923f58ca7a8d1442d897b714e223ca462b382a947072e2
DA:5,1
DA:8,1
DA:9,1
DA:13,1
DA:14,0
LF:5
LH:4
end_of_record
TN:
SF:t.8b4a01f997f72df3fca5826b5733684d3380410a2747bf2e3161893f7431c9ed
DA:3,1
LF:1
LH:1
end_of_record
TN:
SF:t.8ba458bd54575699c81a15df9b74f4ad998b9d9004f957fa23e6028af237c6df
DA:3,8
DA:4,8
LF:2
LH:2
end_of_record
TN:
SF:t.8d3efd8a6b72ed5888c2a7c3b6a2a31794e78e43bdfb5a89d5f38f25167d344e
DA:6,1
DA:9,1
DA:11,1
DA:14,1
LF:4
LH:4
end_of_record
TN:
SF:t.8d845dbc8d35b91c2e043c45c6f0293b6afec38979ac8a453170c2071bef925c
DA:6,1
DA:9,1
DA:11,1
DA:14,1
LF:4
LH:4
end_of_record
TN:
SF:t.8e05b91ad0aaeffd26b13a393a582583da1b264acbde2e9286e2816eafabee6a
DA:6,1
DA:9,1
DA:11,1
DA:14,1
LF:4
LH:4
end_of_record
TN:
SF:t.8e0798b5f3f428482df6957e6a402749e3a9a4f250e0a21d332cd500298fbca8
DA:5,1
DA:8,1
DA:9,1
DA:13,1
DA:14,0
LF:5
LH:4
end_of_record
TN:
SF:t.900b5ba4c5ee83b4eb8e6e18d6e0d4c432e9102504412c402973583bc1d9e0e0
DA:3,1
DA:4,1
LF:2
LH:2
end_of_record
TN:
SF:t.904fc26c8e565a8cf743488d9d796423c528c69314d9878df397bae7259fd8b4
DA:5,1
DA:8,1
DA:9,1
DA:13,1
DA:14,0
LF:5
LH:4
end_of_record
TN:
SF:t.90c1ca24d48f8c59695a5f1cebe9222cb377e94bcf97ea67be839a6f47e64731
DA:6,1
DA:9,1
DA:11,1
DA:14,1
LF:4
LH:4
end_of_record
TN:
SF:t.90fc3586675ca4411b2ac2095064e189643552223251dbcb703a4afc98d2ae0f
DA:6,1
DA:9,1
DA:11,1
DA:14,1
LF:4
LH:4
end_of_record
TN:
SF:t.91161e9a6a2174a6b38ee9b06ea25a6ea6ead24bf20f19d296e45fe951bc9c46
DA:6,1
DA:9,1
DA:11,1
DA:14,1
LF:4
LH:4
end_of_record
TN:
SF:t.91c021718bc18ad7c6ff57dde928021849535c6c298756824f8808300d05b68d
DA:4,8
DA:5,8
LF:2
LH:2
end_of_record
TN:
SF:t.91d22b49dbc87a8211873b728ff1a85c28f9072cc9bef76d7b8f0cf4e6065fcd
DA:6,1
DA:9,1
DA:11,1
DA:14,1
LF:4
LH:4
end_of_record
TN:
SF:t.93212448fcc2ea34bd4cbdf15fd99dc86f482b3e5193ad2fc384dfc74e732eda
DA:5,1
DA:8,1
DA:9,1
DA:13,1
DA:14,0
LF:5
LH:4
end_of_record
TN:
SF:t.932b146163180bc983ddb34104ffaef2bb869dd509eb46991e58e7bb069620d9
DA:5,1
DA:8,1
DA:9,1
DA:13,1
DA:14,0
LF:5
LH:4
end_of_record
TN:
SF:t.93402a86ec92272b25114af9355834cdc26b9fe90e931ca5a839b87ca3045810
DA:6,1
DA:9,1
DA:11,1
DA:14,1
LF:4
LH:4
end_of_record
TN:
SF:t.93823fa1fa485aea005f22eba552bfa5a157d182f357736c4d5ac0f639afdee7
DA:5,1
DA:8,1
DA:9,1
DA:13,1
DA:14,0
LF:5
LH:4
end_of_record
TN:
SF:t.953b8feb99fc275f4020413c108f436e2e085b3242f4cc4cc3bc04d099616756
DA:6,1
DA:9,1
DA:11,1
DA:14,1
LF:4
LH:4
end_of_record
TN:
SF:t.9547a9b3fb2f66448d35c56ae9f89be616a8f23cb5b896ad93af84f9d7aa0e32
DA:5,1
DA:8,1
DA:9,1
DA:13,1
DA:14,0
LF:5
LH:4
end_of_record
TN:
SF:t.95c6a654504ce0b49410981087d0671e6632745e3fa64febb9eef75f45188877
DA:5,1
DA:8,1
DA:9,1
DA:13,1
DA:14,0
LF:5
LH:4
end_of_record
TN:
SF:t.95c90e6463a6d6f71ff93eed1ed2dfd620147a337e0456e5947dad26a190f64a
DA:6,1
DA:9,1
DA:11,1
DA:14,1
LF:4
LH:4
end_of_record
TN:
SF:t.95fb6a95b89e0c8062447037d958a3bdaf931d4180366cb4280a5013560f14e6
DA:6,1
DA:9,1
DA:11,1
DA:14,1
LF:4
LH:4
end_of_record
TN:
SF:t.9615ef8b9a9ef4791a2d6d1731176897538d52c4a0a9ba88cd2739740f53b8e0
DA:5,1
DA:8,1
DA:9,1
DA:13,1
DA:14,0
LF:5
LH:4
end_of_record
TN:
SF:t.9622c40e49b037f7ec9d702fa9101bc56997d6757bd9080e7749ec3eafc93e04
DA:6,1
DA:9,1
DA:11,1
DA:14,1
LF:4
LH:4
end_of_record
TN:
SF:t.9626fc8460ebd88a75a5f6384134697d054a920fded29077f8460cfcc24b9284
DA:6,1
DA:9,1
DA:11,1
DA:14,1
LF:4
LH:4
end_of_record
TN:
SF:t.9731d3b2aada21c6a88c36112d4bbc7810d3d536137fb91b06f97d333c8cc955
DA:6,1
DA:9,1
DA:11,1
DA:14,1
LF:4
LH:4
end_of_record
TN:
SF:t.9777b2b84809b2bd7e57f480091430cdbfffdce60e4f7244ccdd2dc0d7e16689
DA:5,1
DA:8,1
DA:9,1
DA:13,1
DA:14,0
LF:5
LH:4
end_of_record
TN:
SF:t.978d4b2f5ca2dcf961b7c62e9177641bf81859af057cea2f3b7c96ea5f274975
DA:6,1
DA:9,1
DA:11,1
DA:14,1
LF:4
LH:4
end_of_record
TN:
SF:t.98259fca5fc1460f3671438732d3bce355da18fe7fdea05ba71751d643185c7c
DA:6,1
DA:9,1
DA:11,1
DA:14,1
LF:4
LH:4
end_of_record
TN:
SF:t.985802a5d32ae4a56cf0049d06e94d575565ea78ac87466d12dc6fbeed840af7
DA:6,1
DA:9,1
DA:11,1
DA:14,1
LF:4
LH:4
end_of_record
TN:
SF:t.98a0a94bb6cbcacfeb4e8c4c9c50df0b306c8c9e196dfff53651537ae0d44a78
DA:5,1
DA:8,1
DA:9,1
DA:13,1
DA:14,0
LF:5
LH:4
end_of_record
TN:
SF:t.991cfd771f6d3f288c944b9a63b18f12b5ee4505da25f8eb1e5378399d3a7b6e
DA:5,1
DA:8,1
DA:9,1
DA:13,1
DA:14,0
LF:5
LH:4
end_of_record
TN:
SF:t.99cdd28f3ed40c425464eefe72d4c9c41f553057b159caadf748904f1deec992
DA:6,1
DA:9,1
DA:11,1
DA:14,1
LF:4
LH:4
end_of_record
TN:
SF:t.9ae5a48931d619d6821b574aba23f1d39710d8a227e3a4aeca23004a39d13280
DA:6,1
DA:9,1
DA:11,1
DA:14,1
LF:4
LH:4
end_of_record
TN:
SF:t.9bae92cdfe1360217297f6cc0d5dbebcc14d58d778d93c032b9513957ba4785f
DA:6,1
DA:9,1
DA:11,1
DA:14,1
LF:4
LH:4
end_of_record
TN:
SF:t.9c22d557045bcecec4f83def64a0ef8630b26c6fb70f143a44e8aac43d9ff630
DA:6,1
DA:9,1
DA:11,1
DA:14,1
LF:4
LH:4
end_of_record
TN:
SF:t.9c4e7d9d73a1fecd90d655215a91b6427c7132fa4c956056040a99025a4678db
DA:6,1
DA:9,1
DA:11,1
DA:14,1
LF:4
LH:4
end_of_record
TN:
SF:t.9c560a3c961e9ccbb738492d8a655b6dcce78f880054de3e4d1d0c278a63bca1
DA:5,1
DA:8,1
DA:9,1
DA:13,1
DA:14,0
LF:5
LH:4
end_of_record
TN:
SF:t.9cddcb96780d203b810295aa33a925fe30d085a26e2cd7c8fecfa6e256124af2
DA:5,1
DA:8,1
DA:9,1
DA:13,1
DA:14,0
LF:5
LH:4
end_of_record
TN:
SF:t.9d2ef2825e2e5b703b325809ab0fff6411f6a0e3afdcf51d0cdc8ce4f2ed3bcc
DA:5,1
DA:8,1
DA:9,1
DA:13,1
DA:14,0
LF:5
LH:4
end_of_record
TN:
SF:t.9d48c529bc5ce489ebb5807e775d758e752d7d8c8070743033839dc446a8b448
DA:6,1
DA:9,1
DA:11,1
DA:14,1
LF:4
LH:4
end_of_record
TN:
SF:t.9d7ec207f9dc3f3b085bc2e6f9d9e264c7a69e993b5420feae2a41c3a9019afc
DA:5,1
DA:8,1
DA:9,1
DA:13,1
DA:14,0
LF:5
LH:4
end_of_record
TN:
SF:t.9daf33481af221ebcc6f7ee8941f19fcc533b99c48fa2f73a047fe4c19def8be
DA:14,8
DA:18,8
DA:20,8
DA:22,8
DA:23,8
DA:26,8
DA:30,8
LF:7
LH:7
end_of_record
TN:
SF:t.9e9d4b3d016737eba03433d3c5c0f7863bc98b794795973822756629140abc99
DA:6,1
DA:9,1
DA:11,1
DA:14,1
LF:4
LH:4
end_of_record
TN:
SF:t.9ec4c4a9839b65ca77238f98febb51d5dbd9ca0099c283e626843fb6d3f48b28
DA:5,1
DA:8,1
DA:9,1
DA:13,1
DA:14,0
LF:5
LH:4
end_of_record
TN:
SF:t.9ee8bcd134b07600064bb2d17bb67f7f89adf831cf628b9a457dda09faec9555
DA:5,1
DA:8,1
DA:9,1
DA:13,1
DA:14,0
LF:5
LH:4
end_of_record
TN:
SF:t.9f4987949c89d05ae758b003713cb9d2ae3a5a08a2f12f27a848b5b1fbab77a3
DA:6,1
DA:9,1
DA:11,1
DA:14,1
LF:4
LH:4
end_of_record
TN:
SF:t.a0aa629a8f5c887e74178eb1d62cba05bf16ded78d6057f5fc31a7908b68d25c
DA:6,1
DA:9,1
DA:11,1
DA:14,1
LF:4
LH:4
end_of_record
TN:
SF:t.a0d48b3ebf8f1c5f9996de9bd031ae7cefb3d63ba57d85bc0c2e663b7beb8fa6
DA:5,1
DA:8,1
DA:9,1
DA:13,1
DA:14,0
LF:5
LH:4
end_of_record
TN:
SF:t.a1181058d167b713f1786ea9b9b43c836e6d3c2ba5a66fc795882a33f0dcad93
DA:6,1
DA:9,1
DA:11,1
DA:14,1
LF:4
LH:4
end_of_record
TN:
SF:t.a172e5d3f10551a0646ef53352799343fc32bc0bf141d5b9a354dc209ad817e3
DA:6,1
DA:9,1
DA:11,1
DA:14,1
LF:4
LH:4
end_of_record
TN:
SF:t.a179301be85adaee387881f59156ff125a9e123be92d8f604c56df43ba5c43c0
DA:6,1
DA:9,1
DA:11,1
DA:14,1
LF:4
LH:4
end_of_record
TN:
SF:t.a1a9c1c1b5cdd1ea268ab8f03efd617d8bdbd8a614a0a76f52e08e3d3f616a3f
DA:6,1
DA:9,1
DA:11,1
DA:14,1
LF:4
LH:4
end_of_record
TN:
SF:t.a1d47531ac1d60bfa90ed22c0261bcafadc8b1f73be6fca591523da986b354cb
DA:5,1
DA:8,1
DA:9,1
DA:13,1
DA:14,0
LF:5
LH:4
end_of_record
TN:
SF:t.a217d402900c8c4fbafa8df4d5c43b9d7a96c2507e5e713c3b02b78a8264b9d4
DA:6,1
DA:9,1
DA:11,1
DA:14,1
LF:4
LH:4
end_of_record
TN:
SF:t.a269f3174b59d58f164934f95271215dd809ac1338f6ff6ee6068859b8cc4a6d
DA:6,1
DA:9,1
DA:11,1
DA:14,1
LF:4
LH:4
end_of_record
TN:
SF:t.a3161c133763ac70ef99076d3726187fd792ea4d1203743549cfbcd92a973141
DA:6,1
DA:9,1
DA:11,1
DA:14,1
LF:4
LH:4
end_of_record
TN:
SF:t.a33ce36a8e8dc7aa74f62b9da19eb2bba20f84142a5e69fcbc579100cd3b06f8
DA:6,1
DA:9,1
DA:11,1
DA:14,1
LF:4
LH:4
end_of_record
TN:
SF:t.a37011d461bb6d0f6f795a3c2cec9ff965cf48712dc2cbabb2341830de567c1c
DA:6,1
DA:9,1
DA:11,1
DA:14,1
LF:4
LH:4
end_of_record
TN:
SF:t.a4130b09437742e95fffbdb50b63fff5ec1c9d6b062871b270cdcf99f4d765e8
DA:6,1
DA:9,1
DA:11,1
DA:14,1
LF:4
LH:4
end_of_record
TN:
SF:t.a4e8ee8443e94f58e1e37780159a573ba2cb4b31fe0974b5f11073a3de850c2b
DA:6,1
DA:9,1
DA:11,1
DA:14,1
LF:4
LH:4
end_of_record
TN:
SF:t.a4ed6bbea5dfed68e44663602a1369eaf9718f1b1825efce3e8c0dc068fd32d3
DA:6,1
DA:9,1
DA:11,1
DA:14,1
LF:4
LH:4
end_of_record
TN:
SF:t.a514e818ef4169d63a7df69d77d1d0b2d0a91210b9022e3bf1ed317b4987d229
DA:6,1
DA:9,1
DA:11,1
DA:14,1
LF:4
LH:4
end_of_record
TN:
SF:t.a5bf4df62a4197e1402c2cdc81645fef90e2ded37762ae5c5afc7f88e7aa19c8
DA:6,1
DA:9,1
DA:11,1
DA:14,1
LF:4
LH:4
end_of_record
TN:
SF:t.a5c98b1a7809b997f6317ea24ddebe2860ab391ceb15f0e11ffe852b7c569174
DA:6,1
DA:9,1
DA:11,1
DA:14,1
LF:4
LH:4
end_of_record
TN:
SF:t.a5edb87ed7fdcf502facaa8da1e1db081ce8f8a7f4fdca9d78cb79bb503c6884
DA:6,1
DA:9,1
DA:11,1
DA:14,1
LF:4
LH:4
end_of_record
TN:
SF:t.a64768cbe406a834632a97b2018636dadb1f6fa1e5d62d179d82cc26c31555d8
DA:6,1
DA:9,1
DA:11,1
DA:14,1
LF:4
LH:4
end_of_record
TN:
SF:t.a68c8c716fc74150da96ef6888c87b228255186a1b3a93e2196b45d1c29420c0
DA:6,1
DA:9,1
DA:11,1
DA:14,1
LF:4
LH:4
end_of_record
TN:
SF:t.a6f5c44bfa4777f45c33605055f0e78c623c1b40d7853d7a74ec2908fcfafda4
DA:6,1
DA:9,1
DA:11,1
DA:14,1
LF:4
LH:4
end_of_record
TN:
SF:t.a951cf3ba168966ce3b010643d8fb952dc7c6cd88c4d488400a9a9e8b1685383
DA:6,1
DA:9,1
DA:11,1
DA:14,1
LF:4
LH:4
end_of_record
TN:
SF:t.a9a599d06cc17ee36195375688ffae66354a5ae68fab30756616c169615c688c
DA:3,8
DA:4,8
LF:2
LH:2
end_of_record
TN:
SF:t.a9e5e77f605030f125a4754d642a4cdacf056dae8d19a5af3fc4412dbdaa37bc
DA:6,1
DA:9,1
DA:11,1
DA:14,1
LF:4
LH:4
end_of_record
TN:
SF:t.ab0a2aa863fc4cdbf939c4bd83e25586e37a0112b564015ff49f4d6d9b46b3d0
DA:5,1
DA:8,1
DA:9,1
DA:13,1
DA:14,0
LF:5
LH:4
end_of_record
TN:
SF:t.ab685131e51baefc8a5b1d6fd4c46206d37b6ff7d85dc7bfab8a3250939c625f
DA:6,1
DA:9,1
DA:11,1
DA:14,1
LF:4
LH:4
end_of_record
TN:
SF:t.ab6d8e8bc615aaf612c4f9e65f194912cb00d750204a0d36aa8e47311cdd73f8
DA:6,1
DA:9,1
DA:11,1
DA:14,1
LF:4
LH:4
end_of_record
TN:
SF:t.abcbbaae08fac5437d102798d436b79944730e37071c36baa73ffe4b234a40b0
DA:6,1
DA:9,1
DA:11,1
DA:14,1
LF:4
LH:4
end_of_record
TN:
SF:t.abf2e112ac3d261f363cdca4f425ac5fb16b56f706d703e31210d678860cceb3
DA:6,1
DA:9,1
DA:11,1
DA:14,1
LF:4
LH:4
end_of_record
TN:
SF:t.ac03a1baf478b033fd9f18a2266bd2c052f5997435d4f083fc17d7cde8d84c4d
DA:6,1
DA:9,1
DA:11,1
DA:14,1
LF:4
LH:4
end_of_record
TN:
SF:t.ac104d23e7d48147207851191ebf7e4ad93cf807da51166833200da99929dbe7
DA:6,1
DA:9,1
DA:11,1
DA:14,1
LF:4
LH:4
end_of_record
TN:
SF:t.ad5b762297aab97a71b0cc51bfdc447ddc1107e0cbb2d95b5a067b46781b6389
DA:5,1
DA:8,1
DA:9,1
DA:13,1
DA:14,0
LF:5
LH:4
end_of_record
TN:
SF:t.ad66ff7474171fc20c9112bc46c806f6425427131c1f671fed3e25e9530a76c0
DA:6,1
DA:9,1
DA:11,1
DA:14,1
LF:4
LH:4
end_of_record
TN:
SF:t.ae569564ae35adb5626d569b72bd7bb0f7e725373d221d139b4902f67c01659a
DA:3,4
DA:4,4
LF:2
LH:2
end_of_record
TN:
SF:t.afc9eab5eda80b1c5a06665147df9c6effedae4603ff36f95f1073db5633c83b
DA:6,1
DA:9,1
DA:11,1
DA:14,1
LF:4
LH:4
end_of_record
TN:
SF:t.afe5af2622d306d860eb269d48fb6f60a0372b4d389896ed6e35b1a2314acb05
DA:5,1
DA:8,1
DA:9,1
DA:13,1
DA:14,0
LF:5
LH:4
end_of_record
TN:
SF:t.b07ae622ac2a0d23196b1d92493160b48dd8c518829b5e64c60a9619bafef4cd
DA:6,1
DA:9,1
DA:11,1
DA:14,1
LF:4
LH:4
end_of_record
TN:
SF:t.b08f10c2800fa58f081ada92b982f6c6e2b9b6abef60b7b1b907629d3121fe8b
DA:3,8
LF:1
LH:1
end_of_record
TN:
SF:t.b09d4231c980f16c1d85d40e995b0942fc38f1f3f0ea20fd167bf00680a496db
DA:6,1
DA:9,1
DA:11,1
DA:14,1
LF:4
LH:4
end_of_record
TN:
SF:t.b0b79a1b4fb91ba4846cb48a5555898265674875762a2b1b31d7778087045b25
DA:3,1
LF:1
LH:1
end_of_record
TN:
SF:t.b0f670784a212df949e03a5394709e7a04e244c721d4f6a4970ea37d58f58db9
DA:3,1
LF:1
LH:1
end_of_record
TN:
SF:t.b1c3e98871575e05b6bfa13e5851d979a4a607d0d3698a9c86b6a6e74ea49589
DA:6,1
DA:9,1
DA:11,1
DA:14,1
LF:4
LH:4
end_of_record
TN:
SF:t.b1c7402a47e4790d6760cbcd01591c68059e1fdb3af73a243fa86fde6e4f38b9
DA:3,8
LF:1
LH:1
end_of_record
TN:
SF:t.b1f559966f85bda1febe7198dff45b8c721183d290078c3e3536d27e2f1ad9a6
DA:5,1
DA:8,1
DA:9,1
DA:13,1
DA:14,0
LF:5
LH:4
end_of_record
TN:
SF:t.b27be1e98bc8cff2fd4a5859dc73e4ac407a6147848d0fce7271f3b4e36e3536
DA:3,8
LF:1
LH:1
end_of_record
TN:
SF:t.b2a7b7853280cb80df1649f93100208e33b68c3ef41aedde3d733496e6ef47f8
DA:5,1
DA:8,1
DA:9,1
DA:13,1
DA:14,0
LF:5
LH:4
end_of_record
TN:
SF:t.b2b852dcf60659bf034f3d4ab6e71dba9cc0ca32ba599018cb1013bf0fae68bc
DA:5,1
DA:8,1
DA:9,1
DA:13,1
DA:14,0
LF:5
LH:4
end_of_record
TN:
SF:t.b34d4f9dbfe799b57e9d16d68f16cad8ae1f9e5ddbf1c9c6507534fb2f46e6d0
DA:5,1
DA:8,1
DA:9,1
DA:13,1
DA:14,0
LF:5
LH:4
end_of_record
TN:
SF:t.b391ad57af54c36e11b49c623f135dacdaa4ff3f6f0cfcc1340196e0592fb5f3
DA:4,1
LF:1
LH:1
end_of_record
TN:
SF:t.b46e9cedfbe126d6ef4e6bf24a4aadf41bda5642637bfd357339b232bb688fc5
DA:4,1
LF:1
LH:1
end_of_record
TN:
SF:t.b47ec6b831ce9dde4bf1e731aac63eb9e57632f85a3ac3fda742c5240d3e6551
DA:6,1
DA:9,1
DA:11,1
DA:14,1
LF:4
LH:4
end_of_record
TN:
SF:t.b4a6b106e6f670ab4abde82456bcaa2bb70ec2721d7ee1c81ab7a296c269d6c4
DA:5,1
DA:8,1
DA:9,1
DA:13,1
DA:14,0
LF:5
LH:4
end_of_record
TN:
SF:t.b4ec5afba56bb9955a58e3a41dd58e0ab6e5534b418ad6e5c1f759c220b44af5
DA:6,1
DA:9,1
DA:11,1
DA:14,1
LF:4
LH:4
end_of_record
TN:
SF:t.b6b9d3270d3a1941efbcdb61bc027b78415d2fc313394506dd1e3b10f52b696a
DA:6,1
DA:9,1
DA:11,1
DA:14,1
LF:4
LH:4
end_of_record
TN:
SF:t.b6bc691d4cfe5c3e77a5fa384445e759812e9c9d0ed4becf99d155c5bcfc6c1b
DA:6,1
DA:9,1
DA:11,1
DA:14,1
LF:4
LH:4
end_of_record
TN:
SF:t.b7961d8d6aba0afca9f76fa6c3245ff73f86034c630d00cac24f9a38a46ff50c
DA:3,1
DA:4,1
LF:2
LH:2
end_of_record
TN:
SF:t.b7d29addab5ed8d08be5c493e8c9445ae039d31f3843bc3d08d71c43269c39f8
DA:6,1
DA:9,1
DA:11,1
DA:14,1
LF:4
LH:4
end_of_record
TN:
SF:t.b87ace9ea3ae180d9076565b99d4b2f9ce7695052e7a352382647be097acc470
DA:3,1
DA:4,1
LF:2
LH:2
end_of_record
TN:
SF:t.b890a16e50a25d1b490056bb0c54548036047a0b9f6a31d9ad8d866beff07317
DA:3,1
DA:4,1
LF:2
LH:2
end_of_record
TN:
SF:t.ba0b91f56071a489335302e9ce3912caff1a1c60c5558e844cebfd95d0b06bda
DA:6,1
DA:9,1
DA:11,1
DA:14,1
LF:4
LH:4
end_of_record
TN:
SF:t.ba1c28593d538ab965c98f934de9a6a2a1500775afff4bc7a65cabd9919d086e
DA:6,1
DA:9,1
DA:11,1
DA:14,1
LF:4
LH:4
end_of_record
TN:
SF:t.ba6302dcff6a4a935c2185cc94cdfcb6dc8641d81b19cdeb89d41fc02498adc1
DA:5,1
DA:8,1
DA:9,1
DA:13,1
DA:14,0
LF:5
LH:4
end_of_record
TN:
SF:t.ba8210d73a9ae16aa4cbb2323055b76af6b970138245aea043ba0ede1dc1a2a5
DA:6,1
DA:9,1
DA:11,1
DA:14,1
LF:4
LH:4
end_of_record
TN:
SF:t.ba8c1e2813f781db0b7ca1f6fc37caa4cc0a8c8e58e991b5f93dc4a0a55cbc7a
DA:6,1
DA:9,1
DA:11,1
DA:14,1
LF:4
LH:4
end_of_record
TN:
SF:t.bac69900943f587e0919b60a59bc372d5ae8ee45f0d2fc04173f21a9af4cff8e
DA:3,8
LF:1
LH:1
end_of_record
TN:
SF:t.bb1b1af7bf3cf5d04251fea4cf93f53d0c9854dbfbe15f1c4dd607336059b4be
DA:5,1
DA:8,1
DA:9,1
DA:13,1
DA:14,0
LF:5
LH:4
end_of_record
TN:
SF:t.bb6f381a04bb182dc70eb89caca1b7fac73c71082b2fa5348e20e12d0d935b7b
DA:5,1
DA:8,1
DA:9,1
DA:13,1
DA:14,0
LF:5
LH:4
end_of_record
TN:
SF:t.bbc8bd0810098dc2a55e2073b3c09169f363b5a2a369b378c43edd15f3721f0e
DA:6,1
DA:9,1
DA:11,1
DA:14,1
LF:4
LH:4
end_of_record
TN:
SF:t.bc67024782c440ed771c0495f32c6dde8e4ae3adb28582a27bb61538d1e71e94
DA:17,8
DA:18,8
DA:19,8
DA:20,0
DA:21,0
DA:24,8
LF:6
LH:4
end_of_record
TN:
SF:t.bc8584cbf1f843abe348f3fd63a7b9e1595f8ec3afbb2aaf105b7b65743156dd
DA:5,1
DA:8,1
DA:9,1
DA:13,1
DA:14,0
LF:5
LH:4
end_of_record
TN:
SF:t.bc9cc1f1e140e2344d793a93749f3f98745464eb6024bc34bf15f2fff3fe7aa4
DA:5,1
DA:8,1
DA:9,1
DA:13,1
DA:14,0
LF:5
LH:4
end_of_record
TN:
SF:t.bd295c8a43659b958fdb19ca34ea575b553b6caa608bc245fb79b054838afd78
DA:6,1
DA:9,1
DA:11,1
DA:14,1
LF:4
LH:4
end_of_record
TN:
SF:t.bdb1b7fc21b6d516b0729725808ca71ce9d5ed29d6a9f415b1a01961e129d0e6
DA:5,1
DA:8,1
DA:9,1
DA:13,1
DA:14,0
LF:5
LH:4
end_of_record
TN:
SF:t.be441cdb829f497627ac367b5ca3daedea0cce28e7b322a9710963573f524c17
DA:6,1
DA:9,1
DA:11,1
DA:14,1
LF:4
LH:4
end_of_record
TN:
SF:t.bf0a1aca1ed915c759f7fd30fc6a78199b5af3fe01f5f8aefa7db2f9dd659211
DA:6,1
DA:9,1
DA:11,1
DA:14,1
LF:4
LH:4
end_of_record
TN:
SF:t.bfb26e6fd83272f3968506b591e417e85b55537b08953059ff71eca267831070
DA:6,1
DA:9,1
DA:11,1
DA:14,1
LF:4
LH:4
end_of_record
TN:
SF:t.bfca2cbef182a08857bdfe0844190d615fcc1145ea22992b6b888da2d3b59a3c
DA:6,1
DA:9,1
DA:11,1
DA:14,1
LF:4
LH:4
end_of_record
TN:
SF:t.c082a8a6e00c6eb6d446df0c560255ada029129e01daf6d5bfb2bbf890698434
DA:6,8
DA:9,8
DA:11,8
DA:14,8
LF:4
LH:4
end_of_record
TN:
SF:t.c13e2c997d1ceb755c04657f5fc6b8cbb40507e2f1bfa1b271aa44b7e21884d2
DA:5,1
DA:8,1
DA:9,1
DA:13,1
DA:14,0
LF:5
LH:4
end_of_record
TN:
SF:t.c21f8a38a44c861f12df3e2d1d81da9c1aab8881ea353c1a7bac9bfd8d06131e
DA:3,8
LF:1
LH:1
end_of_record
TN:
SF:t.c28453ecd92815623063b3e249c4ab1845b22c82077fb3ecfb36388850eaed60
DA:5,1
DA:8,1
DA:9,1
DA:13,1
DA:14,0
LF:5
LH:4
end_of_record
TN:
SF:t.c295d39dbb671bb9121e4e191b2adff8554c758722f16d1c66f51ae9b02ad959
DA:6,1
DA:9,1
DA:11,1
DA:14,1
LF:4
LH:4
end_of_record
TN:
SF:t.c2be5ced7b0ec4da7256f527cda139f1c434fe336f31e6788a73bedf4a559058
DA:5,1
DA:8,1
DA:9,1
DA:13,1
DA:14,0
LF:5
LH:4
end_of_record
TN:
SF:t.c39a56f14abeb58c90bf35e666462141d381d4aec490ff2f5484b02ab52dce91
DA:6,1
DA:9,1
DA:11,1
DA:14,1
LF:4
LH:4
end_of_record
TN:
SF:t.c48386cd6c1e9c94b62c6f75100fa32f5db582f904e0b80180b07108edc37950
DA:5,1
DA:8,1
DA:9,1
DA:13,1
DA:14,0
LF:5
LH:4
end_of_record
TN:
SF:t.c4a0ddb87585bd97e543e4017f0c4966c9263e06972e7b862b4488826766b5e3
DA:6,1
DA:9,1
DA:11,1
DA:14,1
LF:4
LH:4
end_of_record
TN:
SF:t.c679c5117bb949e930ed322d0f969ad67679f7953d97976cc6f759035c9d6e5a
DA:6,1
DA:9,1
DA:11,1
DA:14,1
LF:4
LH:4
end_of_record
TN:
SF:t.c76cea6d824f1057d01182793c13881e325c81dd389f489258b266c95a448d63
DA:6,1
DA:9,1
DA:11,1
DA:14,1
LF:4
LH:4
end_of_record
TN:
SF:t.c77f42fe38f5a4e4f06a32c2f20a473a3c837a955e50d82cf0ffb7fef18e14e7
DA:6,1
DA:9,1
DA:11,1
DA:14,1
LF:4
LH:4
end_of_record
TN:
SF:t.c7ddb4143d1aebaedca301ccc102505036a51db0fbb052bef735002e9929b33a
DA:6,1
DA:9,1
DA:11,1
DA:14,1
LF:4
LH:4
end_of_record
TN:
SF:t.c7e8a5724a3c2f318d84aeeb27aa427de3a0c60abdd53d049206f247508e79bb
DA:5,1
DA:8,1
DA:9,1
DA:13,1
DA:14,0
LF:5
LH:4
end_of_record
TN:
SF:t.c807363299895489a8ecdbbac74bacd6235f5f09aaafe9284cfcb893a2c80da0
DA:6,1
DA:9,1
DA:11,1
DA:14,1
LF:4
LH:4
end_of_record
TN:
SF:t.c949ac3b6b3b1a90ed39ea1cd9f97288b649ffa178f9c2a5d9d91feb2e42be75
DA:3,8
LF:1
LH:1
end_of_record
TN:
SF:t.ca08c5ea458a436683a45716b485ec2554c68ce31900f0f2d826c5c742560b96
DA:6,1
DA:9,1
DA:11,1
DA:14,1
LF:4
LH:4
end_of_record
TN:
SF:t.cae8b311d27491b66e7a97dd3a5d073591a18be811a90a2c977942e4b0cd6e85
DA:3,8
LF:1
LH:1
end_of_record
TN:
SF:t.cb12ed57b437075dfdd73d0d3f73928b92618869c5c2ebabfdad8b1ac5ea9286
DA:3,8
LF:1
LH:1
end_of_record
TN:
SF:t.cb74937434e0a53e7c122f857a730d5bd7f993783254950a94577e1a6cc6f759
DA:5,1
DA:8,1
DA:9,1
DA:13,1
DA:14,0
LF:5
LH:4
end_of_record
TN:
SF:t.cb8fba41ee1e135710ba0810e2f38e43850d03e900fbf7f9855c53b2a30b8101
DA:6,1
DA:9,1
DA:11,1
DA:14,1
LF:4
LH:4
end_of_record
TN:
SF:t.cc088231753149c42fe8149ad412163e5822932f45fd47a06e27bde3a87fcf2d
DA:6,1
DA:9,1
DA:11,1
DA:14,1
LF:4
LH:4
end_of_record
TN:
SF:t.cc1798d9443dd4371861c9427716f3a9b3db466578e11b502683d35c04dc1960
DA:5,1
DA:8,1
DA:9,1
DA:13,1
DA:14,0
LF:5
LH:4
end_of_record
TN:
SF:t.cc8c4f6d31e169369623d0d774aedfcb9caee10ba19487e8ee27d85376e8c31a
DA:6,1
DA:9,1
DA:11,1
DA:14,1
LF:4
LH:4
end_of_record
TN:
SF:t.ccb5f46d97438b5de0401530f0cfa641620dba91a0127182124d07dc65dc137e
DA:4,1
LF:1
LH:1
end_of_record
TN:
SF:t.ccf632bb73029539dc10ddb4abf0d07c31fb91166b3520871104626a9f523447
DA:6,1
DA:9,1
DA:11,1
DA:14,1
LF:4
LH:4
end_of_record
TN:
SF:t.ccf67783fe265bcac6606e79f386292aa592a69d035960085f466d110cdc03c5
DA:6,1
DA:9,1
DA:11,1
DA:14,1
LF:4
LH:4
end_of_record
TN:
SF:t.cd4c4ca61d6967eed360da3c9bf0fd577053aa1a663b9e579d3587f995163ad2
DA:6,1
DA:9,1
DA:11,1
DA:14,1
LF:4
LH:4
end_of_record
TN:
SF:t.cd5c1e3f98f61770dddd282aa3b5f8988e6f3a3b5773236a04a8548b7130a309
DA:3,8
LF:1
LH:1
end_of_record
TN:
SF:t.cd880e34a2d678da95c165f3c49eda437a000dde1bc7a2344306d72dd8aae9b7
DA:6,1
DA:9,1
DA:11,1
DA:14,1
LF:4
LH:4
end_of_record
TN:
SF:t.cdab6d4ff67a3e72b94766301b0a8e720bdaf7a5baa162fdbdc4f6856c948688
DA:6,1
DA:9,1
DA:11,1
DA:14,1
LF:4
LH:4
end_of_record
TN:
SF:t.ce43cbd5548cef8dd47e5d5c5c1281d1b64f64810d43bd6b8bd3c549326d4bb6
DA:5,1
DA:8,1
DA:9,1
DA:13,1
DA:14,0
LF:5
LH:4
end_of_record
TN:
SF:t.ce9a77daadbcc946ac7f47b6bd6eac2ecb8b2c43478ed0f8c97d6bcc1a2da1a7
DA:3,1
DA:4,1
LF:2
LH:2
end_of_record
TN:
SF:t.cec85ad4f185880fe56ad2ad46093f0534e00fcbd712df85fc08e34b1d556e06
DA:6,1
DA:9,1
DA:11,1
DA:14,1
LF:4
LH:4
end_of_record
TN:
SF:t.cf5a4b0760bf39da9ec7d106f4c48208e9004ea289d1a5de03458666689d5907
DA:6,1
DA:9,1
DA:11,1
DA:14,1
LF:4
LH:4
end_of_record
TN:
SF:t.cfdacd5e1a89198aa0147f938bbe132b95eb9c76eff87dedeaf30f1ce50d7989
DA:5,1
DA:8,1
DA:9,1
DA:13,1
DA:14,0
LF:5
LH:4
end_of_record
TN:
SF:t.cfdf226eaea6d3cc4f1a5715ff1a0771f80ee08b92bd34ba8e3b0065f9de1fc8
DA:6,1
DA:9,1
DA:11,1
DA:14,1
LF:4
LH:4
end_of_record
TN:
SF:t.d131124ced1686dcc260a738bfbcd64fb79ebfce9f3733988f0407ae66628faa
DA:6,1
DA:9,1
DA:11,1
DA:14,1
LF:4
LH:4
end_of_record
TN:
SF:t.d159d4f2b891d80d7c4b19200410336e4d4c4502f5d6b331edf85a762efd6449
DA:5,1
DA:8,1
DA:9,1
DA:13,1
DA:14,0
LF:5
LH:4
end_of_record
TN:
SF:t.d19d19d20d8b44e0932df359a4f3748a256c96049264d3d5db8bb39159cc79e3
DA:6,1
DA:9,1
DA:11,1
DA:14,1
LF:4
LH:4
end_of_record
TN:
SF:t.d1d05d3ad2cf2ccf8c0587343f1aa4e41e66a8ad0cb355a3b4b965d5cb0d8ef7
DA:6,1
DA:9,1
DA:11,1
DA:14,1
LF:4
LH:4
end_of_record
TN:
SF:t.d3359a448b45db60e2eaaeaa7705d4b6cbda14c324dfa2c5ed765f133aa6296e
DA:5,1
DA:8,1
DA:9,1
DA:13,1
DA:14,0
LF:5
LH:4
end_of_record
TN:
SF:t.d360ed6a13771f4037934b3b8c8e8a5c980bd0b30eba3e0e8f763e41b2fae881
DA:6,1
DA:9,1
DA:11,1
DA:14,1
LF:4
LH:4
end_of_record
TN:
SF:t.d47a8dad5215b8a82c783892ff5d4ca294a2f99d6a2829386e9d804a62277875
DA:5,1
DA:8,1
DA:9,1
DA:13,1
DA:14,0
LF:5
LH:4
end_of_record
TN:
SF:t.d48f01a0446456d6078c1eca92ac74904d6cf6965c364f148cfbef085aed4e25
DA:6,1
DA:9,1
DA:11,1
DA:14,1
LF:4
LH:4
end_of_record
TN:
SF:t.d566ecb5b8fc8b589cb6a54b9a80ac6edc48d87aa22b899c414baa0a236546f5
DA:6,1
DA:9,1
DA:11,1
DA:14,1
LF:4
LH:4
end_of_record
TN:
SF:t.d57b49e37ff0ba8ed1a90bd240b4156f8bcc260c7ab65b78d25a7bb823d6f5df
DA:5,1
DA:8,1
DA:9,1
DA:13,1
DA:14,0
LF:5
LH:4
end_of_record
TN:
SF:t.d59fbeb494480b5fd6d1223692745b4c34c3c6d20f7160832fa9ad5db2283a46
DA:5,1
DA:8,1
DA:9,1
DA:13,1
DA:14,0
LF:5
LH:4
end_of_record
TN:
SF:t.d61f6b03b882ab60560db80550951d96cf34e3884e6c4ded83661776ca700ab5
DA:6,1
DA:9,1
DA:11,1
DA:14,1
LF:4
LH:4
end_of_record
TN:
SF:t.d6500567422c6c91ff712530a2bf0fb9b5a6d217c89319e9f81287e00a48d93a
DA:5,1
DA:8,1
DA:9,1
DA:13,1
DA:14,0
LF:5
LH:4
end_of_record
TN:
SF:t.d76d17ddb2276976e8fd1759508f6cdf9d3f7255e23ff3eebfa56633f2e143a7
DA:6,1
DA:9,1
DA:11,1
DA:14,1
LF:4
LH:4
end_of_record
TN:
SF:t.d83b63d1b5db3b5ad9ad56f6a60f7aefa99904ee2d4c8558ad3fab71bc31092f
DA:6,1
DA:9,1
DA:11,1
DA:14,1
LF:4
LH:4
end_of_record
TN:
SF:t.d896a101bbad3b370942c50fdcea3ca0aea467799380595a66929c29416d0d8d
DA:5,1
DA:8,1
DA:9,1
DA:13,1
DA:14,0
LF:5
LH:4
end_of_record
TN:
SF:t.d8d73a525f4636f5260be5178e9f5b0717e852d1076cceb1d99832084e9c74ee
DA:6,1
DA:9,1
DA:11,1
DA:14,1
LF:4
LH:4
end_of_record
TN:
SF:t.d8d9edde35ef6f3e0e34de25a00e5e8a05a9ffdc72fc10cd069255cae8ae6d93
DA:6,1
DA:9,1
DA:11,1
DA:14,1
LF:4
LH:4
end_of_record
TN:
SF:t.d91977af672b0de64ee41828e6f282c2c3c62cc104d880918889fbacb4144229
DA:3,8
LF:1
LH:1
end_of_record
TN:
SF:t.d956613e562915d9d977aec39c2b468ef3e32bae04db5f6e4d6ba6b88c5f3add
DA:6,1
DA:9,1
DA:11,1
DA:14,1
LF:4
LH:4
end_of_record
TN:
SF:t.d96bc9721199b94c16e0c29f07a4b87c94dfa76f428b2339ac17d32e00388507
DA:6,1
DA:9,1
DA:11,1
DA:14,1
LF:4
LH:4
end_of_record
TN:
SF:t.d97abcf3097cffde74dec02ffa69024266961a81c1fe79b7fe2c0500b672d0fb
DA:6,1
DA:9,1
DA:11,1
DA:14,1
LF:4
LH:4
end_of_record
TN:
SF:t.da788eccb860f1144bbcda6a15c155a93ef57054d1ab97ba1b4c1cd2d21d9fab
DA:6,1
DA:9,1
DA:11,1
DA:14,1
LF:4
LH:4
end_of_record
TN:
SF:t.da83046a44760a8fb70b3ead96097ed984dd6dd8a604b3e2c8bef762fdc15a92
DA:5,1
DA:8,1
DA:9,1
DA:13,1
DA:14,0
LF:5
LH:4
end_of_record
TN:
SF:t.daa8c31ba1b73f476dd3d21e00d91c0664f9640dc6dd54a1b0ebb7d9f9039a59
DA:6,1
DA:9,1
DA:11,1
DA:14,1
LF:4
LH:4
end_of_record
TN:
SF:t.daf7892e1f3befc1c5cd9d648508e8de4da9173c7ffd95d954b4d8f1b1d49d5b
DA:6,1
DA:9,1
DA:11,1
DA:14,1
LF:4
LH:4
end_of_record
TN:
SF:t.db2a76414c8903c68a47fd6ffcf62211aed027adad395d8a82afe32bd3734b54
DA:5,1
DA:8,1
DA:9,1
DA:13,1
DA:14,0
LF:5
LH:4
end_of_record
TN:
SF:t.dbd56a8dcfde1fdb7576878ac8a736820ed0e4af87ef5645c95a1c5201959ae9
DA:5,1
DA:8,1
DA:9,1
DA:13,1
DA:14,0
LF:5
LH:4
end_of_record
TN:
SF:t.dc522bdebd4e8d80a9e334c92fa172e060001cdaab2eafe6259460311917bbea
DA:5,1
DA:8,1
DA:9,1
DA:13,1
DA:14,0
LF:5
LH:4
end_of_record
TN:
SF:t.dda8c4cf7967fb7c599d471419128ba6c7df5c36d88c29389f74a1abf1a15778
DA:6,1
DA:9,1
DA:11,1
DA:14,1
LF:4
LH:4
end_of_record
TN:
SF:t.dee1e3b374a676a7420ae3f8289e99a33f9bee349fc149c47be2ed40dbb10c4a
DA:5,1
DA:8,1
DA:9,1
DA:13,1
DA:14,0
LF:5
LH:4
end_of_record
TN:
SF:t.dfa9c68c200c08ea035486c37f1f7e379ecdd0368cfc0a29fe8c75914fe0ea45
DA:6,1
DA:9,1
DA:11,1
DA:14,1
LF:4
LH:4
end_of_record
TN:
SF:t.dfbf823372807a64c7565d87d94289b8cdc0e16efebe34a710e03b34bcddd780
DA:5,1
DA:8,1
DA:9,1
DA:13,1
DA:14,0
LF:5
LH:4
end_of_record
TN:
SF:t.dfd5bff74311c8ac9b8c1f6917e41a1b354baf8d7ccf407287861e32a5e64e1e
DA:6,1
DA:9,1
DA:11,1
DA:14,1
LF:4
LH:4
end_of_record
TN:
SF:t.e193768c96cd4d33aabbaa1e5de2ac09d874936773d280ba0b91b47b425adb16
DA:5,1
DA:8,1
DA:9,1
DA:13,1
DA:14,0
LF:5
LH:4
end_of_record
TN:
SF:t.e21c2ac436f7f1bafcc834eb4c577087852afb03463a915e5c0ef90abd586bd2
DA:6,1
DA:9,1
DA:11,1
DA:14,1
LF:4
LH:4
end_of_record
TN:
SF:t.e25370ab20ad0be782098b9a8c1668a64618437e3a8701569329059283bb38bd
DA:3,8
LF:1
LH:1
end_of_record
TN:
SF:t.e26ea36418b92acc398dc0fcbc187f812cd61fcc5bf9f87864750f471db681be
DA:6,1
DA:9,1
DA:11,1
DA:14,1
LF:4
LH:4
end_of_record
TN:
SF:t.e281b94313ce669eb04e1ac836d8890c227342cc485ace8f00e3f136f13ce690
DA:5,1
DA:8,1
DA:9,1
DA:13,1
DA:14,0
LF:5
LH:4
end_of_record
TN:
SF:t.e2b5bb01512b52914a4e6d4b77be77161dd6c6a8fd8aac402a46082f7e06267e
DA:6,1
DA:9,1
DA:11,1
DA:14,1
LF:4
LH:4
end_of_record
TN:
SF:t.e4d4baf7b01f397f9c644c4c8039dd6e72490844febb80d47978cf4d88b493f1
DA:5,1
DA:8,1
DA:9,1
DA:13,1
DA:14,0
LF:5
LH:4
end_of_record
TN:
SF:t.e4d72cdf38f14b2f587c77e06f0e530a788c97fbcff4407a3fa9b170ba9d5b0e
DA:6,1
DA:9,1
DA:11,1
DA:14,1
LF:4
LH:4
end_of_record
TN:
SF:t.e4dbaa22512f1579a653042025a7122b62d2649fb3ef46cff3a57f535d8821d9
DA:6,1
DA:9,1
DA:11,1
DA:14,1
LF:4
LH:4
end_of_record
TN:
SF:t.e4f9d0ef1429921c079a4680897575e0a5636d889490085b9888aca5949c5df5
DA:5,1
DA:8,1
DA:9,1
DA:13,1
DA:14,0
LF:5
LH:4
end_of_record
TN:
SF:t.e5db9086b5991cb93784e55f441d969a35bdf85b075ee552a8ddd182d72287d3
DA:6,1
DA:9,1
DA:11,1
DA:14,1
LF:4
LH:4
end_of_record
TN:
SF:t.e601c4c8e1d73081fc4b7b4161f22ea5891f38455bbe5644f31456b32070c2ea
DA:6,1
DA:9,1
DA:11,1
DA:14,1
LF:4
LH:4
end_of_record
TN:
SF:t.e69f2c1b044150c70c568e53ae97d58fbb596e36ade8ffa5e4e5e4cac1f7584f
DA:6,1
DA:9,1
DA:11,1
DA:14,1
LF:4
LH:4
end_of_record
TN:
SF:t.e6f5d97ab9fb15f538b94c69e36bdd1c60678f724267af9cdad027acf6ca7350
DA:6,1
DA:9,1
DA:11,1
DA:14,1
LF:4
LH:4
end_of_record
TN:
SF:t.e73b7e477a054e36bc85b16c31683d20fb76a00680d52e3417e70ca92005356a
DA:6,1
DA:9,1
DA:11,1
DA:14,1
LF:4
LH:4
end_of_record
TN:
SF:t.e75142e1381b1d818a4575972056f6a0dc3f1d53cc0cb09fe541e9f63693b455
DA:6,1
DA:9,1
DA:11,1
DA:14,1
LF:4
LH:4
end_of_record
TN:
SF:t.e85505a381c2bc9f645f5f36e9a12320979017a349c7239a6c3479068b1032ea
DA:6,1
DA:9,1
DA:11,1
DA:14,1
LF:4
LH:4
end_of_record
TN:
SF:t.e88dac396df53282ba0a54e440ff2bec1cef1152a265214360401e115351d390
DA:6,1
DA:9,1
DA:11,1
DA:14,1
LF:4
LH:4
end_of_record
TN:
SF:t.e89e00d9786b4f9184ad3017c1aa995ec9e89aa19cc943ecd76462cdd650c28e
DA:6,1
DA:9,1
DA:11,1
DA:14,1
LF:4
LH:4
end_of_record
TN:
SF:t.e916733fa6198818c8199640cdabb1cf3a3f92e97dcf15d71ee446a3ffb63f6c
DA:5,1
DA:8,1
DA:9,1
DA:13,1
DA:14,0
LF:5
LH:4
end_of_record
TN:
SF:t.e9c7a805cd8cf0d6914ecbd724b768c76184add2dbb4d65918d5d901ff0c052d
DA:6,1
DA:9,1
DA:11,1
DA:14,1
LF:4
LH:4
end_of_record
TN:
SF:t.eb6758f3d932c272c3b2996677ff485f0d8271740582c757c325284e3a0913c1
DA:5,1
DA:8,1
DA:9,1
DA:13,1
DA:14,0
LF:5
LH:4
end_of_record
TN:
SF:t.ebf8acc479daffb9747fe4128c508ab4267ae67ee3c1ffd26310836f06d8e7f7
DA:5,1
DA:8,1
DA:9,1
DA:13,1
DA:14,0
LF:5
LH:4
end_of_record
TN:
SF:t.ec85d85fc0c0732378eb66e1b6026005dd717c979acb82259c75c5934083bc9a
DA:6,1
DA:9,1
DA:11,1
DA:14,1
LF:4
LH:4
end_of_record
TN:
SF:t.ece1c19a3e3fe1f64e3bf74cd697ee5af57df2536f4b8929f686482f5dd5db3d
DA:6,1
DA:9,1
DA:11,1
DA:14,1
LF:4
LH:4
end_of_record
TN:
SF:t.ed173c09fec7a3ad778e8a06135d8b67d76348908c674288d0a06c62f5d9564e
DA:6,1
DA:9,1
DA:11,1
DA:14,1
LF:4
LH:4
end_of_record
TN:
SF:t.ee88824b7e0d6d3061d9d42b18be2078d80249c4c7ce20667874b87e7ee44401
DA:5,1
DA:8,1
DA:9,1
DA:13,1
DA:14,0
LF:5
LH:4
end_of_record
TN:
SF:t.eebf0697caf5b081625b36422e9235f74d510de73cb190dbcdd6c46df5ff19c4
DA:5,1
DA:8,1
DA:9,1
DA:13,1
DA:14,0
LF:5
LH:4
end_of_record
TN:
SF:t.eef78019825a6fc96f7afc56b1bce9ced9d1acfdf88e3277de70d360a2a65d96
DA:6,1
DA:9,1
DA:11,1
DA:14,1
LF:4
LH:4
end_of_record
TN:
SF:t.ef308df5cf56d885dcb0b01d17d1f6ffedea509c820d4a06ae97320f59746832
DA:5,1
DA:8,1
DA:9,1
DA:13,1
DA:14,0
LF:5
LH:4
end_of_record
TN:
SF:t.ef452ac4a4f27af0eb886f28fe325085bcf89429a6b74e0028b232da8548f8d4
DA:6,8
DA:9,8
LF:2
LH:2
end_of_record
TN:
SF:t.ef5a68d13211e0b4815579a4a55ee1bdc85144117c607a8cbf5931ddc55e6cab
DA:5,1
DA:8,1
DA:9,1
DA:13,1
DA:14,0
LF:5
LH:4
end_of_record
TN:
SF:t.ef74b7b7385d96e3269e7c4ec304e642f1d8080639d551807225611d9211e0c0
DA:6,1
DA:9,1
DA:11,1
DA:14,1
LF:4
LH:4
end_of_record
TN:
SF:t.efbadc8f0338d216d3bfbcf18d9e1170913c6e07793a7768b7229f19c73b45b1
DA:6,1
DA:9,1
DA:11,1
DA:14,1
LF:4
LH:4
end_of_record
TN:
SF:t.efddf372121c667fa0c34396691f12a9304698e25f23dcb145b9020a16dafd0c
DA:6,1
DA:9,1
DA:11,1
DA:14,1
LF:4
LH:4
end_of_record
TN:
SF:t.f03951d252be09dae561451abfe85e5f11c0c9386b5065c9c5dbeb74bd57ea7b
DA:5,1
DA:8,1
DA:9,1
DA:13,1
DA:14,0
LF:5
LH:4
end_of_record
TN:
SF:t.f0af150ddf22ff750fee34b634134967a52eff3a05ba3865c9567cdc380e4236
DA:5,1
DA:8,1
DA:9,1
DA:13,1
DA:14,0
LF:5
LH:4
end_of_record
TN:
SF:t.f1187f8ae439e716e3a8c65b10d519778cefe629300eddbd4c71a35342480f7f
DA:6,1
DA:9,1
DA:11,1
DA:14,1
LF:4
LH:4
end_of_record
TN:
SF:t.f19f841741df3e8bb992ef72dd4fae7a56ea0f2807d7948db043b3577c43c814
DA:6,1
DA:9,1
DA:11,1
DA:14,1
LF:4
LH:4
end_of_record
TN:
SF:t.f1e6277ca5012e346c984a7d1e100d1161206d9382f4e25c7032709fa0ee349f
DA:6,1
DA:9,1
DA:11,1
DA:14,1
LF:4
LH:4
end_of_record
TN:
SF:t.f22a5c602669609ad7500910f043856e904afaca8ce7f14af692ade6d64cea00
DA:5,1
DA:8,1
DA:9,1
DA:13,1
DA:14,0
LF:5
LH:4
end_of_record
TN:
SF:t.f3002f92ffd095f5cb0afd54da177bb3a7caaa6c3addf59805a379f8e2eeea99
DA:3,1
LF:1
LH:1
end_of_record
TN:
SF:t.f3740793fdd2104b725bf1adb83862ba73d307b1d9f7ddf89bc5d2f9b18f463d
DA:5,1
DA:8,1
DA:9,1
DA:13,1
DA:14,0
LF:5
LH:4
end_of_record
TN:
SF:t.f3cf0d38c60aba817c3c5897fa3184d8b71edfb582b018955e09584e827a0e22
DA:6,1
DA:9,1
DA:11,1
DA:14,1
LF:4
LH:4
end_of_record
TN:
SF:t.f42d0e18f6babe5f5c9940a5312abe361b705e24454f7106372cfa0d0ed7e3dd
DA:6,1
DA:9,1
DA:11,1
DA:14,1
LF:4
LH:4
end_of_record
TN:
SF:t.f4c7476ac428eff58885c708db97b5f8c344db375bfc3d6beceb9d8ab9c02ba7
DA:6,1
DA:9,1
DA:11,1
DA:14,1
LF:4
LH:4
end_of_record
TN:
SF:t.f4ea2db80f5bed61093fdadae5c4d501a8e1a71c63119b20bec3795c56083d70
DA:3,8
LF:1
LH:1
end_of_record
TN:
SF:t.f53cdf310879bb33a8760830ad32aa8439d942d2296ca2fbd0af64323852dc12
DA:6,1
DA:9,1
DA:11,1
DA:14,1
LF:4
LH:4
end_of_record
TN:
SF:t.f5739d75f46eeebdcaae870bceb1d7d8d717952165ff61d4ae07607ceaa4c926
DA:6,1
DA:9,1
DA:11,1
DA:14,1
LF:4
LH:4
end_of_record
TN:
SF:t.f5812f708913dc7d037198987d317cc8da9770aa5c1de30b0100db078b1d0fd8
DA:6,1
DA:9,1
DA:11,1
DA:14,1
LF:4
LH:4
end_of_record
TN:
SF:t.f5bbdb5b38b967d2061c9337fed7a28f4dd3fec89f2b6f358c00d368279f427a
DA:5,1
DA:8,1
DA:9,1
DA:13,1
DA:14,0
LF:5
LH:4
end_of_record
TN:
SF:t.f5bd413eeed9a7ca86926e4ee116c0567a17e8c71171578dc08e36655f3fff8d
DA:6,1
DA:9,1
DA:11,1
DA:14,1
LF:4
LH:4
end_of_record
TN:
SF:t.f6e7f3403009f82cb5ac717d9058c5db07cede8390994039545b146816654641
DA:5,1
DA:8,1
DA:9,1
DA:13,1
DA:14,0
LF:5
LH:4
end_of_record
TN:
SF:t.f80ad81272d22102bf9b032df456f847c1ea6f08f7dd165df290142907824bcc
DA:6,1
DA:9,1
DA:11,1
DA:14,1
LF:4
LH:4
end_of_record
TN:
SF:t.f8663212cc4f58278b49d658db3ccce88341ade57be94030c8ec273572d7ddfa
DA:5,1
DA:8,1
DA:9,1
DA:13,1
DA:14,0
LF:5
LH:4
end_of_record
TN:
SF:t.f873da015fa730ef9eefdd2f61a53f595d0db10832a7ad0b5985bb95a65f56c7
DA:6,1
DA:9,1
DA:11,1
DA:14,1
LF:4
LH:4
end_of_record
TN:
SF:t.f88522a5d66143fea0b85ac6ed979727490a7f8817a3a199e1f6b78d03315761
DA:6,1
DA:9,1
DA:11,1
DA:14,1
LF:4
LH:4
end_of_record
TN:
SF:t.f89902ca044d9ba048070147b4a2ee4fc39ddf0e31abcc3ac3d875ab9411905f
DA:6,1
DA:9,1
DA:11,1
DA:14,1
LF:4
LH:4
end_of_record
TN:
SF:t.f955a05362bac0241e81cce1a2ada0e1253158b68e3dc706d765a10191fa9cba
DA:6,1
DA:9,1
DA:11,1
DA:14,1
LF:4
LH:4
end_of_record
TN:
SF:t.f9cbbeebec6d9052e1c636da803f5c75929d750c4bdda95f090b1f6e23b3f783
DA:5,1
DA:8,1
DA:9,1
DA:13,1
DA:14,0
LF:5
LH:4
end_of_record
TN:
SF:t.fb53aa5dcca18ad855c5ad61551b4be0d0b740de119c8211dd110e73543284ec
DA:6,1
DA:9,1
DA:11,1
DA:14,1
LF:4
LH:4
end_of_record
TN:
SF:t.fba3fb32505371766c98e46c11bd0bb826ff459e770fd3ef94205c588e8ce95c
DA:6,1
DA:9,1
DA:11,1
DA:14,1
LF:4
LH:4
end_of_record
TN:
SF:t.fc11aca5a8e3fafaead08a177f74240bfdf77e4ed8ee4afe7b0519f525130754
DA:6,1
DA:9,1
DA:11,1
DA:14,1
LF:4
LH:4
end_of_record
TN:
SF:t.fcbfef3d335bdd5a6481f77d35a9f49b0320b6727920436e172a9183d2daf7c3
DA:3,8
LF:1
LH:1
end_of_record
TN:
SF:t.fcfffaba35fcdd5c23f4cf36544322d20a0d66540f56b1ee46f021ba991bdee5
DA:6,1
DA:9,1
DA:11,1
DA:14,1
LF:4
LH:4
end_of_record
TN:
SF:t.fd27ad73bb4de9d9bd746cd04e6fbabe459e1ace78415089f9af291d66913295
DA:6,1
DA:9,1
DA:11,1
DA:14,1
LF:4
LH:4
end_of_record
TN:
SF:t.fd786be2b2acb38cadb4b25848e823d85e06650ec0c50e5ef3346b57cfcf3df8
DA:3,1
LF:1
LH:1
end_of_record
TN:
SF:t.fda93babc39342f0195eaf23b31d2df35400a4c49053e112aa98218a67e83a40
DA:6,1
DA:9,1
DA:11,1
DA:14,1
LF:4
LH:4
end_of_record
TN:
SF:t.fdb123cb680d18ae3633c49eefa3bf58b9e41c6fc19ef25013ef785ca1b1ae19
DA:4,1
LF:1
LH:1
end_of_record
TN:
SF:t.fe046f738be65143e2ff221eece71d2ed7cda9fddcc0f07122d6422126576a88
DA:6,1
DA:9,1
DA:11,1
DA:14,1
LF:4
LH:4
end_of_record
TN:
SF:t.fe240057f2edffd9aa3705264cd1b823d995ebf0fd25329f5d2cfb7ccc574583
DA:6,1
DA:9,1
DA:11,1
DA:14,1
LF:4
LH:4
end_of_record
TN:
SF:t.fe387d88a4f5152268b5f148fa6b8bdb5ca1e3ad4d62f278154ffe8433c81173
DA:3,1
LF:1
LH:1
end_of_record
TN:
SF:t.feadef8160257185595b7950dccf5fa4b3ac5c7c3cad3b86379d6b1624fe72e9
DA:6,1
DA:9,1
DA:11,1
DA:14,1
LF:4
LH:4
end_of_record
TN:
SF:t.ff733fbcf176d14e9146158da75279b98d9c07f5bc2f34d9a2f6a95bb22ef70e
DA:6,1
DA:9,1
DA:11,1
DA:14,1
LF:4
LH:4
end_of_record
TN:
SF:t.ffa3df30714bc1ca1d96eaa1faf8ef8919b42aee2278e6d3871f4c36133ed9e4
DA:3,8
LF:1
LH:1
end_of_record
