TN:
SF:./cadence/contracts/TidalProtocol.cdc
DA:37,28
DA:38,28
DA:42,33
DA:49,33
DA:52,33
DA:55,33
DA:59,0
DA:62,0
DA:64,0
DA:66,0
DA:70,0
DA:73,0
DA:75,0
DA:76,0
DA:80,0
DA:81,0
DA:87,15
DA:94,0
DA:97,0
DA:100,0
DA:104,15
DA:107,15
DA:110,15
DA:112,15
DA:116,15
DA:119,0
DA:121,0
DA:122,0
DA:126,0
DA:127,0
DA:141,35
DA:149,47
DA:156,47
DA:163,1473
DA:164,1473
DA:166,1473
DA:178,97
DA:179,97
DA:181,97
DA:187,100
DA:188,100
DA:189,100
DA:191,100
DA:192,1028
DA:193,442
DA:195,1028
DA:196,1028
DA:199,100
DA:206,53
DA:207,53
DA:214,52
DA:215,52
DA:230,48
DA:231,48
DA:236,0
DA:237,0
DA:241,48
DA:242,48
DA:243,48
DA:244,48
DA:245,48
DA:251,48
DA:252,1
DA:253,1
DA:254,1
DA:257,47
DA:258,47
DA:261,47
DA:264,47
DA:265,47
DA:266,0
DA:270,47
DA:273,47
DA:274,47
DA:278,38
DA:279,38
DA:280,38
DA:281,38
DA:282,38
DA:283,38
DA:284,38
DA:285,38
DA:319,32
DA:320,32
DA:321,32
DA:322,32
DA:323,32
DA:324,32
DA:325,32
DA:326,32
DA:342,6
DA:343,6
DA:344,6
DA:348,6
DA:351,6
DA:354,6
DA:359,12
DA:364,9
DA:369,33
DA:370,33
DA:371,33
DA:375,33
DA:376,33
DA:377,33
DA:380,33
DA:381,27
DA:385,33
DA:388,33
DA:389,16
DA:391,33
DA:394,33
DA:397,33
DA:400,33
DA:405,15
DA:406,15
DA:407,15
DA:411,15
DA:412,15
DA:415,15
DA:416,0
DA:420,15
DA:422,15
DA:425,15
DA:428,15
DA:431,15
DA:433,15
DA:440,33
DA:443,33
DA:444,33
DA:446,33
DA:447,32
DA:448,32
DA:449,32
DA:450,32
DA:453,32
DA:455,0
DA:458,0
DA:463,33
DA:464,33
DA:466,0
DA:470,35
DA:471,35
DA:472,35
DA:473,35
DA:479,17
DA:480,17
DA:481,4
DA:483,13
DA:488,2
DA:489,2
DA:491,2
DA:492,1
DA:493,1
DA:495,1
DA:499,1
DA:506,2
DA:508,2
DA:523,0
DA:528,0
DA:533,0
DA:539,0
DA:547,0
DA:555,0
DA:556,0
DA:564,0
DA:565,0
DA:590,0
DA:591,0
DA:601,0
DA:607,0
DA:612,32
DA:618,0
DA:634,0
DA:639,0
DA:648,0
DA:650,0
DA:655,0
DA:661,0
DA:672,0
DA:680,0
DA:684,0
DA:688,0
DA:700,0
DA:705,0
DA:709,0
DA:710,0
DA:711,0
DA:712,0
DA:717,0
DA:718,0
DA:719,0
DA:731,0
DA:736,0
DA:737,0
DA:738,0
DA:739,0
DA:742,0
DA:746,0
DA:747,0
DA:748,0
DA:749,0
DA:753,0
DA:758,0
DA:759,0
DA:760,0
DA:761,0
DA:780,1
DA:781,1
DA:782,1
DA:795,2
DA:796,2
DA:797,2
DA:798,2
DA:804,14
DA:807,14
DA:808,14
DA:809,14
DA:810,14
LF:218
LH:145
end_of_record
TN:
SF:./cadence/contracts/MOET.cdc
DA:33,1
DA:37,0
DA:46,0
DA:48,0
DA:53,0
DA:59,0
DA:60,0
DA:71,0
DA:78,0
DA:82,0
DA:86,0
DA:112,29
DA:117,0
DA:118,0
DA:120,0
DA:124,0
DA:128,0
DA:132,0
DA:133,0
DA:134,0
DA:138,0
DA:142,0
DA:146,0
DA:147,0
DA:151,14
DA:152,14
DA:153,14
DA:157,0
DA:170,14
DA:179,14
DA:180,14
DA:181,14
DA:182,14
DA:188,14
DA:190,14
DA:191,14
DA:192,14
DA:193,14
DA:194,14
DA:201,14
DA:202,14
DA:203,14
DA:204,14
DA:205,14
DA:208,14
DA:210,14
DA:214,14
LF:47
LH:24
end_of_record
TN:
SF:./cadence/contracts/TidalPoolGovernance.cdc
DA:58,4
DA:59,4
DA:60,4
DA:61,4
DA:82,0
DA:83,0
DA:85,0
DA:90,0
DA:94,0
DA:95,0
DA:108,1
DA:109,1
DA:110,1
DA:111,1
DA:112,1
DA:113,1
DA:114,1
DA:115,1
DA:116,1
DA:117,1
DA:118,1
DA:119,1
DA:120,1
DA:183,0
DA:184,0
DA:186,0
DA:187,0
DA:188,0
DA:189,0
DA:190,0
DA:191,0
DA:192,0
DA:195,0
DA:196,0
DA:197,0
DA:198,0
DA:200,0
DA:211,0
DA:212,0
DA:216,0
DA:217,0
DA:219,0
DA:220,0
DA:222,0
DA:233,0
DA:236,0
DA:238,0
DA:244,0
DA:250,0
DA:251,0
DA:255,0
DA:256,0
DA:258,0
DA:259,0
DA:262,0
DA:267,0
DA:270,0
DA:271,0
DA:272,0
DA:275,0
DA:276,0
DA:278,0
DA:279,0
DA:280,0
DA:282,0
DA:293,0
DA:300,0
DA:306,0
DA:307,0
DA:308,0
DA:311,0
DA:314,0
DA:315,0
DA:316,0
DA:322,0
DA:323,0
DA:324,0
DA:330,0
DA:331,0
DA:332,0
DA:335,0
DA:338,0
DA:339,0
DA:342,0
DA:344,0
DA:346,0
DA:348,0
DA:352,0
DA:353,0
DA:354,0
DA:356,0
DA:364,0
DA:365,0
DA:369,0
DA:372,0
DA:379,0
DA:388,0
DA:394,0
DA:397,0
DA:399,0
DA:401,0
DA:403,0
DA:405,0
DA:407,0
DA:410,0
DA:415,0
DA:418,0
DA:420,0
DA:422,0
DA:424,0
DA:426,0
DA:428,0
DA:435,0
DA:436,0
DA:439,0
DA:440,0
DA:445,0
DA:446,0
DA:449,0
DA:461,0
DA:473,0
DA:477,0
DA:481,3
DA:482,3
DA:483,3
DA:484,3
DA:486,3
DA:487,3
DA:488,3
DA:489,3
LF:130
LH:25
end_of_record
TN:
SF:S../test_helpers.cdc
DA:9,9
DA:14,9
DA:17,9
DA:22,9
DA:25,9
DA:30,9
DA:35,0
DA:40,0
DA:45,0
DA:52,0
DA:56,0
DA:64,33
DA:65,33
DA:66,33
DA:67,33
DA:71,15
DA:72,15
DA:76,0
DA:80,16
DA:85,0
DA:89,0
DA:93,66
DA:99,35
DA:104,25
DA:112,7
DA:113,7
DA:114,7
DA:115,7
DA:116,7
DA:117,7
LF:30
LH:22
end_of_record
TN:
SF:t.001faf03f8d16b17a58b784417cc27b9ae4f40d302f8a93468989b4a2548d7c7
DA:5,1
DA:8,1
DA:9,1
DA:13,1
DA:14,0
LF:5
LH:4
end_of_record
TN:
SF:t.0021153af892c3453d48088eba187d0a1ca0008083f77a537e4d0d4816a79c95
DA:4,1
LF:1
LH:1
end_of_record
TN:
SF:t.0073115edca51fc039b5afd9af66d1bcc36939e0718020a3d362a73d56afb641
DA:6,1
DA:9,1
DA:11,1
DA:14,1
LF:4
LH:4
end_of_record
TN:
SF:t.016b0874dd93445289c1877660421ab11085eabe31ee7a4fb21b5c3d395b7bba
DA:5,1
DA:8,1
DA:9,1
DA:13,1
DA:14,0
LF:5
LH:4
end_of_record
TN:
SF:t.01a285fbfb3a3f572ad6f963329f80c75907f16990ab6a78a4151fded10c2c47
DA:6,1
DA:9,1
DA:11,1
DA:14,1
LF:4
LH:4
end_of_record
TN:
SF:t.0255ebfbbc39c235b72cfe2f8083361d5b81901d91ffc7626c23acb1b970770f
DA:4,1
LF:1
LH:1
end_of_record
TN:
SF:t.026799930465e44c083f82eaf024a97b4f5a8456d85f0422222f8620a7b44a26
DA:5,1
DA:8,1
DA:9,1
DA:13,1
DA:14,0
LF:5
LH:4
end_of_record
TN:
SF:t.02d0cbf7bb9a413bfcb8a733dfb55eab46287b7ea082565e10c1d560868a2ec0
DA:4,1
LF:1
LH:1
end_of_record
TN:
SF:t.03296aad1a6bbc1882c14ec6e6513250feb8bc42942e78a844e18a4332be4b7a
DA:6,1
DA:9,1
DA:11,1
DA:14,1
LF:4
LH:4
end_of_record
TN:
SF:t.033b1f28829170078cd571dd1a608a346d5cfe52eb0cdfb6b7c4145f7ef42834
DA:5,1
DA:8,1
DA:9,1
DA:13,1
DA:14,0
LF:5
LH:4
end_of_record
TN:
SF:t.0360b65d917a9c50adb10a47fb947b058e05263f94cb3bd17b890041e7b8a779
DA:5,1
DA:8,1
DA:9,1
DA:13,1
DA:14,0
LF:5
LH:4
end_of_record
TN:
SF:t.038da8f2662ea9e8fef8b2524ca2a9edb8ff4d5933eff45abdb16a3b1e687db4
DA:6,1
DA:9,1
DA:11,1
DA:14,1
LF:4
LH:4
end_of_record
TN:
SF:t.03b162b180f0bde682b0a6ec04b0f7eef9261ceef6b15cd6b6d0de6b0aba0d73
DA:6,1
DA:9,1
DA:11,1
DA:14,1
LF:4
LH:4
end_of_record
TN:
SF:t.03e0a859220a1e45e5b93f592365477def08c89ee425107b0339da83ac0b80ee
DA:6,1
DA:9,1
DA:11,1
DA:14,1
LF:4
LH:4
end_of_record
TN:
SF:t.03eab1a44ca7a4f317432d50b8da0de830efd68f99e54ca8ec4e275ca48b2002
DA:5,1
DA:8,1
DA:9,1
DA:13,1
DA:14,0
LF:5
LH:4
end_of_record
TN:
SF:t.0443ed350c2ca632b7be9e323423dc427c48ef273b781bab28d43191841d23e8
DA:6,1
DA:9,1
DA:11,1
DA:14,1
LF:4
LH:4
end_of_record
TN:
SF:t.045c48bbc5be02b51b50374b3a620d939a0ad411f1936e3d0f297f19a4080d60
DA:5,1
DA:8,1
DA:9,1
DA:13,1
DA:14,0
LF:5
LH:4
end_of_record
TN:
SF:t.047368ea6fc32761773e90075394454425e75c30e25565b01a66e4c4d9c519d5
DA:5,1
DA:8,1
DA:9,1
DA:13,1
DA:14,0
LF:5
LH:4
end_of_record
TN:
SF:t.04d28975a00c1bb53d4af5b9a453aee547a03942165fa3f8cb5bd819db0aab24
DA:6,1
DA:9,1
DA:11,1
DA:14,1
LF:4
LH:4
end_of_record
TN:
SF:t.0529f7a0775b6f45f2799330dcaa5cf59b993495c65892d52a13790f2d6c3231
DA:6,1
DA:9,1
DA:11,1
DA:14,1
LF:4
LH:4
end_of_record
TN:
SF:t.055f9ec4f0e574fc3fe03b08c2fc68dd4bd7021b88522d85b4b9959b99d1e254
DA:5,1
DA:8,1
DA:9,1
DA:13,1
DA:14,0
LF:5
LH:4
end_of_record
TN:
SF:t.058df213d979f4732ec83fe40270a502f700da5e621a489fc6fd906ca6ccd3ba
DA:5,1
DA:8,1
DA:9,1
DA:13,1
DA:14,0
LF:5
LH:4
end_of_record
TN:
SF:t.05c721bf6041ed0db8e5683d8c2585197765856de2488920f50986a08d999ead
DA:6,1
DA:9,1
DA:11,1
DA:14,1
LF:4
LH:4
end_of_record
TN:
SF:t.05dc508bd388901e3612792064ca8e6a806a63f52c0c14788d955e1f7dc1861f
DA:6,1
DA:9,1
DA:11,1
DA:14,1
LF:4
LH:4
end_of_record
TN:
SF:t.06347043ab09cc977d8900f7ea5a6744b239980f7ae72ee8bd4bbde189e077a7
DA:5,1
DA:8,1
DA:9,1
DA:13,1
DA:14,0
LF:5
LH:4
end_of_record
TN:
SF:t.0639b5f82ad405e2d102ce9ce7fd90cd839ef6dcd69f5c74c85842f6ac7b5a66
DA:5,1
DA:8,1
DA:9,1
DA:13,1
DA:14,0
LF:5
LH:4
end_of_record
TN:
SF:t.0651bd931619c37bce21efe9907421f79364b473cc437a7e08b7e97515932076
DA:6,1
DA:9,1
DA:11,1
DA:14,1
LF:4
LH:4
end_of_record
TN:
SF:t.073a34912a25ae02ac5cede13fd298a4c2388efa32e27037a45061eec6a8f0ee
DA:6,1
DA:9,1
DA:11,1
DA:14,1
LF:4
LH:4
end_of_record
TN:
SF:t.0767d25da8fb5bb62b6f316f0eeacfa97c151de43e8e15faaf2cfa2dd2e90079
DA:5,1
DA:8,1
DA:9,1
DA:13,1
DA:14,0
LF:5
LH:4
end_of_record
TN:
SF:t.07989a55d4a6b54490dd2aaf0725d204121bacddccaad20fea581beb22b32d18
DA:5,1
DA:8,1
DA:9,1
DA:13,1
DA:14,0
LF:5
LH:4
end_of_record
TN:
SF:t.07df7395eb8466caade32ff02500cc82cf2a0a074986f12ae64084ca766d60d4
DA:6,1
DA:9,1
DA:11,1
DA:14,1
LF:4
LH:4
end_of_record
TN:
SF:t.08185c3be500360e04b2604b6c4e21c1c2afdd495e9fc5b11473138de56cd725
DA:4,1
LF:1
LH:1
end_of_record
TN:
SF:t.0879e8cc893a53fffb5cfd3eb58a0236175f39badad1ece928ca3f19cfc346c6
DA:6,1
DA:9,1
DA:11,1
DA:14,1
LF:4
LH:4
end_of_record
TN:
SF:t.089833d285884dcf5976a68ed5a96759376cf436a552fc1b3149f08417322010
DA:12,14
DA:17,14
LF:2
LH:2
end_of_record
TN:
SF:t.08cf66217732ee6b32f083047934515aa324a31a19d2827c9825ef5d5fc7116e
DA:5,1
DA:8,1
DA:9,1
DA:13,1
DA:14,0
LF:5
LH:4
end_of_record
TN:
SF:t.0910549d44aa3bd5cd817731020954d77543919ed4e0ca5bd0c65881d8cb93cb
DA:5,1
DA:8,1
DA:9,1
DA:13,1
DA:14,0
LF:5
LH:4
end_of_record
TN:
SF:t.096c8c2449e65892759fe2abd1c97046039328f81716b1e60ef3458c26fb09c5
DA:6,1
DA:9,1
DA:11,1
DA:14,1
LF:4
LH:4
end_of_record
TN:
SF:t.0983bf81190bfffc84f6753244ffa77dedd70053fc7f76ec8daa6e0fd2cc7b2f
DA:5,1
DA:8,1
DA:9,1
DA:13,1
DA:14,0
LF:5
LH:4
end_of_record
TN:
SF:t.0a3cf1ac2acf23939ae2389721f53deebcd12dfce7125d24001e8c9b9cc6a383
DA:4,1
LF:1
LH:1
end_of_record
TN:
SF:t.0a4164eb0f5cd53cee1004fafde4df33b69bb04dd8a251406283d49513a892cc
DA:6,1
DA:9,1
DA:11,1
DA:14,1
LF:4
LH:4
end_of_record
TN:
SF:t.0a446f4d1a08c11b35d3e35afe008eb4a64d10942194450564e8b3b13634614c
DA:6,1
DA:9,1
DA:11,1
DA:14,1
LF:4
LH:4
end_of_record
TN:
SF:t.0a53ae2db8b12a617ed84ab82d3420e0d95fa9a62ffbbe50eb87ac73f8b2af4c
DA:5,1
DA:8,1
DA:9,1
DA:13,1
DA:14,0
LF:5
LH:4
end_of_record
TN:
SF:t.0a969e5236f351d316a89bb2d6eb8fad85a7a62ad0534d45ba6e0c4972ac469f
DA:6,1
DA:9,1
DA:11,1
DA:14,1
LF:4
LH:4
end_of_record
TN:
SF:t.0ab32866a69f371817b5d9d54610124dfdb50bc15e903d2ed796554da43a833f
DA:6,1
DA:9,1
DA:11,1
DA:14,1
LF:4
LH:4
end_of_record
TN:
SF:t.0b2cdc006d3060dd459fe4d576c5cbca4cba561d6e85eb25a28c6498fd2d989a
DA:6,1
DA:9,1
DA:11,1
DA:14,1
LF:4
LH:4
end_of_record
TN:
SF:t.0b6289076ec1a2e20b29a675e48d72b581ae7e4967691ed089a3bdb6260572f8
DA:6,1
DA:9,1
DA:11,1
DA:14,1
LF:4
LH:4
end_of_record
TN:
SF:t.0be93fdb0ba3d6831c6f4d93b8a730f00dbe5e6ac86115dbb2d4692e8770b5aa
DA:5,1
DA:8,1
DA:9,1
DA:13,1
DA:14,0
LF:5
LH:4
end_of_record
TN:
SF:t.0c3cdf32c7084a19c5154cecc602a280f6cd56e4bf09e6f5167a10cadbfddf6f
DA:6,1
DA:9,1
DA:11,1
DA:14,1
LF:4
LH:4
end_of_record
TN:
SF:t.0c40339647adc14609913fc70fbf1cf53f8fc6150a4863dbbfe24f2ae0ba28f3
DA:3,14
LF:1
LH:1
end_of_record
TN:
SF:t.0c755b15b1464a8c347ede45f96d5fd3f4bf382c7bb55b6833492bf8151db7c5
DA:6,1
DA:9,1
DA:11,1
DA:14,1
LF:4
LH:4
end_of_record
TN:
SF:t.0ccecca4da3c245fc54a4fbbd2410165bd9d20b9584d236df859fde78d27042c
DA:6,1
DA:9,1
DA:11,1
DA:14,1
LF:4
LH:4
end_of_record
TN:
SF:t.0ce244fe459a3373b18df62b3de8ad44e9d3a512fadfad6fbaec43178a2720b7
DA:5,1
DA:8,1
DA:9,1
DA:13,1
DA:14,0
LF:5
LH:4
end_of_record
TN:
SF:t.0d539942143b8ed27b34e299137a163abeb14dd9e0b65074cce78b0d62198c12
DA:5,1
DA:8,1
DA:9,1
DA:13,1
DA:14,0
LF:5
LH:4
end_of_record
TN:
SF:t.0dbfeb16b881429117ffc0f92e737a5e4c827f3d0f9ee96afefca9c9e0823f36
DA:6,1
DA:9,1
DA:11,1
DA:14,1
LF:4
LH:4
end_of_record
TN:
SF:t.0e14847c4750a6b1c12b564b38a15dfc5d0d31ae6faca3c2489df873dcd52b0d
DA:5,1
DA:8,1
DA:9,1
DA:13,1
DA:14,0
LF:5
LH:4
end_of_record
TN:
SF:t.0e2d4d204181c413bd66b1a2f46d86384e108e9fa71f8142c648fefdd39c2e0c
DA:6,1
DA:9,1
DA:11,1
DA:14,1
LF:4
LH:4
end_of_record
TN:
SF:t.0e443c01712638629fadc058134d4dd3f46d192eb9716520b6ca185f51bad7a1
DA:6,1
DA:9,1
DA:11,1
DA:14,1
LF:4
LH:4
end_of_record
TN:
SF:t.0e6a8b1eef6fa0a36447fca433b16e4857e4725760047e153ebf41886c3899ef
DA:6,1
DA:9,1
DA:11,1
DA:14,1
LF:4
LH:4
end_of_record
TN:
SF:t.0e84f706a2660a2a33ac04be1cf4469835a93b2db4df5b1f0fa0b92223a522a5
DA:4,1
LF:1
LH:1
end_of_record
TN:
SF:t.0e9a985f1540b01a38eb1668ef8737f736655e6b23ab4cde873df07d3225adaa
DA:6,1
DA:9,1
DA:11,1
DA:14,1
LF:4
LH:4
end_of_record
TN:
SF:t.0eb25d6b32c5ac2c52d1ccba9d09d9d99a4b94ee55b19cb8beb81287b09346f9
DA:6,1
DA:9,1
DA:11,1
DA:14,1
LF:4
LH:4
end_of_record
TN:
SF:t.0ed45a8e01cd826a09ec3b9db896211c304916d27d17878c58cb98ab20e1f5ea
DA:5,1
DA:8,1
DA:9,1
DA:13,1
DA:14,0
LF:5
LH:4
end_of_record
TN:
SF:t.0ede244d7dbbe1cc4476654bef3a1637d71289858626adeea64a78643c6d4b26
DA:3,1
DA:4,1
LF:2
LH:2
end_of_record
TN:
SF:t.0f7361f9e14553f447df1541ebd55af957a49162607ab6514b738e524ac285df
DA:3,1
LF:1
LH:1
end_of_record
TN:
SF:t.0fdbdbd41939a6afc6848bc3c71ef0e7b3d61e895e76ef2b7dcab18726d25826
DA:5,1
DA:8,1
DA:9,1
DA:13,1
DA:14,0
LF:5
LH:4
end_of_record
TN:
SF:t.1050737ba8e8a47d0ae9291bbede8c84f6bc9e3240a8765d801c20fb75072542
DA:5,1
DA:8,1
DA:9,1
DA:13,1
DA:14,0
LF:5
LH:4
end_of_record
TN:
SF:t.107df062b24f89fa305c6f534b15c070eebbf8f731391e2bf2df72648cd0f3ac
DA:3,1
LF:1
LH:1
end_of_record
TN:
SF:t.109f8f33bc4945c2d3faff8aee29abc36037e0edfe68bbca32008a7aaaaa0d6f
DA:6,14
DA:10,14
DA:12,14
LF:3
LH:3
end_of_record
TN:
SF:t.10d67d8f4fe9c9a5494af4c715559f31b0a23eaed65db492e913fadf45d0eb2c
DA:6,1
DA:9,1
DA:11,1
DA:14,1
LF:4
LH:4
end_of_record
TN:
SF:t.1185fc43e13464dedd4820ba2d52424fc10fff063aa8dc1f4fa0e7454bf70381
DA:5,1
DA:8,1
DA:9,1
DA:13,1
DA:14,0
LF:5
LH:4
end_of_record
TN:
SF:t.11fea9aa937d2b6208940de8b079cb3bac878ec1353eb7d33f0cd08fdcfae01e
DA:6,1
DA:9,1
DA:11,1
DA:14,1
LF:4
LH:4
end_of_record
TN:
SF:t.123c593fba72a85acb43fd879144fa5ea33cfdb2427c7b5e337afe0dededb7cc
DA:5,1
DA:8,1
DA:9,1
DA:13,1
DA:14,0
LF:5
LH:4
end_of_record
TN:
SF:t.12e6ecbd7076017ab68f80f824d472589544a756504a8c8377bd7e29ef415c95
DA:6,1
DA:9,1
DA:11,1
DA:14,1
LF:4
LH:4
end_of_record
TN:
SF:t.12f5adfdb057394c5170766caf34d3f6de7f84b944915fb59e239d6d219b2249
DA:6,1
DA:9,1
DA:11,1
DA:14,1
LF:4
LH:4
end_of_record
TN:
SF:t.135ba612cadd0c7b964c4804ecf563fd151ca8c3f9b0eed56a3fed1d8516e4d0
DA:6,1
DA:9,1
DA:11,1
DA:14,1
LF:4
LH:4
end_of_record
TN:
SF:t.1370fd54cbbee3a05fab0f2b3d58dff4104f8c2d3b1f172ad38ad109c21b62dc
DA:3,1
DA:4,1
LF:2
LH:2
end_of_record
TN:
SF:t.137c426fc0683131b778c0f5c2c2be3ffd06e178c3f1b1a2b6bdb0251b36187f
DA:5,1
DA:8,1
DA:9,1
DA:13,1
DA:14,0
LF:5
LH:4
end_of_record
TN:
SF:t.142c0c6a309bf39d1b329a94d0734c57973cee3fe2e2c34d0f4cd122a165d862
DA:6,1
DA:9,1
DA:11,1
DA:14,1
LF:4
LH:4
end_of_record
TN:
SF:t.14335fb4e99a85a1a4e6aa6b24ecaed0f8e22ce0cc59cdb07169b15c051717e5
DA:5,1
DA:8,1
DA:9,1
DA:13,1
DA:14,0
LF:5
LH:4
end_of_record
TN:
SF:t.14c8ab128608c5f7e45a10f78209646b3c035156e2cf51109eb89511fe465d42
DA:5,1
DA:8,1
DA:9,1
DA:13,1
DA:14,0
LF:5
LH:4
end_of_record
TN:
SF:t.151d7b1b1559b5197bd8f772e44f4697dc6b036f851d083678b6502cfede6d20
DA:3,1
DA:4,1
LF:2
LH:2
end_of_record
TN:
SF:t.15d320df9f1a3e42ee79a12b23a0b2448713aff81ade58435e9915270b2ac606
DA:5,1
DA:8,1
DA:9,1
DA:13,1
DA:14,0
LF:5
LH:4
end_of_record
TN:
SF:t.1602787f156e631e748b5697ac91f313580a8914a373419b5b31394c67ce5b49
DA:6,1
DA:9,1
DA:11,1
DA:14,1
LF:4
LH:4
end_of_record
TN:
SF:t.164b12163f216b6e1c351b161caf2ccbe07755c76a1fa160f185ddd9b5124745
DA:5,1
DA:8,1
DA:9,1
DA:13,1
DA:14,0
LF:5
LH:4
end_of_record
TN:
SF:t.169cafb882d687b0089b60a3a53a18b4e9e39b0021cf0db32efcd31ca36429b9
DA:6,1
DA:9,1
DA:11,1
DA:14,1
LF:4
LH:4
end_of_record
TN:
SF:t.16ab9867e599542b4b2e1bde4d6a2e3ad6e99d3cab14da01393b453d8f315fc3
DA:5,1
DA:8,1
DA:9,1
DA:13,1
DA:14,0
LF:5
LH:4
end_of_record
TN:
SF:t.16b9e79ba545d1d570920d5aa00b2843ae657c34dac3898b4a55696fa081cf18
DA:6,1
DA:9,1
DA:11,1
DA:14,1
LF:4
LH:4
end_of_record
TN:
SF:t.1711014880bb982ee1f84d86604e4e4e7752f876a8a5baf6827fb8f93ceb31e3
DA:6,1
DA:9,1
DA:11,1
DA:14,1
LF:4
LH:4
end_of_record
TN:
SF:t.172b892249d23ab950c868b73ef8feea89a3e43e6afc1ffe41beeb5f93b0d4cb
DA:6,1
DA:9,1
DA:11,1
DA:14,1
LF:4
LH:4
end_of_record
TN:
SF:t.1745c135dc86049bdc05675527fa517ba14af1ba78b2bb23b3a0fb4f9fbeffac
DA:3,14
LF:1
LH:1
end_of_record
TN:
SF:t.174c22a3a8d934ec94e94be04a3281cb6fb1a6fb4451d8d55d58df16335fdc9e
DA:3,14
LF:1
LH:1
end_of_record
TN:
SF:t.17686fc26ad15650d04bf727098ef8112f62d64e63de5b67f3a0ce7db768ec09
DA:6,1
DA:9,1
DA:11,1
DA:14,1
LF:4
LH:4
end_of_record
TN:
SF:t.18059e73307e2d12f5d7be036431fbd2525ef4ba7c80b16f1353442fe4ecd30b
DA:6,1
DA:9,1
DA:11,1
DA:14,1
LF:4
LH:4
end_of_record
TN:
SF:t.1805a20ea6a6384020f18c0bf56da68bbdf69fcc3b9c7d0a3c2016e0f9b3a581
DA:3,1
DA:4,1
LF:2
LH:2
end_of_record
TN:
SF:t.180dbd24dea9a22bf6a124a87ec9f748daa6935b4ef3d28312d9ce836f25edc2
DA:6,1
DA:9,1
DA:11,1
DA:14,1
LF:4
LH:4
end_of_record
TN:
SF:t.1817bdab37b46fb5410b0eaa16c679740efed61d762c098c6ea2faece0201181
DA:6,1
DA:9,1
DA:11,1
DA:14,1
LF:4
LH:4
end_of_record
TN:
SF:t.187f0121f38a7ec016efd62b271c6a255c6fab9ebe3ca06d8d7ed7cb5e18265c
DA:4,1
LF:1
LH:1
end_of_record
TN:
SF:t.18b33975a0066edb8b589a304713645e846d138c86fb5b75d4c9224dfd53e8fe
DA:3,14
LF:1
LH:1
end_of_record
TN:
SF:t.18c2cd551dfbb004536c64b3d7c4e308147392cfba991d05c302da39ac8ca025
DA:6,1
DA:9,1
DA:11,1
DA:14,1
LF:4
LH:4
end_of_record
TN:
SF:t.18d0ced95790eb30baa322763827f43c25e3cefef9ddacdf851b75a808e78c3e
DA:5,1
DA:8,1
DA:9,1
DA:13,1
DA:14,0
LF:5
LH:4
end_of_record
TN:
SF:t.193ace572260d27cc22714388b2e6ea540d77f6a6c1e3c650f3f7ff433591d65
DA:6,1
DA:9,1
DA:11,1
DA:14,1
LF:4
LH:4
end_of_record
TN:
SF:t.199b572ff3bc4613c66fc4fe1292c260af8dab94edf09ffac85a64ced10a3da6
DA:6,1
DA:9,1
DA:11,1
DA:14,1
LF:4
LH:4
end_of_record
TN:
SF:t.19bde2d83ce69e270e27ba1cb17edcb2cf1ca17a01f9f716739ae3bdd050c23d
DA:6,1
DA:9,1
DA:11,1
DA:14,1
LF:4
LH:4
end_of_record
TN:
SF:t.1a237a4ced2d2fda8a647f3a6ca80813b25e0226677fcda21c4ae205df5d3096
DA:6,1
DA:9,1
DA:11,1
DA:14,1
LF:4
LH:4
end_of_record
TN:
SF:t.1a312347f036254b5057fd30435977bb8d7c82bb2efc4b0e133823d05b21cc51
DA:6,1
DA:9,1
DA:11,1
DA:14,1
LF:4
LH:4
end_of_record
TN:
SF:t.1ab3467883baa2735ecc2338c671dab9ef8f9fc0412f9aef80397de15ed79769
DA:6,1
DA:9,1
DA:11,1
DA:14,1
LF:4
LH:4
end_of_record
TN:
SF:t.1abe904fd228ed6a617e5799d6884509126f2956c9844c758a2a6bbffb570e39
DA:5,1
DA:8,1
DA:9,1
DA:13,1
DA:14,0
LF:5
LH:4
end_of_record
TN:
SF:t.1ac0b46db9694c9302240a50f01f49f8373e7a5937649d90b1e036896b50cbd0
DA:5,1
DA:8,1
DA:9,1
DA:13,1
DA:14,0
LF:5
LH:4
end_of_record
TN:
SF:t.1b045fac0d20c6506e38f43107bfceb539e22aae458bc8743cd4ffe9f2396723
DA:6,1
DA:9,1
DA:11,1
DA:14,1
LF:4
LH:4
end_of_record
TN:
SF:t.1b15900ee84f4739fa7cef7a3f2faae734869d883b38d5bb2d63de975dc6629e
DA:6,1
DA:9,1
DA:11,1
DA:14,1
LF:4
LH:4
end_of_record
TN:
SF:t.1b1bd389573e7f7d89886f8b6c3ece076d13a8494173d21579b434f87385a6ac
DA:6,1
DA:9,1
DA:11,1
DA:14,1
LF:4
LH:4
end_of_record
TN:
SF:t.1b3a1fb1605de3ee83970ba4dc3220a2eb811524012c56dbc6075eb5071a8aec
DA:6,1
DA:9,1
DA:11,1
DA:14,1
LF:4
LH:4
end_of_record
TN:
SF:t.1b4ac3b6cc55a84a437c222c2a427b913c2c8c1864e36ed9451d72572f0ab80f
DA:6,1
DA:9,1
DA:11,1
DA:14,1
LF:4
LH:4
end_of_record
TN:
SF:t.1b695a5d1f181f6c0f90d110161622e787529d12157b896b8b25412dc167ceee
DA:5,1
DA:8,1
DA:9,1
DA:13,1
DA:14,0
LF:5
LH:4
end_of_record
TN:
SF:t.1b73af4062ab5fa208bcb1ebebfa700e0126d95e664b9bd097711259587b32e0
DA:6,1
DA:9,1
DA:11,1
DA:14,1
LF:4
LH:4
end_of_record
TN:
SF:t.1b7e3c0b540fa779793307e6de2cd30924b183a466767b40a5ba29bb8a46d295
DA:6,1
DA:9,1
DA:11,1
DA:14,1
LF:4
LH:4
end_of_record
TN:
SF:t.1bb988de4465642eebc0797f624c2d220cd9a96984220cc34232528dbb73a1be
DA:5,1
DA:8,1
DA:9,1
DA:13,1
DA:14,0
LF:5
LH:4
end_of_record
TN:
SF:t.1c0ade3df5a1ea637a6514f817466d7a906bf8564fbcb583d78db26fbd85724e
DA:3,1
DA:4,1
LF:2
LH:2
end_of_record
TN:
SF:t.1c9a5b8eeb0948c7821d59a1754c8df6f741b132235f71883c06ee8b8cb9a594
DA:6,1
DA:9,1
DA:11,1
DA:14,1
LF:4
LH:4
end_of_record
TN:
SF:t.1ce936d1ef3a47f0c3397b22ed1e23463642c742a3e5d34969968e9741948fdb
DA:6,1
DA:9,1
DA:11,1
DA:14,1
LF:4
LH:4
end_of_record
TN:
SF:t.1d0a6c0d3b32375a6bb990aab7b2a0720bef7b8144cf29b3f99e010ae8128f5f
DA:5,1
DA:8,1
DA:9,1
DA:13,1
DA:14,0
LF:5
LH:4
end_of_record
TN:
SF:t.1d4c69fc254e16651e017ca88da64f506e16749e92c8ecd433e9aee7acf67d9a
DA:5,1
DA:8,1
DA:9,1
DA:13,1
DA:14,0
LF:5
LH:4
end_of_record
TN:
SF:t.1d704ff4f9eee438a7e719144cfd576d90f147fc737fce5da003e9717a5a84a9
DA:6,1
DA:9,1
DA:11,1
DA:14,1
LF:4
LH:4
end_of_record
TN:
SF:t.1e7f820412b7dc595b122f6014804824b6e4bcd326b9a5e00839857abcb433a7
DA:5,1
DA:8,1
DA:9,1
DA:13,1
DA:14,0
LF:5
LH:4
end_of_record
TN:
SF:t.1ead4aa84684f924c13726589f2facc0c5cf7a69f720c04bd67539b32a6d2ccc
DA:6,1
DA:9,1
DA:11,1
DA:14,1
LF:4
LH:4
end_of_record
TN:
SF:t.1eb720fb052ecd06b9157488d5a4b27cfdeb275673118ce24ac3b95435168ecb
DA:6,1
DA:9,1
DA:11,1
DA:14,1
LF:4
LH:4
end_of_record
TN:
SF:t.1ed15e279e8ba1ef1af30bc1126f6c471b4e986cf5516cbe17d473ef9d0035b2
DA:6,1
DA:9,1
DA:11,1
DA:14,1
LF:4
LH:4
end_of_record
TN:
SF:t.1ee9234851262a39bd9d205746562f7ad1aeea28c9ed7d2a50f532926e46ced6
DA:6,1
DA:9,1
DA:11,1
DA:14,1
LF:4
LH:4
end_of_record
TN:
SF:t.1f202c5b13338d7d029f1f8fb2d5117202ddf67ba936da2d22fd8e9e29376051
DA:6,1
DA:9,1
DA:11,1
DA:14,1
LF:4
LH:4
end_of_record
TN:
SF:t.1f2d7ec26c4a61fad61b0c699a424279acc725b373ef2fdf3eac122954c6dd82
DA:6,1
DA:9,1
DA:11,1
DA:14,1
LF:4
LH:4
end_of_record
TN:
SF:t.1f3c076e87826d5909e95d536d5451ca26e3bdffd68dd6e202c15c0e6a23de3c
DA:5,1
DA:8,1
DA:9,1
DA:13,1
DA:14,0
LF:5
LH:4
end_of_record
TN:
SF:t.1f71c169207005c8e4872b111cd201141abf981065fbb6fbaedfded5076b35d8
DA:6,1
DA:9,1
DA:11,1
DA:14,1
LF:4
LH:4
end_of_record
TN:
SF:t.201343800e6a7cfab8f4473bbee3e5de1dc19a6db5c1ae20342edac715dd3fb4
DA:6,1
DA:9,1
DA:11,1
DA:14,1
LF:4
LH:4
end_of_record
TN:
SF:t.203cbbc3996d99f9c1f8885575327125de814c797077fb9b5aedf21a048b3e2d
DA:5,1
DA:8,1
DA:9,1
DA:13,1
DA:14,0
LF:5
LH:4
end_of_record
TN:
SF:t.20a05d8ab29fd944c7053d38af7cec3bc3aa732a44d0d935de601b844fc6e719
DA:6,1
DA:9,1
DA:11,1
DA:14,1
LF:4
LH:4
end_of_record
TN:
SF:t.20dab29d22a2e27a589968de8aebf18665533ade1f84bdd6d28a76aef093f546
DA:6,1
DA:9,1
DA:11,1
DA:14,1
LF:4
LH:4
end_of_record
TN:
SF:t.21384771e0dfb716b364ca4a70d61471e6c00725e1578f8655dcdae12e9f3a92
DA:4,1
LF:1
LH:1
end_of_record
TN:
SF:t.214c898b2127720d6a6c15ab46d321d879e50bf2de37c985e6e5f4852eb2f775
DA:6,1
DA:9,1
DA:11,1
DA:14,1
LF:4
LH:4
end_of_record
TN:
SF:t.225d9120f4a58dab0f6571be3310f9e2b14911423a9af32b8382542650bc68a9
DA:6,1
DA:9,1
DA:11,1
DA:14,1
LF:4
LH:4
end_of_record
TN:
SF:t.22a6fe5479d97bf12c9b7e22008c26ee34fdabd8e128bd4b3e2ab1989c1425ac
DA:6,1
DA:9,1
DA:11,1
DA:14,1
LF:4
LH:4
end_of_record
TN:
SF:t.22d74ab01aebfffa6a5977b0d8e5f1bd7e1effe404c51f7ed115fd76a228dbb4
DA:6,1
DA:9,1
DA:11,1
DA:14,1
LF:4
LH:4
end_of_record
TN:
SF:t.22f1bfead6b1c7e36979a5f5d1b79b1fdfbe450a46a169d80c832c36c8759160
DA:5,1
DA:8,1
DA:9,1
DA:13,1
DA:14,0
LF:5
LH:4
end_of_record
TN:
SF:t.231465866d38844fc8e5d9c4edff3402d8b58dc36077dfbca8b210822b5d0b56
DA:5,1
DA:8,1
DA:9,1
DA:13,1
DA:14,0
LF:5
LH:4
end_of_record
TN:
SF:t.23786800aa89a077e967345a34e3347fbd0c7fc3e3299166aa40280fabae0899
DA:5,1
DA:8,1
DA:9,1
DA:13,1
DA:14,0
LF:5
LH:4
end_of_record
TN:
SF:t.23a9646bc2c0bc6ab84ae52d80be99de371ed329c6681c369b92a5b63729fa3f
DA:6,1
DA:9,1
DA:11,1
DA:14,1
LF:4
LH:4
end_of_record
TN:
SF:t.23b19873cee7e9231e162d6e9e24aee2f59eb3afde413e7bf1fdc02960a5d3e7
DA:5,1
DA:8,1
DA:9,1
DA:13,1
DA:14,0
LF:5
LH:4
end_of_record
TN:
SF:t.241b18349a1330ef1da67a337939a6b79a10e380bb9fae1812f0f74819877dd2
DA:6,1
DA:9,1
DA:11,1
DA:14,1
LF:4
LH:4
end_of_record
TN:
SF:t.244da48b6e5988bda2fa63a60e251421cf0c0e5bb6c76976971a977fd0655e69
DA:5,1
DA:8,1
DA:9,1
DA:13,1
DA:14,0
LF:5
LH:4
end_of_record
TN:
SF:t.246f3c1c194673b9447558d5aed8758f0302e212059ec4b6d431741f8eb2da38
DA:6,1
DA:9,1
DA:11,1
DA:14,1
LF:4
LH:4
end_of_record
TN:
SF:t.25415b60ba0bb44189a8153e4df1931fe85bbfd2725d82708237a39199d9b639
DA:5,1
DA:8,1
DA:9,1
DA:13,1
DA:14,0
LF:5
LH:4
end_of_record
TN:
SF:t.25f1b4fcb791a336075456b9a8f18765df9ca994de7a94ad2a955d3842daffb3
DA:6,1
DA:9,1
DA:11,1
DA:14,1
LF:4
LH:4
end_of_record
TN:
SF:t.268ad27f8317d495c2efe10ee0232ded155620891a72ebea5d1c36ae450bf054
DA:4,1
LF:1
LH:1
end_of_record
TN:
SF:t.269e4fd18ad19e1eec39fd5e13a12ea080b86ec3ef32988783e69560e7471579
DA:5,1
DA:8,1
DA:9,1
DA:13,1
DA:14,0
LF:5
LH:4
end_of_record
TN:
SF:t.27149adc16f46f9aa3b326eabda9b7f53cf9b7497100e4cb8adf7619a82b12ad
DA:6,1
DA:9,1
DA:11,1
DA:14,1
LF:4
LH:4
end_of_record
TN:
SF:t.2732c16e7194ccaee96f506339f121bd471bccba5a32ce665ff6121bddf2702e
DA:3,1
LF:1
LH:1
end_of_record
TN:
SF:t.2750ea61f32b4aa9cd6c2e04c04ebaa532eeacea6d7b1a679ca7eea4e15aaceb
DA:6,1
DA:9,1
DA:11,1
DA:14,1
LF:4
LH:4
end_of_record
TN:
SF:t.2769484b1cdbfa9c0000af4e6c99ee299c19e10d8d634b56347a805a6418ca13
DA:5,1
DA:8,1
DA:9,1
DA:13,1
DA:14,0
LF:5
LH:4
end_of_record
TN:
SF:t.27ba805eafe2c2e6b2b68de92ba41ccdd8b9c027f88bc37da45fe32008751ba4
DA:4,1
LF:1
LH:1
end_of_record
TN:
SF:t.27dbd0ea2f7878d9e5b44c9548b1541b626f7e83a8f8757c06023e9b4bd6f305
DA:6,1
DA:9,1
DA:11,1
DA:14,1
LF:4
LH:4
end_of_record
TN:
SF:t.27f102a7899fcc66118e7054f7601630ce9c815c88674be0cdac91c593477550
DA:6,1
DA:9,1
DA:11,1
DA:14,1
LF:4
LH:4
end_of_record
TN:
SF:t.282c3becfef448f152346df9e19575ecfb2bfcee6eba97a648e3079e0eb06217
DA:6,1
DA:9,1
DA:11,1
DA:14,1
LF:4
LH:4
end_of_record
TN:
SF:t.289162f8923cde4e556bd0e6684c6eec8e0a5b53e4809b4d0009a811f9fb4ac7
DA:5,1
DA:8,1
DA:9,1
DA:13,1
DA:14,0
LF:5
LH:4
end_of_record
TN:
SF:t.29f83ac79ff3ae4b047f40bcd0f60e46d54dfde4877e107c6a809d9b94b52a22
DA:5,1
DA:8,1
DA:9,1
DA:13,1
DA:14,0
LF:5
LH:4
end_of_record
TN:
SF:t.2a3ae6d626138c58e55fc10deca195af8a04013516410d723d0bd5dde50a9700
DA:6,1
DA:9,1
DA:11,1
DA:14,1
LF:4
LH:4
end_of_record
TN:
SF:t.2af13a8915c6b1cfc4bb4b7a18fbdce136a45f1eb87710fafab81c00c7e22bba
DA:4,1
LF:1
LH:1
end_of_record
TN:
SF:t.2bc7f70b13901fa098345b0a19ced1d6e126248c19e7ad677f16c718cb22d5fe
DA:4,1
LF:1
LH:1
end_of_record
TN:
SF:t.2bfd14a4789aa4b209d57996795dfb5165d5c0b986176f640dc5f2bafc2cd41c
DA:6,1
DA:9,1
DA:11,1
DA:14,1
LF:4
LH:4
end_of_record
TN:
SF:t.2c3c291f904404930d8452ae67b771f4976c56c7f983a2fbd1d1b38f0be85157
DA:6,1
DA:9,1
DA:11,1
DA:14,1
LF:4
LH:4
end_of_record
TN:
SF:t.2c4547151c3a7fabf453d7b17852438c6e6cd87025390329078f9ef88ad42fb9
DA:6,1
DA:9,1
DA:11,1
DA:14,1
LF:4
LH:4
end_of_record
TN:
SF:t.2cd919e25db89c7c36a8b8c488d929dbe5e386fd7225686128d6cb0be41d0674
DA:6,1
DA:9,1
DA:11,1
DA:14,1
LF:4
LH:4
end_of_record
TN:
SF:t.2cf8470e3f0200fe791e34af1bb877dfaa959a614059e8fb18731fecf1e772d8
DA:6,1
DA:9,1
DA:11,1
DA:14,1
LF:4
LH:4
end_of_record
TN:
SF:t.2cf90e376ea2ccdc5bd623c89541ca6ad6465e7dd6b2017349729c1d6b7d19b0
DA:5,1
DA:8,1
DA:9,1
DA:13,1
DA:14,0
LF:5
LH:4
end_of_record
TN:
SF:t.2d7162c7bbb1fc694a9de61880657a414fd6a74f7484d4d820129b7217373672
DA:5,1
DA:8,1
DA:9,1
DA:13,1
DA:14,0
LF:5
LH:4
end_of_record
TN:
SF:t.2d968d6424b47415e79e0f52f887a82da2cd3c55c02af184bfc62ee536a3aff7
DA:6,1
DA:9,1
DA:11,1
DA:14,1
LF:4
LH:4
end_of_record
TN:
SF:t.2dec1c2259e72d742ef958d41d6b8b877b8de9a47039cbb56ab4a41babcd6078
DA:6,1
DA:9,1
DA:11,1
DA:14,1
LF:4
LH:4
end_of_record
TN:
SF:t.2ded7b012255b3e95554bc77956915acb5852162b61a8b05f5827fef0d90de8b
DA:6,1
DA:9,1
DA:11,1
DA:14,1
LF:4
LH:4
end_of_record
TN:
SF:t.2e3225dda0b0c15d99c2fa2132914fd647fa78a39dc28a06068c90148f6b4976
DA:5,1
DA:8,1
DA:9,1
DA:13,1
DA:14,0
LF:5
LH:4
end_of_record
TN:
SF:t.2e407b2839d6e6fbbeb56f51cc188d561ad88b39e75134bb4e69f5f5bb2d4fe1
DA:5,1
DA:8,1
DA:9,1
DA:13,1
DA:14,0
LF:5
LH:4
end_of_record
TN:
SF:t.2e813b5dc243ca64e52feb53d22be72551a5cfdc5731e958c5c4e8907d784f12
DA:6,1
DA:9,1
DA:11,1
DA:14,1
LF:4
LH:4
end_of_record
TN:
SF:t.2e94650493da295133768eacb086ccb55c10a5c7f860117b9969fa374ea2acf6
DA:6,1
DA:9,1
DA:11,1
DA:14,1
LF:4
LH:4
end_of_record
TN:
SF:t.2ecdab8614fa5b5737c0f8730593b713b006b20fab1b3bded583ef1169de09b3
DA:6,1
DA:9,1
DA:11,1
DA:14,1
LF:4
LH:4
end_of_record
TN:
SF:t.2ed96aa71b7707e381a93093f285f4306a970a093e622ac478e950b99ad4d3cb
DA:4,1
LF:1
LH:1
end_of_record
TN:
SF:t.2efb9e4a6f0692561951d1513f5979d2f0797144e91211d8034ed415b89801db
DA:6,1
DA:9,1
DA:11,1
DA:14,1
LF:4
LH:4
end_of_record
TN:
SF:t.2ff5753ee7605153b6d1ce04dadfb3d32673b82584f0e101fe8cb3b8dc753166
DA:6,1
DA:9,1
DA:11,1
DA:14,1
LF:4
LH:4
end_of_record
TN:
SF:t.30a7360952b0c9d3d27da4f5b666c81061f1004fdb1bc7dac8e9b1b5ceae9562
DA:4,1
LF:1
LH:1
end_of_record
TN:
SF:t.31bc069a0f84798436f4d2e96d7850bb7b5bb8f42e723abcfc470cf448d9290c
DA:6,1
DA:9,1
DA:11,1
DA:14,1
LF:4
LH:4
end_of_record
TN:
SF:t.31c4200e798157a41471a737ef7fcf64132099231abf292e54d2a8cd1d1c91fa
DA:6,1
DA:9,1
DA:11,1
DA:14,1
LF:4
LH:4
end_of_record
TN:
SF:t.3280d01579fcae6d54e09f2720ee3eac21f38d128cede81dffd39cf9129426f3
DA:5,1
DA:8,1
DA:9,1
DA:13,1
DA:14,0
LF:5
LH:4
end_of_record
TN:
SF:t.32d73281492a781df945e4e0bf3bf8b21a2daf0117306d884530921ff80f489a
DA:6,1
DA:9,1
DA:11,1
DA:14,1
LF:4
LH:4
end_of_record
TN:
SF:t.32da86251ff42f05181c1a648e107e6c127d12a2e293e6494bb36997775f7694
DA:6,1
DA:9,1
DA:11,1
DA:14,1
LF:4
LH:4
end_of_record
TN:
SF:t.333bc8206c5bb83704e3cb65a8308ed4d07224408985ef3049e60c1aeb5ec5be
DA:5,1
DA:8,1
DA:9,1
DA:13,1
DA:14,0
LF:5
LH:4
end_of_record
TN:
SF:t.33e2cb8b4f42951c08db15fef435ca2375b6d71b79aa283a929a66ee6ed449fe
DA:5,1
DA:8,1
DA:9,1
DA:13,1
DA:14,0
LF:5
LH:4
end_of_record
TN:
SF:t.3426b8eb3fd55c212933baa234be3f1bcf89a8260c1cd0d9dc0a259bd7049dd3
DA:5,1
DA:8,1
DA:9,1
DA:13,1
DA:14,0
LF:5
LH:4
end_of_record
TN:
SF:t.345cd94b16532599c731a5ba6684cfde0b144bd9772386249a1ece1b2b41099e
DA:6,1
DA:9,1
DA:11,1
DA:14,1
LF:4
LH:4
end_of_record
TN:
SF:t.3471c1e942f29e2491b457dcde1000458f078e242f2c89b8caa0c0dfc344b0cf
DA:6,1
DA:9,1
DA:11,1
DA:14,1
LF:4
LH:4
end_of_record
TN:
SF:t.34820ba424c893b97efd57ab5eafccbdb30c85d66a43db97c701bc1de2f6d219
DA:6,1
DA:9,1
DA:11,1
DA:14,1
LF:4
LH:4
end_of_record
TN:
SF:t.349f2c4bc37447a6021e6a91e4bf664c24a0bfd3e7e9534682b502d3d179256c
DA:6,1
DA:9,1
DA:11,1
DA:14,1
LF:4
LH:4
end_of_record
TN:
SF:t.34ed01b1aa033c9ffeb728fe39aa01948868960f0064419afdd0e87f2073fdc9
DA:6,1
DA:9,1
DA:11,1
DA:14,1
LF:4
LH:4
end_of_record
TN:
SF:t.3525da145266d85fd094c5ca7c9dc1632a27cbaededad60867f1e695948d64ba
DA:6,1
DA:9,1
DA:11,1
DA:14,1
LF:4
LH:4
end_of_record
TN:
SF:t.35802d3b880dfbd4087c226bb774d72742efb3703d6d1c31f03fe84e48f191f6
DA:6,1
DA:9,1
DA:11,1
DA:14,1
LF:4
LH:4
end_of_record
TN:
SF:t.36d4ac54c3a7511232015566b60c6a589c286a2342cf195d11e0d66ac818f3b6
DA:4,1
LF:1
LH:1
end_of_record
TN:
SF:t.3767eb24d993f5a80b9806abc6cdc63e67a009dd96f0bafe467f86847a3a0e09
DA:6,1
DA:9,1
DA:11,1
DA:14,1
LF:4
LH:4
end_of_record
TN:
SF:t.37ae7a376d19947f2caf426ebda3e14318af65b2b1c6353be7381643ce5d9f45
DA:6,1
DA:9,1
DA:11,1
DA:14,1
LF:4
LH:4
end_of_record
TN:
SF:t.37d89eea9258dec89c27dbb055a0e91d8dadd06b7cea98773045caa879150399
DA:5,1
DA:8,1
DA:9,1
DA:13,1
DA:14,0
LF:5
LH:4
end_of_record
TN:
SF:t.37d991b60df3e865885b1f9d0eda957e0e15730aa472e73fcf16455ef1b8a3bd
DA:6,1
DA:9,1
DA:11,1
DA:14,1
LF:4
LH:4
end_of_record
TN:
SF:t.37e4f26093b545c2d2950fb75e1f07b926cc02158095f5027e6edfe9b89cf789
DA:6,1
DA:9,1
DA:11,1
DA:14,1
LF:4
LH:4
end_of_record
TN:
SF:t.37fd53bd99603eaaa29d9b8975e7de322f4cc3a0d1c75ddb0518ae28fad95438
DA:6,1
DA:9,1
DA:11,1
DA:14,1
LF:4
LH:4
end_of_record
TN:
SF:t.3806b009e01481b2be821351580cb690a2eeeab7596b20ebca92e1e920dd7e29
DA:5,1
DA:8,1
DA:9,1
DA:13,1
DA:14,0
LF:5
LH:4
end_of_record
TN:
SF:t.386e180b2f337a48ce92edeb6d99bf75d9a93708e9220a7ded98f0d8f3e4b487
DA:6,1
DA:9,1
DA:11,1
DA:14,1
LF:4
LH:4
end_of_record
TN:
SF:t.389446b629b5b01a101ec33191e4f382d684dc84c9464a7d4e0c47b7ff1343f0
DA:6,1
DA:9,1
DA:11,1
DA:14,1
LF:4
LH:4
end_of_record
TN:
SF:t.38ea1c911f6fcf29132b1b6eb26ed92a4811d74e20b793c1cb3d4518be5df503
DA:6,1
DA:9,1
DA:11,1
DA:14,1
LF:4
LH:4
end_of_record
TN:
SF:t.3911fccd2cfb4eaf1dbf127d6b56701c9983f1538b67574e6e205e48679a79b1
DA:6,1
DA:9,1
DA:11,1
DA:14,1
LF:4
LH:4
end_of_record
TN:
SF:t.394f069dbe69ec056a3ce0a0b8b67eaa94333a13fa9d673653def26d2db13768
DA:5,1
DA:8,1
DA:9,1
DA:13,1
DA:14,0
LF:5
LH:4
end_of_record
TN:
SF:t.3966427e33c0428f7cebbcc9f199d0363d1e453e66fc9c403e43090f1b86a761
DA:5,1
DA:8,1
DA:9,1
DA:13,1
DA:14,0
LF:5
LH:4
end_of_record
TN:
SF:t.3970e4aad9bfd95555b2c812959d5685ef758c8b1e0ad793db5110864d36e038
DA:3,1
LF:1
LH:1
end_of_record
TN:
SF:t.3975f8a249c99a32bf1bea61c30824f75e7695198b74612a7b45966f38f935b4
DA:6,1
DA:9,1
DA:11,1
DA:14,1
LF:4
LH:4
end_of_record
TN:
SF:t.398f448cc5aff28802d9ddf9e407d94443aee9c0d449edca82022602161ebde1
DA:6,1
DA:9,1
DA:11,1
DA:14,1
LF:4
LH:4
end_of_record
TN:
SF:t.39c5b284b3ab7d5be86f9478dee06d15234149caf02e6061dd52981a949cc711
DA:6,1
DA:9,1
DA:11,1
DA:14,1
LF:4
LH:4
end_of_record
TN:
SF:t.3a087647582b7797846a909ae36b5a864a03657f0463cfb3e51fba43e726c00e
DA:6,1
DA:9,1
DA:11,1
DA:14,1
LF:4
LH:4
end_of_record
TN:
SF:t.3a0eb682f5b347a9245837a3780a45b7ee5ae8d597c74d3c154c431ec9934dc5
DA:3,1
LF:1
LH:1
end_of_record
TN:
SF:t.3ae3e24ce74e5cc636580d17272a65de10e6af89caad2f8b1397d582f329ef40
DA:6,1
DA:9,1
DA:11,1
DA:14,1
LF:4
LH:4
end_of_record
TN:
SF:t.3afaddc8c16127135ab67a8556f3335280463fb8f36f6618a38d86c88389129c
DA:4,1
LF:1
LH:1
end_of_record
TN:
SF:t.3b125442c97ead02c6041480d8177526d1df68a01eacff5097d4fb214316fb41
DA:5,1
DA:8,1
DA:9,1
DA:13,1
DA:14,0
LF:5
LH:4
end_of_record
TN:
SF:t.3b40b570ab334fc6f0f6b3fc6be760e4260868e19bc6f8cf537f42736337b790
DA:5,1
DA:8,1
DA:9,1
DA:13,1
DA:14,0
LF:5
LH:4
end_of_record
TN:
SF:t.3bbfc4f2fbd5c721b5518aba7a0fc331157514a71bf8a06b5738b6137d60cc9c
DA:3,14
LF:1
LH:1
end_of_record
TN:
SF:t.3beb96b75029e81c49afa785d8206f7ebf4933b1d36305ee8f9d782202328c18
DA:6,1
DA:9,1
DA:11,1
DA:14,1
LF:4
LH:4
end_of_record
TN:
SF:t.3c2a4b61c0b934938ffc72858ed60ecaeb9fda8139694bd82ea9c7c5667bf597
DA:6,1
DA:9,1
DA:11,1
DA:14,1
LF:4
LH:4
end_of_record
TN:
SF:t.3c5994fcf02b4fb91a88b68a4ccde9436170e4c07ff030b79416ae7a3e0b1741
DA:5,1
DA:8,1
DA:9,1
DA:13,1
DA:14,0
LF:5
LH:4
end_of_record
TN:
SF:t.3c5b995baeec1acaecf7e6533995f65319c3347fb3a3983a80a75189030afcb0
DA:5,1
DA:8,1
DA:9,1
DA:13,1
DA:14,0
LF:5
LH:4
end_of_record
TN:
SF:t.3c5e15c328a709e7cd73770f02c6d58dcaec70daaf4cc133a4b4bc6de00dfe41
DA:4,1
LF:1
LH:1
end_of_record
TN:
SF:t.3cb92cce56e198ef5ecea1317c63a4f4e2afb96f1ac022c0d4d1a9bca87a28b3
DA:6,1
DA:9,1
DA:11,1
DA:14,1
LF:4
LH:4
end_of_record
TN:
SF:t.3d0b4e42e01a0d3e60180710230e55134713ceac04ec8abc5e1c5f3f8889d49f
DA:5,1
DA:8,1
DA:9,1
DA:13,1
DA:14,0
LF:5
LH:4
end_of_record
TN:
SF:t.3d16923ad7f2f76f56c4b9c315a4a3996210aa3ae39b45559c6866020d84e9a2
DA:6,1
DA:9,1
DA:11,1
DA:14,1
LF:4
LH:4
end_of_record
TN:
SF:t.3d1a22a66a9b0db843b8e8da40bb688dee732c630196aebd6afc262accc8532f
DA:5,1
DA:8,1
DA:9,1
DA:13,1
DA:14,0
LF:5
LH:4
end_of_record
TN:
SF:t.3d26361f527632ac8bf65e9894a06f22b096373f310b2e4067ec4a4cb288a43d
DA:6,1
DA:9,1
DA:11,1
DA:14,1
LF:4
LH:4
end_of_record
TN:
SF:t.3d8363d9f2eb4edddaacdecf619f05ff08590a5218585a1ec19b5924ca403bb0
DA:6,1
DA:9,1
DA:11,1
DA:14,1
LF:4
LH:4
end_of_record
TN:
SF:t.3e330aa67cd36822a5fe947e383ed27fe1972b440f07a5c4d2b9eac611890f49
DA:6,1
DA:9,1
DA:11,1
DA:14,1
LF:4
LH:4
end_of_record
TN:
SF:t.3e3c74f6d63b75dfc0489c17bf8fc5444fe3dd3cd4b4ef7cd195690bb5174de1
DA:6,1
DA:9,1
DA:11,1
DA:14,1
LF:4
LH:4
end_of_record
TN:
SF:t.3eb41f6f9cd2d92c0f932084e244a16a5e0cc70d6b6bd6119102945b74693190
DA:6,1
DA:9,1
DA:11,1
DA:14,1
LF:4
LH:4
end_of_record
TN:
SF:t.3efbae8d27e57a2035ebc26d7df03e1eb3ee4b45dafd1092636fc9e14d73dcc6
DA:3,1
DA:4,1
LF:2
LH:2
end_of_record
TN:
SF:t.3f1034c2749fe78ac17a889bff31248588cdfea1a3c9c905d9e2102c3822e91d
DA:6,1
DA:9,1
DA:11,1
DA:14,1
LF:4
LH:4
end_of_record
TN:
SF:t.3f64e8e6bf5253e64ac684f06baaa3762b7acaf5bd098520d3a62701427fbbbd
DA:6,1
DA:9,1
DA:11,1
DA:14,1
LF:4
LH:4
end_of_record
TN:
SF:t.3f86a9021c89bfa636810ce779a63f4319331b8b297664c70afbe1f8bcbb8a3b
DA:6,1
DA:9,1
DA:11,1
DA:14,1
LF:4
LH:4
end_of_record
TN:
SF:t.3f90ce9d4820bac821cc5696089c11b125416cf17ad41d25ffbb9016d2f4b228
DA:6,1
DA:9,1
DA:11,1
DA:14,1
LF:4
LH:4
end_of_record
TN:
SF:t.3fb1e04b5e5e9b504f58822b69dfcea707bb9b402cc36b244833e5b28c46a2dc
DA:6,1
DA:9,1
DA:11,1
DA:14,1
LF:4
LH:4
end_of_record
TN:
SF:t.3fc1a3bdba97fabd01e837addf489e08d6d1ec8ebf2b729ba2eaf52f39a091c5
DA:4,1
LF:1
LH:1
end_of_record
TN:
SF:t.3ff7c06350e67de0ba1367311149645d886d6126ba3c905232148d9cce1aed4b
DA:6,1
DA:9,1
DA:11,1
DA:14,1
LF:4
LH:4
end_of_record
TN:
SF:t.402e03225a8e65ac58804db7f075913def7fa288879acdf9ec7895d1d88ba2a2
DA:5,1
DA:8,1
DA:9,1
DA:13,1
DA:14,0
LF:5
LH:4
end_of_record
TN:
SF:t.40436357e62af8a2a96c076f0e67d2319d60dee078485fa4ba18fb108b9e331d
DA:6,1
DA:9,1
DA:11,1
DA:14,1
LF:4
LH:4
end_of_record
TN:
SF:t.40b9e5c40e3a4e74948bdb22bf7c6928a5de1ec39bd13f315b2677e5a9eaca9b
DA:6,1
DA:9,1
DA:11,1
DA:14,1
LF:4
LH:4
end_of_record
TN:
SF:t.40c3240687ec6d3c1e2dde0ded7e7d2c02436ed16de99316ea6e4e083ef07bfe
DA:6,1
DA:9,1
DA:11,1
DA:14,1
LF:4
LH:4
end_of_record
TN:
SF:t.4142726cfa3a78ee9d5a2b3193838598066e8943c695ce9621f15966593cddef
DA:6,1
DA:9,1
DA:11,1
DA:14,1
LF:4
LH:4
end_of_record
TN:
SF:t.41a95e0efa4a00659073916c95567d839705c3ba03fcdbf07207c26028e4acd6
DA:6,1
DA:9,1
DA:11,1
DA:14,1
LF:4
LH:4
end_of_record
TN:
SF:t.41b8ce3583e9e55d88335f48bb9745cf7bb249d153ce9f732a2d2c2b90014366
DA:6,1
DA:9,1
DA:11,1
DA:14,1
LF:4
LH:4
end_of_record
TN:
SF:t.41fbd69990ffec9df02187ac62def33f6af47e4cccdf90e1f0701baa877ca136
DA:6,1
DA:9,1
DA:11,1
DA:14,1
LF:4
LH:4
end_of_record
TN:
SF:t.4215cd2e3c9a765acd3b07473dd3f875f5f0d946e784ec85a1d8646e699c6eab
DA:6,1
DA:9,1
DA:11,1
DA:14,1
LF:4
LH:4
end_of_record
TN:
SF:t.4269a09eb631c82047cfc09ebf7e165b1f3579678aa7d8935ea27973cbd11f90
DA:5,1
DA:8,1
DA:9,1
DA:13,1
DA:14,0
LF:5
LH:4
end_of_record
TN:
SF:t.426d070b9ded6e7827ddaf739d39ea6c8d2844d01a2effa6afa3008238b1846d
DA:5,1
DA:8,1
DA:9,1
DA:13,1
DA:14,0
LF:5
LH:4
end_of_record
TN:
SF:t.42ee2ca6510d096edb0dde2ee2c6d142d9e8741c8d4f2fb3a44493f19590cfad
DA:6,1
DA:9,1
DA:11,1
DA:14,1
LF:4
LH:4
end_of_record
TN:
SF:t.4300a5d0168ee907841e922c833ce1cab44d49b73c06976a23ebfbea116e6429
DA:6,1
DA:9,1
DA:11,1
DA:14,1
LF:4
LH:4
end_of_record
TN:
SF:t.4309212d2d9395cb1c17f6444c6793ee7c26b8f69d53ea35cd9ea7a7051b2206
DA:6,1
DA:9,1
DA:11,1
DA:14,1
LF:4
LH:4
end_of_record
TN:
SF:t.430f8a9c8b7d49526750abf73d555c6a100edb855d325389233ac749825b0116
DA:6,1
DA:9,1
DA:11,1
DA:14,1
LF:4
LH:4
end_of_record
TN:
SF:t.43a5fcf06c7bd89ecd629b4b1216e58656947e23c975450fdcd05a3cf1e4dc97
DA:6,1
DA:9,1
DA:11,1
DA:14,1
LF:4
LH:4
end_of_record
TN:
SF:t.43baf1bc673ed3211fb99c5c9329c71333d74464652ed29224163755949043ff
DA:6,1
DA:9,1
DA:11,1
DA:14,1
LF:4
LH:4
end_of_record
TN:
SF:t.4479ff11729ba1d292d32a9e49116e3cc1c52581b987075ceb99ee3a23554e5d
DA:6,1
DA:9,1
DA:11,1
DA:14,1
LF:4
LH:4
end_of_record
TN:
SF:t.44ea09b6ff4383a0c4cf6d1d0ea1fc77a8b68f0c6e1b2804dc44169231ed6e46
DA:6,1
DA:9,1
DA:11,1
DA:14,1
LF:4
LH:4
end_of_record
TN:
SF:t.4557bc83fc8539ea37cb9e22c725fd0ab564e47dbff04629782a6872c0806432
DA:6,1
DA:9,1
DA:11,1
DA:14,1
LF:4
LH:4
end_of_record
TN:
SF:t.4593ea63e64b20f3ec486d3d321b97ee84f4b6fa9d2a6895cec3ab045fc73a2e
DA:5,1
DA:8,1
DA:9,1
DA:13,1
DA:14,0
LF:5
LH:4
end_of_record
TN:
SF:t.46561c45d2e8bc6891a3d872f4ed80e0a60371453a3c51c9f7a0c849255b241a
DA:6,1
DA:9,1
DA:11,1
DA:14,1
LF:4
LH:4
end_of_record
TN:
SF:t.46a0b6765f77040f119264cc365ff92e537c58d4cf29fe4d806f7e250d34f6f9
DA:5,1
DA:8,1
DA:9,1
DA:13,1
DA:14,0
LF:5
LH:4
end_of_record
TN:
SF:t.46ff84ae651809c2e643ea013ee8b9202c6eff5c80b8170a1f0f79659dc5ce79
DA:5,1
DA:8,1
DA:9,1
DA:13,1
DA:14,0
LF:5
LH:4
end_of_record
TN:
SF:t.4779b5c1fc589a65972a0dc31f1e8dd0d9a779b52f6c00a4fdc30febec185b7c
DA:6,1
DA:9,1
DA:11,1
DA:14,1
LF:4
LH:4
end_of_record
TN:
SF:t.479b9f213ce935e5d5d55dbd207c2f8805bcceac3ef92c29549d4eae646a45d6
DA:6,1
DA:9,1
DA:11,1
DA:14,1
LF:4
LH:4
end_of_record
TN:
SF:t.47cd937ee211e24c80eec4d5f1521bbf144ee7148ddfe735c24ebb8e4f38f4ae
DA:5,1
DA:8,1
DA:9,1
DA:13,1
DA:14,0
LF:5
LH:4
end_of_record
TN:
SF:t.47dfa0679aaa6280913783bee691210f57e88322ceea8bd4e43a61c6ad5fd24a
DA:6,1
DA:9,1
DA:11,1
DA:14,1
LF:4
LH:4
end_of_record
TN:
SF:t.480519ea1897254f50f049a0039cec609efaf4ee6a8319c7eb07231481038876
DA:4,1
LF:1
LH:1
end_of_record
TN:
SF:t.485121602a4d74fa08285ce8c4875c3997d448da09d5062df83098693e707e1a
DA:6,1
DA:9,1
DA:11,1
DA:14,1
LF:4
LH:4
end_of_record
TN:
SF:t.487808d5e86679f3d6fdcc298cafddf1c40ab036a233269276eca7b6ec58bd6b
DA:6,1
DA:9,1
DA:11,1
DA:14,1
LF:4
LH:4
end_of_record
TN:
SF:t.488098556e4312b6265df6cd41782e6b6f2186e80b9ce34068ce49f5f86ea451
DA:6,1
DA:9,1
DA:11,1
DA:14,1
LF:4
LH:4
end_of_record
TN:
SF:t.48a8639c8db7526ec9fc8b8ec538b84c91d3a5db872e6098f46c1be273acb5aa
DA:5,1
DA:8,1
DA:9,1
DA:13,1
DA:14,0
LF:5
LH:4
end_of_record
TN:
SF:t.4928be3c19d7a57a0c1190ae3d25d1987f9065c52291993bb0c378b539c066ee
DA:5,1
DA:8,1
DA:9,1
DA:13,1
DA:14,0
LF:5
LH:4
end_of_record
TN:
SF:t.4a494e9a6779c4c0f62911034e12902b93852f82a265b3b8b758043066c81053
DA:3,14
LF:1
LH:1
end_of_record
TN:
SF:t.4a53edb474a086ea7c21b3a12211bddeed51e8f35e17697841b389cc0f7effd4
DA:5,1
DA:8,1
DA:9,1
DA:13,1
DA:14,0
LF:5
LH:4
end_of_record
TN:
SF:t.4a87e580a88b54cb92b21997a46b7549b8924a54e82eaace7aa14f0fa937f557
DA:5,1
DA:8,1
DA:9,1
DA:13,1
DA:14,0
LF:5
LH:4
end_of_record
TN:
SF:t.4a8f507833210285dda2fe43005b096325a7a315cb22de5df719a0dffbc7ed95
DA:6,1
DA:9,1
DA:11,1
DA:14,1
LF:4
LH:4
end_of_record
TN:
SF:t.4ab893b25512531413c6f13abbd3c38aec54132b15c227d49155b271df474e8e
DA:4,1
LF:1
LH:1
end_of_record
TN:
SF:t.4ae0aa4a0fdbff107c2c386a2adb82c8c19851b1c7e6bce92c2e86cba4e4e8c7
DA:6,1
DA:9,1
DA:11,1
DA:14,1
LF:4
LH:4
end_of_record
TN:
SF:t.4aff06af1f6d9d9c3fb9894b9f4d87da592c93df64c7a0171deeeb23ce1c088f
DA:5,1
DA:8,1
DA:9,1
DA:13,1
DA:14,0
LF:5
LH:4
end_of_record
TN:
SF:t.4b42d7e4f5bba385091f571bb76001a878783719cf45197bee2ad3148d14f1b3
DA:5,1
DA:8,1
DA:9,1
DA:13,1
DA:14,0
LF:5
LH:4
end_of_record
TN:
SF:t.4b75fb910388af6cf90f7b3c860ffade05a6769c2b46365617369e85e0a9b731
DA:5,1
DA:8,1
DA:9,1
DA:13,1
DA:14,0
LF:5
LH:4
end_of_record
TN:
SF:t.4be0b7b4b5b812e765c3d8669837921643ab01c151f435c7afec12b1469b6b58
DA:5,1
DA:8,1
DA:9,1
DA:13,1
DA:14,0
LF:5
LH:4
end_of_record
TN:
SF:t.4c0339ea51c177c6a06bc579ae5e9846115d824b459e529f792f3f95b0120019
DA:6,1
DA:9,1
DA:11,1
DA:14,1
LF:4
LH:4
end_of_record
TN:
SF:t.4c1bfa61ad223ed916b21e99a828a6e5f9bb4565f370e8bf08b3ad4a43840ef7
DA:6,1
DA:9,1
DA:11,1
DA:14,1
LF:4
LH:4
end_of_record
TN:
SF:t.4c6ef05fbdfec464e7dba03f84d883c2b0913d03ec79bf26a21357c867fea89f
DA:4,1
LF:1
LH:1
end_of_record
TN:
SF:t.4c9537998a20ceb3e33045c07cc61775685aa1b73b3772d6c9258bb683f64b6f
DA:6,1
DA:9,1
DA:11,1
DA:14,1
LF:4
LH:4
end_of_record
TN:
SF:t.4d042a33d201c82ff8d2b5142633d88d77086c8f31a55d5759e75fe4b5ab6f19
DA:5,1
DA:8,1
DA:9,1
DA:13,1
DA:14,0
LF:5
LH:4
end_of_record
TN:
SF:t.4d1448028475554108b81f447e7ebc2362832fa8840318c440964729e886e3b2
DA:5,1
DA:8,1
DA:9,1
DA:13,1
DA:14,0
LF:5
LH:4
end_of_record
TN:
SF:t.4d202557b5e31cfb2baf54c7b4598e6ffff0464b33af7f541c52a8e3ea939bf1
DA:6,1
DA:9,1
DA:11,1
DA:14,1
LF:4
LH:4
end_of_record
TN:
SF:t.4d4b0c897a2bda6bd4fc3724aa3d55bb72238d37b917ac858119f57317b345f3
DA:6,1
DA:9,1
DA:11,1
DA:14,1
LF:4
LH:4
end_of_record
TN:
SF:t.4d88dcf982fa2e64fc4f18de034b21dc7f4af0058e750ebc640ae61b7c6e1a62
DA:6,1
DA:9,1
DA:11,1
DA:14,1
LF:4
LH:4
end_of_record
TN:
SF:t.4dd90ceb53ecaf55e6523ea4709c9f06309493057e88367e6948db920bd426eb
DA:6,1
DA:9,1
DA:11,1
DA:14,1
LF:4
LH:4
end_of_record
TN:
SF:t.4de023b1eb09c119ef86139537188bd7b312265b4c73666f282e736d3314bb20
DA:3,1
DA:4,1
LF:2
LH:2
end_of_record
TN:
SF:t.4e12258cd91c28941e6a711667f576a6468c84ab1c39a49145439c3224e1cda2
DA:6,1
DA:9,1
DA:11,1
DA:14,1
LF:4
LH:4
end_of_record
TN:
SF:t.4e22832ca6e867e9f3ffd7a5ed22a35f798bacf2c002739ca4ccf7612c5ba511
DA:6,1
DA:9,1
DA:11,1
DA:14,1
LF:4
LH:4
end_of_record
TN:
SF:t.4e50107b19e52c57138c69430864c0288829eda125ae04d20848e7fee2ef6495
DA:5,1
DA:8,1
DA:9,1
DA:13,1
DA:14,0
LF:5
LH:4
end_of_record
TN:
SF:t.4e9d6ace42e0c6dd83765be47bd1002587758d1e121728b576c71060e9539eff
DA:5,1
DA:8,1
DA:9,1
DA:13,1
DA:14,0
LF:5
LH:4
end_of_record
TN:
SF:t.4ecb2a76a14fc7d142744c05c4301927c35935d47e61e5757d80c0afee64addb
DA:6,1
DA:9,1
DA:11,1
DA:14,1
LF:4
LH:4
end_of_record
TN:
SF:t.4ef1dda4b2503856758057320f3ba4fcde3ddccc520893047befa6c09a002227
DA:6,1
DA:9,1
DA:11,1
DA:14,1
LF:4
LH:4
end_of_record
TN:
SF:t.4f074ecc47eb2ec3855cf921651571107e39c69aced6705802161bdee1a9fe62
DA:4,1
LF:1
LH:1
end_of_record
TN:
SF:t.4f199c3265655ff85aaaf13ad78b12678ed4c7bea7a6af50dbd972aff1382cb5
DA:6,1
DA:9,1
DA:11,1
DA:14,1
LF:4
LH:4
end_of_record
TN:
SF:t.4f2d5d33710c8fd6c1c48a1701c3734adfedf3b91a46bdc58df26c29cf5ea114
DA:6,1
DA:9,1
DA:11,1
DA:14,1
LF:4
LH:4
end_of_record
TN:
SF:t.506d031a29f2548709867860eba1c7df3aa5ebc449dae4011d387bf9b9e82780
DA:6,1
DA:9,1
DA:11,1
DA:14,1
LF:4
LH:4
end_of_record
TN:
SF:t.506de1d03cace4490fa9d8bed74832b4651d355388a24d39d2975f18268eb093
DA:6,1
DA:9,1
DA:11,1
DA:14,1
LF:4
LH:4
end_of_record
TN:
SF:t.507d4f09e497a4f3b2f4ef91985aa7222410555bfd1669520e27fda3515d2394
DA:6,1
DA:9,1
DA:11,1
DA:14,1
LF:4
LH:4
end_of_record
TN:
SF:t.50db7af02b556b15baa5cb8fa1e2150a451571f9ed4b81d4f331f28493b63c99
DA:6,1
DA:9,1
DA:11,1
DA:14,1
LF:4
LH:4
end_of_record
TN:
SF:t.5175d27bd897b3d240f8542db0c4f188982dae7bbfa6881b7e38016dc2deceac
DA:6,1
DA:9,1
DA:11,1
DA:14,1
LF:4
LH:4
end_of_record
TN:
SF:t.517e6b2466b515aaee1eea002f5ccbe66cd7a260f9db56d6b7ae24861e716784
DA:6,1
DA:9,1
DA:11,1
DA:14,1
LF:4
LH:4
end_of_record
TN:
SF:t.51cc20374d74a4eaf93e58bb4e7b3b0f3122689fa728be862cd5f187c2ed7c2c
DA:10,14
DA:14,14
DA:20,14
DA:21,14
DA:23,14
DA:25,14
LF:6
LH:6
end_of_record
TN:
SF:t.528f155cdeca71a848b160249cc7aa9f0e7c5015e489717d74c44bd5ae3b7943
DA:6,1
DA:9,1
DA:11,1
DA:14,1
LF:4
LH:4
end_of_record
TN:
SF:t.52b3bece076150cb965c8da1a759968ac00754cff90a2025ba7e34c2376ac8f2
DA:6,1
DA:9,1
DA:11,1
DA:14,1
LF:4
LH:4
end_of_record
TN:
SF:t.52b63cf3b86333ad047a513d9572fb233bbae2c61219d43568cb61aec9b52b3a
DA:6,1
DA:9,1
DA:11,1
DA:14,1
LF:4
LH:4
end_of_record
TN:
SF:t.53313d19cbebeadbf28594002f570cb1a44ea54f7d898126819281d5e4f2bbb8
DA:6,1
DA:9,1
DA:11,1
DA:14,1
LF:4
LH:4
end_of_record
TN:
SF:t.5363f192fed38e5b00d00263f1f2bda990b4b2c6de5862e55b77ab38bd72b49a
DA:6,1
DA:9,1
DA:11,1
DA:14,1
LF:4
LH:4
end_of_record
TN:
SF:t.537408ff0e5ab31024061bd459b9498ec17c7a4c2dc246a3b37fba9fc69d3603
DA:5,1
DA:8,1
DA:9,1
DA:13,1
DA:14,0
LF:5
LH:4
end_of_record
TN:
SF:t.53be5980adb37061e98531647930059680040bf4d5d499ea3d6952faac030f2e
DA:6,1
DA:9,1
DA:11,1
DA:14,1
LF:4
LH:4
end_of_record
TN:
SF:t.53d4f253cd34ded843b09d76c367663e6be0d5367e8a3c6bd1d7857692ba847c
DA:6,1
DA:9,1
DA:11,1
DA:14,1
LF:4
LH:4
end_of_record
TN:
SF:t.5401aef1fb78d190f9dc2850f8f303fb8c37de5b8c98c5883c2ebd05b9f9442e
DA:5,1
DA:8,1
DA:9,1
DA:13,1
DA:14,0
LF:5
LH:4
end_of_record
TN:
SF:t.547eb5fa391fa957761763fd6dd9abd0a00f2a9fa36d16b0cfaacbec1bbc7dfc
DA:5,1
DA:8,1
DA:9,1
DA:13,1
DA:14,0
LF:5
LH:4
end_of_record
TN:
SF:t.54c83097c042b587862c0c9a893e6c5c4cc7d7ecc624539fdbc75ad8fde79889
DA:6,1
DA:9,1
DA:11,1
DA:14,1
LF:4
LH:4
end_of_record
TN:
SF:t.553f9df38aace0eb15c9bc80be0e412567c7d87996667e77ad991a2b82d25ff1
DA:6,1
DA:9,1
DA:11,1
DA:14,1
LF:4
LH:4
end_of_record
TN:
SF:t.5574c60f43778215f6a28107ee889541e6f4262c6592487d73bd879e76c6c623
DA:6,1
DA:9,1
DA:11,1
DA:14,1
LF:4
LH:4
end_of_record
TN:
SF:t.559036edbee9bd784d9cda85967b7f5e0e830d2d8bfcc965c3a22653f34156df
DA:6,1
DA:9,1
DA:11,1
DA:14,1
LF:4
LH:4
end_of_record
TN:
SF:t.55afe39f15d619e8b8ff01c6d1dee3de35280a20a8baf2d1140ad449a4b4a420
DA:6,1
DA:9,1
DA:11,1
DA:14,1
LF:4
LH:4
end_of_record
TN:
SF:t.55e174709093f4351d74d15d573c9bf86a5801dd928178bdb4741863f1e9f7e2
DA:3,1
LF:1
LH:1
end_of_record
TN:
SF:t.55ee845bc6c321827afabc301b5a9228f5d773fcaf71206fee0a2aaebf770bd3
DA:6,1
DA:9,1
DA:11,1
DA:14,1
LF:4
LH:4
end_of_record
TN:
SF:t.5610e1dcf04251f7c22e7add5b2d69478d7284a289aaa2798d8cfd492c73827f
DA:5,1
DA:8,1
DA:9,1
DA:13,1
DA:14,0
LF:5
LH:4
end_of_record
TN:
SF:t.561f51b01e0ca115984e81f61ccf31527e32feae6fa837bb4e9e1f2760639c17
DA:6,1
DA:9,1
DA:11,1
DA:14,1
LF:4
LH:4
end_of_record
TN:
SF:t.562c177e2e3169d15a646dfa76f936b5d9dd3477736bec656e4beff70d0f0c5a
DA:6,1
DA:9,1
DA:11,1
DA:14,1
LF:4
LH:4
end_of_record
TN:
SF:t.569e1d8b9aab86fa93b7d33e6ee1a99cece021667e8512f8e2698ccb22ce5aec
DA:5,1
DA:8,1
DA:9,1
DA:13,1
DA:14,0
LF:5
LH:4
end_of_record
TN:
SF:t.56d28c178a3d6c2e63371b011d6094151b47b0072ee671a4dcee1b7f9faa3d02
DA:5,1
DA:8,1
DA:9,1
DA:13,1
DA:14,0
LF:5
LH:4
end_of_record
TN:
SF:t.5767f624f871b82b1ff5a06f726fe281b5764b2b988549f987c77766d69ea2d4
DA:6,1
DA:9,1
DA:11,1
DA:14,1
LF:4
LH:4
end_of_record
TN:
SF:t.5805b0c6281efc28f2bd6b0d06ef89de442585e608f0219e9deb0ab4d1623068
DA:5,1
DA:8,1
DA:9,1
DA:13,1
DA:14,0
LF:5
LH:4
end_of_record
TN:
SF:t.580a16629e6a517ed36554d529a0310cd9b7fd10263f2a9dcdbaf95c669fe93f
DA:6,1
DA:9,1
DA:11,1
DA:14,1
LF:4
LH:4
end_of_record
TN:
SF:t.582f30c82fc9d34bdf39568c7e28809e0e074863008f47cd833f74c187a9ad46
DA:6,1
DA:9,1
DA:11,1
DA:14,1
LF:4
LH:4
end_of_record
TN:
SF:t.584be04346169f86dcc6f6b03e185597246167db18c6653d36f1fcc57b3b0ce0
DA:5,1
DA:8,1
DA:9,1
DA:13,1
DA:14,0
LF:5
LH:4
end_of_record
TN:
SF:t.58c72ee6eb17438ad4c1446c0576e337c781a0b774b68b4262f95e02aa49e942
DA:5,1
DA:8,1
DA:9,1
DA:13,1
DA:14,0
LF:5
LH:4
end_of_record
TN:
SF:t.58e30fc60b899d96daeccbdbf4149847221f9e46ad6b171bcb3bc21b438af2bb
DA:6,1
DA:9,1
DA:11,1
DA:14,1
LF:4
LH:4
end_of_record
TN:
SF:t.593409e4f76039a6cb1667d5f7adb27c03bdca8351e62d2f23467f99e80918ee
DA:6,1
DA:9,1
DA:11,1
DA:14,1
LF:4
LH:4
end_of_record
TN:
SF:t.593bd126bfd88a2bed2f74ee109171d0df47a0e67dfd6db1c91524a37c372bf7
DA:5,1
DA:8,1
DA:9,1
DA:13,1
DA:14,0
LF:5
LH:4
end_of_record
TN:
SF:t.59650b8b33a4a32bfb92a423fff33a1e918045dee750cbdcc0c24456e32ab9ba
DA:6,1
DA:9,1
DA:11,1
DA:14,1
LF:4
LH:4
end_of_record
TN:
SF:t.59939b9791b102774db1bc2fd6e08a391c9235480d1ef541506093af36db4bf8
DA:4,1
LF:1
LH:1
end_of_record
TN:
SF:t.59b76ddc82151da33e84d9becdd17098fe99bb3886f161760922bd5ece18b3c1
DA:5,1
DA:8,1
DA:9,1
DA:13,1
DA:14,0
LF:5
LH:4
end_of_record
TN:
SF:t.59d64d72d5053ae447d78267f81a828bc14f62401da64b4cee8130c7cd3555b9
DA:5,1
DA:8,1
DA:9,1
DA:13,1
DA:14,0
LF:5
LH:4
end_of_record
TN:
SF:t.59fab266e245724a8aff205349e7d9c342f32f4e53a2a311d5a3459f9e27b00c
DA:6,1
DA:9,1
DA:11,1
DA:14,1
LF:4
LH:4
end_of_record
TN:
SF:t.5a45ee0c16890c9adf915acebbe5924bf32286f043e731648897372ab9523455
DA:6,1
DA:9,1
DA:11,1
DA:14,1
LF:4
LH:4
end_of_record
TN:
SF:t.5ad7d49bfcea5917ab9aea0733018849a339b49612f654f34a789b9320933382
DA:5,1
DA:8,1
DA:9,1
DA:13,1
DA:14,0
LF:5
LH:4
end_of_record
TN:
SF:t.5b48666fe2f6256197b62a78403f3d7598d26320d5c2ffbfe27dc4346508a47c
DA:5,1
DA:8,1
DA:9,1
DA:13,1
DA:14,0
LF:5
LH:4
end_of_record
TN:
SF:t.5b4f5a28f2321e58db65ff9069f383a9c00eb31e0e460eed1b55a6cea108d1c5
DA:5,1
DA:8,1
DA:9,1
DA:13,1
DA:14,0
LF:5
LH:4
end_of_record
TN:
SF:t.5b5b9684ef8b9aa013ee2a45720aa88aaac1a8bbed31dfe782e9f641a9502b4d
DA:6,1
DA:9,1
DA:11,1
DA:14,1
LF:4
LH:4
end_of_record
TN:
SF:t.5c7c2f7582ee0c90487462278acb7a6d5613d48f3f0e86b9a0ba5b5da3aea9e3
DA:6,1
DA:9,1
DA:11,1
DA:14,1
LF:4
LH:4
end_of_record
TN:
SF:t.5c8dcb38fd72303300832be07f18eb2dc4e88e7435e3711f1f11074c7197ab13
DA:5,1
DA:8,1
DA:9,1
DA:13,1
DA:14,0
LF:5
LH:4
end_of_record
TN:
SF:t.5cb81e6241852031b428acdc5f24a7c0c87eabe110c8157bceaf0653d06bdaed
DA:5,1
DA:8,1
DA:9,1
DA:13,1
DA:14,0
LF:5
LH:4
end_of_record
TN:
SF:t.5ce4e556f531ee844c5222ae02e0c4497a4af3c27619101cb344ef080d2b67fe
DA:6,1
DA:9,1
DA:11,1
DA:14,1
LF:4
LH:4
end_of_record
TN:
SF:t.5d0b823f3c1091c4fa5bf5ca3f0451a7ebcba917e65ac7c5623d58168cfd4111
DA:6,1
DA:9,1
DA:11,1
DA:14,1
LF:4
LH:4
end_of_record
TN:
SF:t.5d58421cbca80c4fc93637ced8d5ce9178afb85ff929e5f15586af75f81c3d2e
DA:6,1
DA:9,1
DA:11,1
DA:14,1
LF:4
LH:4
end_of_record
TN:
SF:t.5dab5b5c2b88cecf7bf4498767530333da2bc7af0901ce7c9610a0815d8bd59d
DA:6,1
DA:9,1
DA:11,1
DA:14,1
LF:4
LH:4
end_of_record
TN:
SF:t.5e4b6d45d9d815623080122eb9be6eb7c9825bb9d873dcc9784093898183ef2d
DA:6,1
DA:9,1
DA:11,1
DA:14,1
LF:4
LH:4
end_of_record
TN:
SF:t.5e872193246c112fbaf606a59a57327733201080f34c9863f6b1428eae22d7d0
DA:6,1
DA:9,1
DA:11,1
DA:14,1
LF:4
LH:4
end_of_record
TN:
SF:t.5e9b19ddf54633fae57adafc88f387eac53b147ea5131efab0e7abc6de5cf649
DA:6,1
DA:9,1
DA:11,1
DA:14,1
LF:4
LH:4
end_of_record
TN:
SF:t.5ebb7e916f40104031d2784d819ec435c2e820b2a3fc9962f3f0b6faafea3443
DA:6,1
DA:9,1
DA:11,1
DA:14,1
LF:4
LH:4
end_of_record
TN:
SF:t.5ec01e94a77b66b218b1185cde53e7c1e2bbab20f80b3ea7a9837e109a4d1f3c
DA:6,1
DA:9,1
DA:11,1
DA:14,1
LF:4
LH:4
end_of_record
TN:
SF:t.5f0c69915958ddc5bf0e431dfa7f2275193317824440fe5baca39b3b1fae807e
DA:6,1
DA:9,1
DA:11,1
DA:14,1
LF:4
LH:4
end_of_record
TN:
SF:t.5f388a7759cb73b35810a7e38351d20119269b97e19a3ef2ef72cb20b03c5f37
DA:5,1
DA:8,1
DA:9,1
DA:13,1
DA:14,0
LF:5
LH:4
end_of_record
TN:
SF:t.5f60817d33fc559ea726c8de7b828e08954f7b7a7009c647e650da2d502c0c29
DA:6,1
DA:9,1
DA:11,1
DA:14,1
LF:4
LH:4
end_of_record
TN:
SF:t.5fcbf05184c5087ed27fb778fac81e650274508eec438ba2a81b12026b52c6d9
DA:6,1
DA:9,1
DA:11,1
DA:14,1
LF:4
LH:4
end_of_record
TN:
SF:t.5fefbf370e4da87121856f8bf5ad1c45dab03287120614a5b8de80d1c8a1d572
DA:6,1
DA:9,1
DA:11,1
DA:14,1
LF:4
LH:4
end_of_record
TN:
SF:t.5ff0f785bab4bf3ccf948c32bcade33d0895b10899be3eb16e761ca32f89f46e
DA:4,1
LF:1
LH:1
end_of_record
TN:
SF:t.60824450c91380aa83f610c6fa900b4e76e14c9922631beb482eb819365520d0
DA:3,3
DA:4,3
LF:2
LH:2
end_of_record
TN:
SF:t.616a774a488ffbfe81f7ebc7331dfb532cbd17cad6431d0ccecccb76f7bb44dd
DA:5,1
DA:8,1
DA:9,1
DA:13,1
DA:14,0
LF:5
LH:4
end_of_record
TN:
SF:t.617ffee68e00f13bf1e14ce9307056b0f1f0043d12deb3268c1805bda57b1ca4
DA:5,1
DA:8,1
DA:9,1
DA:13,1
DA:14,0
LF:5
LH:4
end_of_record
TN:
SF:t.61c71beebb6abcadc6c89daae4c990ef1a0c5e9992a0f40e5b8a3f7b753e86a1
DA:5,1
DA:8,1
DA:9,1
DA:13,1
DA:14,0
LF:5
LH:4
end_of_record
TN:
SF:t.61ebfa79faf7b3dd1113240b12d7ec10c79f48f1dddeaa085ee40211acd3a0d7
DA:5,1
DA:8,1
DA:9,1
DA:13,1
DA:14,0
LF:5
LH:4
end_of_record
TN:
SF:t.624a1c4f8d38d11151ccf64dc2d51576616bc989138d45d65c79ff8a8c2161f3
DA:5,1
DA:8,1
DA:9,1
DA:13,1
DA:14,0
LF:5
LH:4
end_of_record
TN:
SF:t.6257a229944ed256a5a5c17c77d6b2da857feec160d260899a9f62a4b274877e
DA:6,1
DA:9,1
DA:11,1
DA:14,1
LF:4
LH:4
end_of_record
TN:
SF:t.62a9f5e9d6ee5a86f7b87135611914c30fef7ddcc1b073a97cfc6998c1ccd04d
DA:6,1
DA:9,1
DA:11,1
DA:14,1
LF:4
LH:4
end_of_record
TN:
SF:t.62b48288f303a527cb113e9866edc8dbace80b08e5f4217a71f4d659f1bcca69
DA:6,1
DA:9,1
DA:11,1
DA:14,1
LF:4
LH:4
end_of_record
TN:
SF:t.62c0151fab45a36e38d8c67f7ab37a52b3c3eba0124dcf27b3e35bcf0d423878
DA:5,1
DA:8,1
DA:9,1
DA:13,1
DA:14,0
LF:5
LH:4
end_of_record
TN:
SF:t.62e1823bf6d7f66550080ff79493a56f24a884abc666a0230b7517454f6cf008
DA:6,1
DA:9,1
DA:11,1
DA:14,1
LF:4
LH:4
end_of_record
TN:
SF:t.6316f73342eeb8ac846065ea41ab8e1a9d9394b81012b064fe3d5d12ea6993b9
DA:5,1
DA:8,1
DA:9,1
DA:13,1
DA:14,0
LF:5
LH:4
end_of_record
TN:
SF:t.63255b3d4e3fc17f3c858a45f3f35cdc60b2f214eb34388a2dbbb7edf191a753
DA:6,1
DA:9,1
DA:11,1
DA:14,1
LF:4
LH:4
end_of_record
TN:
SF:t.63e9a74e92fdcadf5511771ad1ad485f47d96a33bad654a7fef74f4f7be4abc5
DA:6,1
DA:9,1
DA:11,1
DA:14,1
LF:4
LH:4
end_of_record
TN:
SF:t.640fb2b4fad4459b7d3f9a68c33df36d3ac0cfed72302545776d3fcdda99c32b
DA:6,1
DA:9,1
DA:11,1
DA:14,1
LF:4
LH:4
end_of_record
TN:
SF:t.643b21115102e9d639015c56d44c0a8c57b01769ce6ca9bbdd0a0f2be263bb48
DA:5,1
DA:8,1
DA:9,1
DA:13,1
DA:14,0
LF:5
LH:4
end_of_record
TN:
SF:t.646802c33c5b60a2e54e19098d1b4ce8d2ea829605663bd7690824cbc1319915
DA:6,1
DA:9,1
DA:11,1
DA:14,1
LF:4
LH:4
end_of_record
TN:
SF:t.64c64144dbf27c7a8fa8d436d47517f7c32afab85f87870e05393e4dc4106e9e
DA:6,1
DA:9,1
DA:11,1
DA:14,1
LF:4
LH:4
end_of_record
TN:
SF:t.650045ed8c77799a192fbc4fe11f133fd74c9800759e333af20b6ce512f6163e
DA:6,1
DA:9,1
DA:11,1
DA:14,1
LF:4
LH:4
end_of_record
TN:
SF:t.65374da52103d05856aac6815280809d68e6dd5fe15c2aefeb6a8cff31043ac6
DA:6,1
DA:9,1
DA:11,1
DA:14,1
LF:4
LH:4
end_of_record
TN:
SF:t.654a76314af3ef9ee30d492554a0b8629b5745cca64e0baf9d7bf542a01b2079
DA:6,1
DA:9,1
DA:11,1
DA:14,1
LF:4
LH:4
end_of_record
TN:
SF:t.65a8b865d661d128a04cac7bcb02794a94da9d1814a407d1c4e0039ed3b1fe94
DA:5,1
DA:8,1
DA:9,1
DA:13,1
DA:14,0
LF:5
LH:4
end_of_record
TN:
SF:t.6615510b59e004f99c4e53082adb2e459d7eb6ad086b9d25bcc33808b32373bc
DA:6,1
DA:9,1
DA:11,1
DA:14,1
LF:4
LH:4
end_of_record
TN:
SF:t.661c015fbfc500a1104018ce74ffcfb936f9e980e056ce1df823b4941bfd94eb
DA:6,1
DA:9,1
DA:11,1
DA:14,1
LF:4
LH:4
end_of_record
TN:
SF:t.6637a4d542883a9b51210362e3acafb0249b21d276d4401da42a6cdfb02e805d
DA:6,1
DA:9,1
DA:11,1
DA:14,1
LF:4
LH:4
end_of_record
TN:
SF:t.666d738804de66d5b989b8323d6ff3259c078ddf8eaadf9d8f64b56b85f02ec0
DA:6,1
DA:9,1
DA:11,1
DA:14,1
LF:4
LH:4
end_of_record
TN:
SF:t.66ef89ae937c66ef7eb0bae69ded21be1f6b2d86a2e681e10061d9384acc2a92
DA:6,1
DA:9,1
DA:11,1
DA:14,1
LF:4
LH:4
end_of_record
TN:
SF:t.6715828292e4cfd588eda07f4d0b6313943961510bc8ac894e3cc7e1bea4b720
DA:6,1
DA:9,1
DA:11,1
DA:14,1
LF:4
LH:4
end_of_record
TN:
SF:t.6791dda438126d7096bd571244e2370df0799eff70d15e0b6c3473612a9f48d3
DA:5,1
DA:8,1
DA:9,1
DA:13,1
DA:14,0
LF:5
LH:4
end_of_record
TN:
SF:t.6795149b2f6d510fa405454f48d4ae2b16bf42e757873cbf3419f56a92db74b1
DA:6,1
DA:9,1
DA:11,1
DA:14,1
LF:4
LH:4
end_of_record
TN:
SF:t.67973ded5b41b1c58840c9671540596cc6df20fc1d5c0ba48d38433c540f3cfa
DA:6,1
DA:9,1
DA:11,1
DA:14,1
LF:4
LH:4
end_of_record
TN:
SF:t.67a121f80da0e819470ee272e99e2e4832320821a89cb777667d5d330ec19ef1
DA:6,1
DA:9,1
DA:11,1
DA:14,1
LF:4
LH:4
end_of_record
TN:
SF:t.67f50627e3902fd31074bd6214fd500588635bd1694a5115be9ce3130258c173
DA:6,1
DA:9,1
DA:11,1
DA:14,1
LF:4
LH:4
end_of_record
TN:
SF:t.680a884b0985853545836a25a109390efe1b8d3abdfa61dfb78777ec18e2eb0b
DA:6,1
DA:9,1
DA:11,1
DA:14,1
LF:4
LH:4
end_of_record
TN:
SF:t.68561dc595a08cf9dde47fb8e16526d1b54db1c6acce25e245d77884c717ed37
DA:6,1
DA:9,1
DA:11,1
DA:14,1
LF:4
LH:4
end_of_record
TN:
SF:t.685c00cd078bb0efd7512b6e7c706e7d698471c96175b1eeea0abef9cdb568ab
DA:5,1
DA:8,1
DA:9,1
DA:13,1
DA:14,0
LF:5
LH:4
end_of_record
TN:
SF:t.68b4054c3bb76e0a4b38c27dfc2c03dffaac4ff0c70ec2214059e1de862d9536
DA:5,1
DA:8,1
DA:9,1
DA:13,1
DA:14,0
LF:5
LH:4
end_of_record
TN:
SF:t.68f46c61db36849090dea67d2f89cbbc4d50ce406ce2c00a72c93d2412a337eb
DA:5,1
DA:8,1
DA:9,1
DA:13,1
DA:14,0
LF:5
LH:4
end_of_record
TN:
SF:t.68f97c28a94331adb0276c3ca3970e143c2bdfe1f6fbfe0a95d1a86e9b542696
DA:6,1
DA:9,1
DA:11,1
DA:14,1
LF:4
LH:4
end_of_record
TN:
SF:t.692696b62a331ddf20952550d4a567782c29809e19b51857c0087f3bec427476
DA:6,1
DA:9,1
DA:11,1
DA:14,1
LF:4
LH:4
end_of_record
TN:
SF:t.6988d530bf86fe4bd3975a4c2bb70b441ddb1606ec5e0b1016bc08141f47ee72
DA:5,1
DA:8,1
DA:9,1
DA:13,1
DA:14,0
LF:5
LH:4
end_of_record
TN:
SF:t.69a1db7b25b36933fb3523491286e58db09d2088355e43e8dab10e2eb3e978e5
DA:5,1
DA:8,1
DA:9,1
DA:13,1
DA:14,0
LF:5
LH:4
end_of_record
TN:
SF:t.69accef60ea3df80d4f9786fdb37fadac3e3ac5abb7d5477e53b12fa5ae81d07
DA:6,1
DA:9,1
DA:11,1
DA:14,1
LF:4
LH:4
end_of_record
TN:
SF:t.69be44f9c341051471c31c5242e7c30660b06fe7d0a125b9f8a91e93f49bd8b7
DA:3,14
LF:1
LH:1
end_of_record
TN:
SF:t.6a15e6893ae7c26df82439092fe5a7fef2ba97dbf1ee051adbafff568d66bd2c
DA:6,1
DA:9,1
DA:11,1
DA:14,1
LF:4
LH:4
end_of_record
TN:
SF:t.6a7435b3bcc3e22e961ad0d8f98bf20e10086621ba3508c110d7a49fa48eed06
DA:5,1
DA:8,1
DA:9,1
DA:13,1
DA:14,0
LF:5
LH:4
end_of_record
TN:
SF:t.6aca90b007c857a7b6a9a4ead3a17e89ca750dd7087090ba9d44a382669ceea9
DA:6,1
DA:9,1
DA:11,1
DA:14,1
LF:4
LH:4
end_of_record
TN:
SF:t.6acb14d4f39e18fdf266bcf63f8a227d899c7740975c7f6d5ac3de18aa2b9e39
DA:6,1
DA:9,1
DA:11,1
DA:14,1
LF:4
LH:4
end_of_record
TN:
SF:t.6b28762e3db4908324c076985a865cf39d4df6c620be1d00413e80d419beb3de
DA:6,1
DA:9,1
DA:11,1
DA:14,1
LF:4
LH:4
end_of_record
TN:
SF:t.6b95e488b539e32b0f93dfaef1ed441c839a9a942374954c79e591d718668e36
DA:6,1
DA:9,1
DA:11,1
DA:14,1
LF:4
LH:4
end_of_record
TN:
SF:t.6c08499ffa1f34cfbb7607c3e239815a0c07d5431bc1eb1eea14e1a5eecb7401
DA:6,1
DA:9,1
DA:11,1
DA:14,1
LF:4
LH:4
end_of_record
TN:
SF:t.6c50f21e722b4f70992f32addd86d6b95a9757c436ef5f9af8cd64b3c82a960a
DA:6,1
DA:9,1
DA:11,1
DA:14,1
LF:4
LH:4
end_of_record
TN:
SF:t.6cc1812694b364348d56c0e975f35ad1687c102f68109b272a3a91bf4bead7a6
DA:6,1
DA:9,1
DA:11,1
DA:14,1
LF:4
LH:4
end_of_record
TN:
SF:t.6d3bea783dac273a0e9a7a7c41e24e6402b23ea9bc07d21bd70b017bd83b15d7
DA:6,1
DA:9,1
DA:11,1
DA:14,1
LF:4
LH:4
end_of_record
TN:
SF:t.6da0aa534f31e8e358965150624aec4fc374d6280e6fac1011a5a07a1539bc11
DA:5,1
DA:8,1
DA:9,1
DA:13,1
DA:14,0
LF:5
LH:4
end_of_record
TN:
SF:t.6da9666476f74fa2596a82605fdaff45f98ef90e7762e0bd5f3b944f8d11a743
DA:5,1
DA:8,1
DA:9,1
DA:13,1
DA:14,0
LF:5
LH:4
end_of_record
TN:
SF:t.6db7f009a7e5533b61aef8b95bb228702a7d0d52cc033b47e2873b5ff970f07e
DA:6,1
DA:9,1
DA:11,1
DA:14,1
LF:4
LH:4
end_of_record
TN:
SF:t.6dded9e4c7aea9a6302b524bdd0b15dc77c6c5eb917f79f62860c9737d590b85
DA:4,14
LF:1
LH:1
end_of_record
TN:
SF:t.6e2faffa7ad81e93cff7249bb25cacf316f194145f2a68401eb77482e85f530e
DA:5,1
DA:8,1
DA:9,1
DA:13,1
DA:14,0
LF:5
LH:4
end_of_record
TN:
SF:t.6eab97b5cf3d7e207cdff8ccd8ae4142f2e90e59c95f1fba96cca5076b62e5cd
DA:6,1
DA:9,1
DA:11,1
DA:14,1
LF:4
LH:4
end_of_record
TN:
SF:t.6ef3f22868b2d90450ebc978c63137cab879d18c28547d036c387fbc8919b747
DA:6,1
DA:9,1
DA:11,1
DA:14,1
LF:4
LH:4
end_of_record
TN:
SF:t.6f0501932f65e848446d9e469b7e31bbb8f913105219bedfe09d36b2ebb32a9a
DA:6,1
DA:9,1
DA:11,1
DA:14,1
LF:4
LH:4
end_of_record
TN:
SF:t.6f3398f20bc5ba02559b66dc6ef3bfd7ea8fdf774225761247bb6be88821ea81
DA:6,1
DA:9,1
DA:11,1
DA:14,1
LF:4
LH:4
end_of_record
TN:
SF:t.6f5d9e19710027143affb430ae3f4ef1ceb3a7ea4d248ba1d369f6ec0af0f623
DA:5,1
DA:8,1
DA:9,1
DA:13,1
DA:14,0
LF:5
LH:4
end_of_record
TN:
SF:t.6f6998c3de4ca6c3cc255a56c46641737c2ac991b8d9e95474ecf01abeee5b0b
DA:6,1
DA:9,1
DA:11,1
DA:14,1
LF:4
LH:4
end_of_record
TN:
SF:t.6fb5013cb0976df22ae48a8259b5fe4502327cc084d07ced93e10283ca51eae7
DA:5,1
DA:8,1
DA:9,1
DA:13,1
DA:14,0
LF:5
LH:4
end_of_record
TN:
SF:t.700d28cef74dd4d46d2df8935e72e38fb34a55e6c76121ee79925b8b242fe240
DA:6,1
DA:9,1
DA:11,1
DA:14,1
LF:4
LH:4
end_of_record
TN:
SF:t.703732331f326afa44e18de6e66f9b4269eb9e686709a2dd81ff828075775595
DA:4,1
LF:1
LH:1
end_of_record
TN:
SF:t.703eb251813936e99d8aede9272eed01f0e9e02ba9add68fb206a1db8b660558
DA:6,1
DA:9,1
DA:11,1
DA:14,1
LF:4
LH:4
end_of_record
TN:
SF:t.7047cd414b7d3d48de2a73787b42b4abbe900fd037b5a77c82e868512db549a3
DA:5,1
DA:8,1
DA:9,1
DA:13,1
DA:14,0
LF:5
LH:4
end_of_record
TN:
SF:t.7054f2261ab23cc564c142fa9f1cf430f5ca8ee1d200ff7b8aedf066570ae37b
DA:6,1
DA:9,1
DA:11,1
DA:14,1
LF:4
LH:4
end_of_record
TN:
SF:t.705caa700f9a48c3abea11d4f6f45493c12c6afaf5520cb50c4b2913b1b4352b
DA:6,1
DA:9,1
DA:11,1
DA:14,1
LF:4
LH:4
end_of_record
TN:
SF:t.70c680aabde42ebb15150420cba41af98454f237ef8fbaca148dbdc38a2c4dea
DA:6,1
DA:9,1
DA:11,1
DA:14,1
LF:4
LH:4
end_of_record
TN:
SF:t.711df9ac43ab2276908d8ffbd57f43a0fb0853e4e6bfc8811be09f1da52a9613
DA:6,1
DA:9,1
DA:11,1
DA:14,1
LF:4
LH:4
end_of_record
TN:
SF:t.71f0d95d4373c79ab2bb19bf51ba9020684b733059eaa9da9c024fb720a8b4ba
DA:6,1
DA:9,1
DA:11,1
DA:14,1
LF:4
LH:4
end_of_record
TN:
SF:t.720d94814ae9e64abeab54efc13dc8c26d279ac77ec1a5cc8deabb15b59aefbb
DA:6,1
DA:9,1
DA:11,1
DA:14,1
LF:4
LH:4
end_of_record
TN:
SF:t.725c61fe70178e9932b0175695e1c298a2aecabb2d23bc243aa95921fe2a683a
DA:6,1
DA:9,1
DA:11,1
DA:14,1
LF:4
LH:4
end_of_record
TN:
SF:t.72864452b755f9b2c79083a275c8b25135c0b1de75b74f2884044449cbc5aea5
DA:6,1
DA:9,1
DA:11,1
DA:14,1
LF:4
LH:4
end_of_record
TN:
SF:t.72bc20df63ebf7c7313fd521acac6d401caef400effa9a1a1fc9b62296d8af78
DA:5,1
DA:8,1
DA:9,1
DA:13,1
DA:14,0
LF:5
LH:4
end_of_record
TN:
SF:t.72dffe13ed5a0e04aff8365a1f563b91bb7228013af72c5a163ebc6866fbc5d2
DA:5,1
DA:8,1
DA:9,1
DA:13,1
DA:14,0
LF:5
LH:4
end_of_record
TN:
SF:t.72fc5eadf60e5478008056ba487e88b9e624602cd169fcce9a215e38a3c81b32
DA:6,1
DA:9,1
DA:11,1
DA:14,1
LF:4
LH:4
end_of_record
TN:
SF:t.730698b0900543ca3889885464a4e9eca976cfcf9a9b3d71b86609d1cd176c9a
DA:6,1
DA:9,1
DA:11,1
DA:14,1
LF:4
LH:4
end_of_record
TN:
SF:t.730d4a45c96b9416a11e4387843d3c58fa410a9d4c244deda786314632b95a9d
DA:6,1
DA:9,1
DA:11,1
DA:14,1
LF:4
LH:4
end_of_record
TN:
SF:t.734d29bec36883144ba90ec6d13ce28e5849fc845d9cf98e3bab83fd1cd22d66
DA:5,1
DA:8,1
DA:9,1
DA:13,1
DA:14,0
LF:5
LH:4
end_of_record
TN:
SF:t.73520163334bfc31b81dd630c165ba7939424e7fb073f6dfd5e1ba7c02856bec
DA:3,1
DA:4,1
LF:2
LH:2
end_of_record
TN:
SF:t.7378c77b16d3b57c6ad26dddd09d3d3272badb29fbac9eb5c6fc66f65006a6b2
DA:6,1
DA:9,1
DA:11,1
DA:14,1
LF:4
LH:4
end_of_record
TN:
SF:t.73ab11c88749de917e38c56bac78368b2c307ab1e890650cf00e228115c2aa7b
DA:6,1
DA:9,1
DA:11,1
DA:14,1
LF:4
LH:4
end_of_record
TN:
SF:t.73c13e4dcc5611eec4fe43b3ffde2d0f302ea9941fda8e936682b0f2d80e7093
DA:5,1
DA:8,1
DA:9,1
DA:13,1
DA:14,0
LF:5
LH:4
end_of_record
TN:
SF:t.73e26d9f6b99c9cb0f9704efca9391d7078cb80ee6f5aef2b5d4ca165c0b6f44
DA:6,1
DA:9,1
DA:11,1
DA:14,1
LF:4
LH:4
end_of_record
TN:
SF:t.740fd24df2d791720dbbb1399daf70ba6cc045cb22692451a93787ffd2e5c26b
DA:3,1
DA:4,1
LF:2
LH:2
end_of_record
TN:
SF:t.7435bc7d4b8c413d88b08c9c15f41c785b32b762ebc45c46551a3acc364eb337
DA:6,1
DA:9,1
DA:11,1
DA:14,1
LF:4
LH:4
end_of_record
TN:
SF:t.743ec54c0d1835fb654fd55e6be0c05d4090364a234353732a36b057fa1d6bc8
DA:6,1
DA:9,1
DA:11,1
DA:14,1
LF:4
LH:4
end_of_record
TN:
SF:t.747dfe9d1a7ffb8a754817eca47e257abbb1328b33e58912b58a861d186ca18f
DA:6,1
DA:9,1
DA:11,1
DA:14,1
LF:4
LH:4
end_of_record
TN:
SF:t.7494c3e2ff83b2651751c7dcfeff12278fd603e9193b93aee48d3d0f16cf2c3c
DA:3,1
DA:4,1
LF:2
LH:2
end_of_record
TN:
SF:t.74db902d2fa358a02b92ed757194123df1e8444d7e68e89adc6c5fae74feed06
DA:5,1
DA:8,1
DA:9,1
DA:13,1
DA:14,0
LF:5
LH:4
end_of_record
TN:
SF:t.75189a94b1f5af6eae586070012bec1cbbc52d3c42180f0a893c07c930f4a2c5
DA:6,1
DA:9,1
DA:11,1
DA:14,1
LF:4
LH:4
end_of_record
TN:
SF:t.7543e8e2e2fcfdf8a704d6dd8227d2e4c38762129050c29ef59a0ec863c8aa12
DA:6,1
DA:9,1
DA:11,1
DA:14,1
LF:4
LH:4
end_of_record
TN:
SF:t.759df21e248970fc08efd49a2a19cc1d485f813bd6b669166fcef381ea3c2483
DA:6,1
DA:9,1
DA:11,1
DA:14,1
LF:4
LH:4
end_of_record
TN:
SF:t.75cbf40c7136ab312583d5fffe9c1ee90f247af388d6384f49aba570d7604d84
DA:5,1
DA:8,1
DA:9,1
DA:13,1
DA:14,0
LF:5
LH:4
end_of_record
TN:
SF:t.7669a221b91ecd3809e4540c20d4dd2dffa84ee076ad58133a72e4d03bfd9e56
DA:6,1
DA:9,1
DA:11,1
DA:14,1
LF:4
LH:4
end_of_record
TN:
SF:t.76858a02c7ff6b664300b37a44b286cbc308dff4b32d57a4234a253526390150
DA:5,1
DA:8,1
DA:9,1
DA:13,1
DA:14,0
LF:5
LH:4
end_of_record
TN:
SF:t.76876a3e0c5e80325a7acd7f032efcd5c20ce4ec11ec56ad5abfed84b20bb11d
DA:6,1
DA:9,1
DA:11,1
DA:14,1
LF:4
LH:4
end_of_record
TN:
SF:t.775f6fc55c4d5f53e7ec7d6a9be13060a2a60cc80167b3d222e31d0e800cc286
DA:6,1
DA:9,1
DA:11,1
DA:14,1
LF:4
LH:4
end_of_record
TN:
SF:t.77903d2629060b6717ce628fa1cae729a54ea295fa954070047302dc0ac78371
DA:6,1
DA:9,1
DA:11,1
DA:14,1
LF:4
LH:4
end_of_record
TN:
SF:t.77b60e2497b5416b7ee0c368c4ebcc310d0a6e609d4aa21854dab9b770e12b85
DA:6,1
DA:9,1
DA:11,1
DA:14,1
LF:4
LH:4
end_of_record
TN:
SF:t.77cdca80e21de370b6ef359e519a4968dddf1833986dfb90641e3c6a096b5ef0
DA:6,1
DA:9,1
DA:11,1
DA:14,1
LF:4
LH:4
end_of_record
TN:
SF:t.78133c673e9123674ed8cc5ab577eb5775112c34f6805776afbbeaf2e4dad377
DA:5,1
DA:8,1
DA:9,1
DA:13,1
DA:14,0
LF:5
LH:4
end_of_record
TN:
SF:t.7864733379a5d013275087db6b03a3c184cd62243dd8441e0297225c39094157
DA:6,1
DA:9,1
DA:11,1
DA:14,1
LF:4
LH:4
end_of_record
TN:
SF:t.78cd412ea5d08c5abd879ce12d70034afc0989155924aae0410f36dee5818435
DA:6,1
DA:9,1
DA:11,1
DA:14,1
LF:4
LH:4
end_of_record
TN:
SF:t.7973915112712dd957be4c950337c4afd7287a1a50b6dc9dfd2fb5cb2eda06f2
DA:6,1
DA:9,1
DA:11,1
DA:14,1
LF:4
LH:4
end_of_record
TN:
SF:t.7980c3f66e8cc400439d540d45e12008f2d71b36553a819d20ff28453386f9aa
DA:6,1
DA:9,1
DA:11,1
DA:14,1
LF:4
LH:4
end_of_record
TN:
SF:t.7a11396ca6a1f76f01a2e45a1bf05b75f3af6caab068419f56459ac4fa0f1820
DA:5,1
DA:8,1
DA:9,1
DA:13,1
DA:14,0
LF:5
LH:4
end_of_record
TN:
SF:t.7a396d0c262f705481ecec182637423d07b20f37c634899acd5c6f5ae4d6c39a
DA:6,1
DA:9,1
DA:11,1
DA:14,1
LF:4
LH:4
end_of_record
TN:
SF:t.7a46282d3da73f0ed6c55b10aef97ac7895360b43474bf69d446642014a7c5f0
DA:6,1
DA:9,1
DA:11,1
DA:14,1
LF:4
LH:4
end_of_record
TN:
SF:t.7a4b05ead297d3903f549aebb4e4b1932b42ef63128fe822e87ef4fa87f5f8b9
DA:6,1
DA:9,1
DA:11,1
DA:14,1
LF:4
LH:4
end_of_record
TN:
SF:t.7a78dcad7d706a125aa0b9e5483798a563aedb8af6529b5b039963a89809642c
DA:6,1
DA:9,1
DA:11,1
DA:14,1
LF:4
LH:4
end_of_record
TN:
SF:t.7abf086e5277e28f72ae94a47399ddcad1b17f1b6aa46c7b604e03fcd63c0c9c
DA:6,1
DA:9,1
DA:11,1
DA:14,1
LF:4
LH:4
end_of_record
TN:
SF:t.7c042ea9ce261bc095eaf410ece987d60ec67c739c4d500d49083a5b0278a004
DA:6,1
DA:9,1
DA:11,1
DA:14,1
LF:4
LH:4
end_of_record
TN:
SF:t.7c51a1fedd62ba621239d5045541878782b787ab615fd99db4c7b233328e2d68
DA:5,1
DA:8,1
DA:9,1
DA:13,1
DA:14,0
LF:5
LH:4
end_of_record
TN:
SF:t.7cf8bddbaea752eefeea06ded9ce939e8fa9697fc2555c880c24c9f7bb13441d
DA:6,1
DA:9,1
DA:11,1
DA:14,1
LF:4
LH:4
end_of_record
TN:
SF:t.7cfef583e010f747cf5044c1c69d9ed8166278923154c27fac012b98f53575f2
DA:5,1
DA:8,1
DA:9,1
DA:13,1
DA:14,0
LF:5
LH:4
end_of_record
TN:
SF:t.7d6b3e7ba292ee0c0378232d2ffcb3a02d061fa8066d591227ee71d890f1c2d6
DA:6,1
DA:9,1
DA:11,1
DA:14,1
LF:4
LH:4
end_of_record
TN:
SF:t.7d950a6981595138f808d7f8937662fb7aac1d5f3262ec36615106233b0fb52a
DA:6,1
DA:9,1
DA:11,1
DA:14,1
LF:4
LH:4
end_of_record
TN:
SF:t.7db004f71c685b33da0ceb9a44523c331fd781ac5a762d75f970a8fddf399c46
DA:5,1
DA:8,1
DA:9,1
DA:13,1
DA:14,0
LF:5
LH:4
end_of_record
TN:
SF:t.7db863f3f3ae492382da5a2cc1698a38b260ac536fa77fd37585d2c235e5a469
DA:7,14
DA:10,14
DA:13,14
DA:14,14
DA:15,14
DA:16,14
LF:6
LH:6
end_of_record
TN:
SF:t.7dea4d81ca1f9fda7f90a7ee861052848309bc45018bae99927f0309b2e781c0
DA:6,1
DA:9,1
DA:11,1
DA:14,1
LF:4
LH:4
end_of_record
TN:
SF:t.7e2671f652c79acb3844a745975a667a6c16712b283da19c5fa72d248a764ed6
DA:6,1
DA:9,1
DA:11,1
DA:14,1
LF:4
LH:4
end_of_record
TN:
SF:t.7e59dfa45b0dfff69341b5e0ac6da3f759806d9483c598249bf64919bf70e7cf
DA:5,1
DA:8,1
DA:9,1
DA:13,1
DA:14,0
LF:5
LH:4
end_of_record
TN:
SF:t.7e69a99ad085f21e98ab5adae0c82e48db61ed7666ec4ca37c289e60f97966fe
DA:6,1
DA:9,1
DA:11,1
DA:14,1
LF:4
LH:4
end_of_record
TN:
SF:t.7e8ea8f193552022f21ad5c42b57453addb1b012eb240b8b2e11fcbbd5f918df
DA:6,1
DA:9,1
DA:11,1
DA:14,1
LF:4
LH:4
end_of_record
TN:
SF:t.7ea4a5f1167fbae0f8fca1104297bc99199dcdbff681dfeddd4167c970a51922
DA:6,1
DA:9,1
DA:11,1
DA:14,1
LF:4
LH:4
end_of_record
TN:
SF:t.7ec5e5e0defd78e9dfa31efbbc0e41df2a0aa530f325bdd2452417665d0df652
DA:6,1
DA:9,1
DA:11,1
DA:14,1
LF:4
LH:4
end_of_record
TN:
SF:t.7f054b8b50ee38b8ba559d5a2560e47fedaa9cf09eec1532e0c53eb8ed9c154d
DA:6,1
DA:9,1
DA:11,1
DA:14,1
LF:4
LH:4
end_of_record
TN:
SF:t.7f900b038d5c2197201e6bbdef8ec0910a5556d133faf6273da6f727ca479dd2
DA:5,1
DA:8,1
DA:9,1
DA:13,1
DA:14,0
LF:5
LH:4
end_of_record
TN:
SF:t.8017785bb7764ef412495876e9e97f75788b8e8367b74ea6923484c3889b75a8
DA:5,1
DA:8,1
DA:9,1
DA:13,1
DA:14,0
LF:5
LH:4
end_of_record
TN:
SF:t.805818cd117110cf9d820d1997716b439e1aa6f290c9484fb97b899a6d239b91
DA:6,1
DA:9,1
DA:11,1
DA:14,1
LF:4
LH:4
end_of_record
TN:
SF:t.809eb466e7c9abdd846f7cd12c5df030f218b253d8bb85e5394e2638280f7499
DA:5,1
DA:8,1
DA:9,1
DA:13,1
DA:14,0
LF:5
LH:4
end_of_record
TN:
SF:t.817c22d7c0f28ddd8d923428aa1c533a2c129931d81428efa3c8aa7323064756
DA:6,1
DA:9,1
DA:11,1
DA:14,1
LF:4
LH:4
end_of_record
TN:
SF:t.81de41584deb4595dde2e48133ec8d49b1132d9fc71dc59be7425f82f8a15730
DA:6,1
DA:9,1
DA:11,1
DA:14,1
LF:4
LH:4
end_of_record
TN:
SF:t.81fe4d1cbac1cece92bc2f5f96cc5c1d736808feaac2e9657e77d405366c80e4
DA:4,1
LF:1
LH:1
end_of_record
TN:
SF:t.8239787be2fd79b16e5c1308720eefbc3d21b33f5ea57632d0884ec6d4250b58
DA:6,1
DA:9,1
DA:11,1
DA:14,1
LF:4
LH:4
end_of_record
TN:
SF:t.825f33865376f6ad07fbb458e3cc35e1217bc4b30fca59e33cb58c6c3aba8429
DA:6,1
DA:9,1
DA:11,1
DA:14,1
LF:4
LH:4
end_of_record
TN:
SF:t.82b8558e4b33d95fda977f83905d42bbe57fd6a541473ec4f4c341be42dc6cb2
DA:5,1
DA:8,1
DA:9,1
DA:13,1
DA:14,0
LF:5
LH:4
end_of_record
TN:
SF:t.82ea047b3c2fa1f2ea1ee85ef207cf2cb89eff862e73ddcbfdf4a79048d68f01
DA:4,1
LF:1
LH:1
end_of_record
TN:
SF:t.8323525a30cf582e614af654d86df8186482f4bf19fae6976a2da0f4c2bfb5b5
DA:6,1
DA:9,1
DA:11,1
DA:14,1
LF:4
LH:4
end_of_record
TN:
SF:t.837ebc4b4fa3704ecf745cd8d698376bf103dc115ac8630be441d1831ed96a89
DA:6,1
DA:9,1
DA:11,1
DA:14,1
LF:4
LH:4
end_of_record
TN:
SF:t.84900aaac84c3b3b80cfd3e0f81d75164704f7239e0bfeb52a71ae90c85bd38a
DA:6,1
DA:9,1
DA:11,1
DA:14,1
LF:4
LH:4
end_of_record
TN:
SF:t.84abf0c4692f4d303e0cef2165ab6456fb65677fa6c4313c70e1a518277a6a3a
DA:3,1
DA:4,1
LF:2
LH:2
end_of_record
TN:
SF:t.84b20c18cddd0d0308f415cdc40d5f0839e7fe2e1fa40f0e33f3f50d9e51b0a9
DA:6,1
DA:9,1
DA:11,1
DA:14,1
LF:4
LH:4
end_of_record
TN:
SF:t.84cda50a41998878665f27e20edd764e923bd0c356b22125b089e140d8bfedba
DA:6,1
DA:9,1
DA:11,1
DA:14,1
LF:4
LH:4
end_of_record
TN:
SF:t.856b0539500869f5183b1291caf270a1350ed062eb0e82f5345040ea2fe07c94
DA:17,14
DA:20,14
DA:24,14
DA:25,56
DA:27,56
DA:28,56
DA:29,42
DA:32,56
DA:35,56
LF:9
LH:9
end_of_record
TN:
SF:t.86994448e8ba3077a4afc7329d7a42186d2314b970611f7e0c63d14659c24450
DA:6,1
DA:9,1
DA:11,1
DA:14,1
LF:4
LH:4
end_of_record
TN:
SF:t.86ee17d0aeb6cc433d4fc80a2eff54742bb8fe92ccdc18f0c238f34881192a5d
DA:6,1
DA:9,1
DA:11,1
DA:14,1
LF:4
LH:4
end_of_record
TN:
SF:t.8748c8445c45a2754e6d69193ddf4c07a723bcbacfed1f2e27f4ccfaf6904697
DA:6,1
DA:9,1
DA:11,1
DA:14,1
LF:4
LH:4
end_of_record
TN:
SF:t.8764e0c57f0b5cda0b09ac2b61e9714e7068e39f3d9d016d67a0a1fa01d04462
DA:6,1
DA:9,1
DA:11,1
DA:14,1
LF:4
LH:4
end_of_record
TN:
SF:t.877099920529cb93c836fd3f9e08df37083042303857f73c6d33c4bd230f4cc3
DA:5,1
DA:8,1
DA:9,1
DA:13,1
DA:14,0
LF:5
LH:4
end_of_record
TN:
SF:t.878417f0a0b08e87f4aea13adfeb5c1a3a83a7670483906f8bf87a9196e1e905
DA:6,1
DA:9,1
DA:11,1
DA:14,1
LF:4
LH:4
end_of_record
TN:
SF:t.87b4883b4a7954a8daf5d9fc618bab96200728fdd20235313801e6b00e5e4fcd
DA:5,1
DA:8,1
DA:9,1
DA:13,1
DA:14,0
LF:5
LH:4
end_of_record
TN:
SF:t.87e00570128c3591e681d29fa5206a6762724e5d6586c1d10d318ada5f610f9d
DA:6,1
DA:9,1
DA:11,1
DA:14,1
LF:4
LH:4
end_of_record
TN:
SF:t.87e108aad537e04e4a8d785901bc1906b8cf3aea95b6ad2a465cc890ec429678
DA:3,14
DA:4,14
LF:2
LH:2
end_of_record
TN:
SF:t.87fa562a16192e1c31a4718bc5e21008c7b0d3b38f1398d87f8f5168a389ea25
DA:6,1
DA:9,1
DA:11,1
DA:14,1
LF:4
LH:4
end_of_record
TN:
SF:t.88dc8916ee9389c61ebf132153eb6b16005af3afe5421a0cbfca4fd138d7ffe8
DA:6,1
DA:9,1
DA:11,1
DA:14,1
LF:4
LH:4
end_of_record
TN:
SF:t.89e76054ce6f13efe9229f4d11133f6146350a3549c6192152fa4ee582d46c5d
DA:6,1
DA:9,1
DA:11,1
DA:14,1
LF:4
LH:4
end_of_record
TN:
SF:t.89f5d19fcdcd6f0923936699e0f9834198322c17eef93f7e9d88f36533f09d0e
DA:3,14
LF:1
LH:1
end_of_record
TN:
SF:t.8a3894531fb29d4526cbfbcd01727bd7c8c42f8297b0db432d5584c6b5bb6cdf
DA:6,1
DA:9,1
DA:11,1
DA:14,1
LF:4
LH:4
end_of_record
TN:
SF:t.8aa41ce1669052de03a214ca08207005381ff25e14389acf77ccf0565c262d45
DA:5,1
DA:8,1
DA:9,1
DA:13,1
DA:14,0
LF:5
LH:4
end_of_record
TN:
SF:t.8ab9d823fd5e01bf514d3d0799012ea0d8187e1cfa949573fa0cd59ee3501ad7
DA:6,1
DA:9,1
DA:11,1
DA:14,1
LF:4
LH:4
end_of_record
TN:
SF:t.8abdbf8655434cb7d6378d10b4ddf1f0077f4dd9018bd5604036688f1ff9d320
DA:5,1
DA:8,1
DA:9,1
DA:13,1
DA:14,0
LF:5
LH:4
end_of_record
TN:
SF:t.8ac4eac01d3621c4e2f2bb5df05bb7ca82fe8e96bba46a04f5143e9619301975
DA:5,1
DA:8,1
DA:9,1
DA:13,1
DA:14,0
LF:5
LH:4
end_of_record
TN:
SF:t.8aefd3072bb507d207efcb6e620626803713f1a037dccd40f7c138f8902dbd8b
DA:5,1
DA:8,1
DA:9,1
DA:13,1
DA:14,0
LF:5
LH:4
end_of_record
TN:
SF:t.8af011ff013ea9b9c57fd6920cc70d80022d8376d2b814bd2b5bed7c90bf68ba
DA:6,1
DA:9,1
DA:11,1
DA:14,1
LF:4
LH:4
end_of_record
TN:
SF:t.8afdaa4380be3d1cd36fcfa90f9362c4cdb0a07c98d7bea63b092ed1b2cc2ee4
DA:6,1
DA:9,1
DA:11,1
DA:14,1
LF:4
LH:4
end_of_record
TN:
SF:t.8ba458bd54575699c81a15df9b74f4ad998b9d9004f957fa23e6028af237c6df
DA:3,14
DA:4,14
LF:2
LH:2
end_of_record
TN:
SF:t.8bb14d1b1830c504b682644da6c21d0dddf857b05c3fa1cde786ecaf26669019
DA:6,1
DA:9,1
DA:11,1
DA:14,1
LF:4
LH:4
end_of_record
TN:
SF:t.8bbc1cbfb572b5d9405c081b7cb52e9f3da2f11eeb4a2fdce3b2bfbbdb220ca1
DA:6,1
DA:9,1
DA:11,1
DA:14,1
LF:4
LH:4
end_of_record
TN:
SF:t.8bc51f40e4c815b65948bb8ed1d0a74a43520a3cabed2014cc6c650aa0e191c2
DA:5,1
DA:8,1
DA:9,1
DA:13,1
DA:14,0
LF:5
LH:4
end_of_record
TN:
SF:t.8c20397121149e9e4f872769fa0561239c826ef730a35d714eccfb1a5719e485
DA:5,1
DA:8,1
DA:9,1
DA:13,1
DA:14,0
LF:5
LH:4
end_of_record
TN:
SF:t.8c6719f2ebb5032bf36ac4ab08e1a5440291d12f4954600fa54b0df90a689e87
DA:6,1
DA:9,1
DA:11,1
DA:14,1
LF:4
LH:4
end_of_record
TN:
SF:t.8cd9d53452324aad493cc6e8da359a6e1922b2fffef3ddfdbb98571649765596
DA:6,1
DA:9,1
DA:11,1
DA:14,1
LF:4
LH:4
end_of_record
TN:
SF:t.8cea532febef0a1217a19c60e3116181c5e53b980334677dd741ca7e81001f1d
DA:5,1
DA:8,1
DA:9,1
DA:13,1
DA:14,0
LF:5
LH:4
end_of_record
TN:
SF:t.8ced9bc940c24a14fc82361f0e05eed31d648b63a2459d6750941382a151eb05
DA:6,1
DA:9,1
DA:11,1
DA:14,1
LF:4
LH:4
end_of_record
TN:
SF:t.8d81ca72d0ea393e82a6d0077e2053f4d02d48a2e98b85e5ac019775bae9b970
DA:6,1
DA:9,1
DA:11,1
DA:14,1
LF:4
LH:4
end_of_record
TN:
SF:t.8ded6a854630e3b84b9de39ae257aa07e05b7d6af14997238352befd0760dbe8
DA:5,1
DA:8,1
DA:9,1
DA:13,1
DA:14,0
LF:5
LH:4
end_of_record
TN:
SF:t.8e77dd639b4a31e9eace082266823c9e12fec72e8bec442e4be5764f807d2f62
DA:6,1
DA:9,1
DA:11,1
DA:14,1
LF:4
LH:4
end_of_record
TN:
SF:t.8e90e224903c87c31a0d0110a49d30e81e0eee73b7cd9050305c3d0aa23ddbfe
DA:6,1
DA:9,1
DA:11,1
DA:14,1
LF:4
LH:4
end_of_record
TN:
SF:t.8e9ccdfc478192ec22995fc6a342ebebf73d720d1e402981dbe3a28dbb436195
DA:5,1
DA:8,1
DA:9,1
DA:13,1
DA:14,0
LF:5
LH:4
end_of_record
TN:
SF:t.8ee9c6f7ca122fc11301e9660b430c5dd08b703a09fc3a288789d7fe9b1e2cc5
DA:5,1
DA:8,1
DA:9,1
DA:13,1
DA:14,0
LF:5
LH:4
end_of_record
TN:
SF:t.8f054f2e6eaeac30a07a2bdcd4bdc846247ec31548b855f93e1a3f35aa0a937b
DA:6,1
DA:9,1
DA:11,1
DA:14,1
LF:4
LH:4
end_of_record
TN:
SF:t.8fb1781dd06ea82edf1af67020fc2d5f19381390b71d2934f483864a4f04fb06
DA:5,1
DA:8,1
DA:9,1
DA:13,1
DA:14,0
LF:5
LH:4
end_of_record
TN:
SF:t.8fc2ffa525e73a5413e25e84c2c7bb6cecdc9365b3d59e0dfe75cedb178c2955
DA:6,1
DA:9,1
DA:11,1
DA:14,1
LF:4
LH:4
end_of_record
TN:
SF:t.90163106e13af43a78dd80244b3d8bc4ed47a8d7d32cca7ad7d79ebfb6216459
DA:6,1
DA:9,1
DA:11,1
DA:14,1
LF:4
LH:4
end_of_record
TN:
SF:t.903a240a7dca01e2df506eced7be80f5db6f8c6e32786b062fbe07ef911930f4
DA:5,1
DA:8,1
DA:9,1
DA:13,1
DA:14,0
LF:5
LH:4
end_of_record
TN:
SF:t.9100ac78803c9c39317f9d2e2ca5beef5fb85db078f2dd316fd528889e83edba
DA:6,1
DA:9,1
DA:11,1
DA:14,1
LF:4
LH:4
end_of_record
TN:
SF:t.912a705b1345eeb149589b6f2c266102933d2c38f599c6baf5807de61b0980ac
DA:6,1
DA:9,1
DA:11,1
DA:14,1
LF:4
LH:4
end_of_record
TN:
SF:t.916af058bd1648487b71f6f8211dc6f2adc4d59534fba76186c829eba72516c3
DA:6,1
DA:9,1
DA:11,1
DA:14,1
LF:4
LH:4
end_of_record
TN:
SF:t.91b7bdbe258a9483e378b6b69bbcb625a3af04a7562e2310fa4f095f4b8ae2cb
DA:5,1
DA:8,1
DA:9,1
DA:13,1
DA:14,0
LF:5
LH:4
end_of_record
TN:
SF:t.91c021718bc18ad7c6ff57dde928021849535c6c298756824f8808300d05b68d
DA:4,14
DA:5,14
LF:2
LH:2
end_of_record
TN:
SF:t.91fcdf34923490ee5a9b527b22367ea8156cfc180634d4b93fbd2e852ca1c428
DA:3,1
LF:1
LH:1
end_of_record
TN:
SF:t.92600874c50002df4862a595a524802811d08c609d45db2a5933183db5fd9830
DA:6,1
DA:9,1
DA:11,1
DA:14,1
LF:4
LH:4
end_of_record
TN:
SF:t.929e8bc0bfe9729546840adb0d34c0df724a0e907a32e09c95c74fb77e4cc6dc
DA:4,1
LF:1
LH:1
end_of_record
TN:
SF:t.92a41d7b9c6bbee6cc50da30db4c919530142e03349f16ba7631de864d5aacc8
DA:6,1
DA:9,1
DA:11,1
DA:14,1
LF:4
LH:4
end_of_record
TN:
SF:t.92dbde16ec972571cee82cf789180ed0bc2a52e1ac12e5e99ac3435f8f0afabd
DA:6,1
DA:9,1
DA:11,1
DA:14,1
LF:4
LH:4
end_of_record
TN:
SF:t.92dbe75142e9ead2b87105852c06dc083458538007bc06e87d51823e6e711bc3
DA:6,1
DA:9,1
DA:11,1
DA:14,1
LF:4
LH:4
end_of_record
TN:
SF:t.92e1aafeb7cccbe068ec44a8c87b09cf1c26a04071234f21f867060f1c21f91e
DA:5,1
DA:8,1
DA:9,1
DA:13,1
DA:14,0
LF:5
LH:4
end_of_record
TN:
SF:t.92e45858b51da23b0da06471d1ca10e09f0280bb1914cfab2ecbf7b0335ab37d
DA:6,1
DA:9,1
DA:11,1
DA:14,1
LF:4
LH:4
end_of_record
TN:
SF:t.930e550be74f15cb9617c75a4833d6e83bc502f0f778ac23f584871cd176b669
DA:5,1
DA:8,1
DA:9,1
DA:13,1
DA:14,0
LF:5
LH:4
end_of_record
TN:
SF:t.934214fdaf9fa2b6ace21623b6097613a5ee8d3d71056a583604ab87955df99e
DA:6,1
DA:9,1
DA:11,1
DA:14,1
LF:4
LH:4
end_of_record
TN:
SF:t.934ad8623ecff6b968a91dff8c2346cab8b24aa489c81d653f60fab91cb55e4a
DA:6,1
DA:9,1
DA:11,1
DA:14,1
LF:4
LH:4
end_of_record
TN:
SF:t.934b8102a65caf66062130a0513368a28549b30f151b18fe3ce90d090c1abcd4
DA:5,1
DA:8,1
DA:9,1
DA:13,1
DA:14,0
LF:5
LH:4
end_of_record
TN:
SF:t.93a6d7e373bd63cc7c3ed20f9494edbf3fe40b25a6f80e055a8d2e48b165837c
DA:3,1
DA:4,1
LF:2
LH:2
end_of_record
TN:
SF:t.93b742fd560d7dcf9fb33197bc87b97bc42d35dc41ef1054fd172c6fe9548716
DA:3,1
DA:4,1
LF:2
LH:2
end_of_record
TN:
SF:t.93f25ccf5c3223a40bf58b2aa4085e4c55480a7fa110c7e0a5efad99610634f5
DA:6,1
DA:9,1
DA:11,1
DA:14,1
LF:4
LH:4
end_of_record
TN:
SF:t.9418daa77b09388f4643deb075fee6229b422b2c2f4af2be18cc07f1d7b6df5e
DA:6,1
DA:9,1
DA:11,1
DA:14,1
LF:4
LH:4
end_of_record
TN:
SF:t.947d68527133d93ac33a73ee4dcf3760508503ab966d079c964100b43b8c4d40
DA:5,1
DA:8,1
DA:9,1
DA:13,1
DA:14,0
LF:5
LH:4
end_of_record
TN:
SF:t.948930142f7e2089b2734c2bae555a3dc229fd2d81330501459b51663b78b124
DA:6,1
DA:9,1
DA:11,1
DA:14,1
LF:4
LH:4
end_of_record
TN:
[...]
end_of_record
TN:
SF:t.d664b8d98dcbae3473059769414a496e9278908cecd9b4edd15d5069ec4245ce
DA:4,1
LF:1
LH:1
end_of_record
TN:
SF:t.d69e17019c0fd130f8017f4d44f545cbfca2e744043a510807a1f9f330f9e55e
DA:6,1
DA:9,1
DA:11,1
DA:14,1
LF:4
LH:4
end_of_record
TN:
SF:t.d69e76511079d77f06a6199c69672f18b65fbb74b728d71f6aa9dba5dd3deb0b
DA:4,1
LF:1
LH:1
end_of_record
TN:
SF:t.d70599e79fae77700f8de8a264be04a7353ae9eed8026c54aefa011ad3a4091c
DA:6,1
DA:9,1
DA:11,1
DA:14,1
LF:4
LH:4
end_of_record
TN:
SF:t.d7101c2ee74b10008481cc56b8273aaf34aaeee97c76e6b1c074acad94451d35
DA:6,1
DA:9,1
DA:11,1
DA:14,1
LF:4
LH:4
end_of_record
TN:
SF:t.d77a37478c54bd0f739dc2353dbb7eac4e306398aa370c9ef65a87a056189cb9
DA:5,1
DA:8,1
DA:9,1
DA:13,1
DA:14,0
LF:5
LH:4
end_of_record
TN:
SF:t.d77b41b4ef817d7aa761f5ea54799cfbcbbecd3c077d5d26aa2c7fa2eb055413
DA:6,1
DA:9,1
DA:11,1
DA:14,1
LF:4
LH:4
end_of_record
TN:
SF:t.d79a9a4227412842243ad62dbbaa471f8ac4ad65e65239182b3f62c1370e6967
DA:5,1
DA:8,1
DA:9,1
DA:13,1
DA:14,0
LF:5
LH:4
end_of_record
TN:
SF:t.d7ace1607fa2fe085ccfa9ffb7d6f87c9d2fe586e4e88279911b78f894214562
DA:6,1
DA:9,1
DA:11,1
DA:14,1
LF:4
LH:4
end_of_record
TN:
SF:t.d7c24d87d1c28af10199d644d67401703e53e1269fc1b3c3de8e54ae04504713
DA:6,1
DA:9,1
DA:11,1
DA:14,1
LF:4
LH:4
end_of_record
TN:
SF:t.d7dc70804b23277c67b88a7a87ae538ae973649874ab53e10f27d04b12294a86
DA:6,1
DA:9,1
DA:11,1
DA:14,1
LF:4
LH:4
end_of_record
TN:
SF:t.d80aecdf456bbdd7aff7be8567cc8bdd18d3b5b7ddb961a09fa75348bb0d170b
DA:6,1
DA:9,1
DA:11,1
DA:14,1
LF:4
LH:4
end_of_record
TN:
SF:t.d81a195829d7d0b410cb391c82c8a28a0615b26c30674650cac6ec1622dfd887
DA:6,1
DA:9,1
DA:11,1
DA:14,1
LF:4
LH:4
end_of_record
TN:
SF:t.d8592d226559b29443e2e0951dd37551b0f18884b60801df793eb47ad2ec4ebd
DA:3,1
DA:4,1
LF:2
LH:2
end_of_record
TN:
SF:t.d877c5eaf2a0c7c3851f0fdb8c8f437f91855b5dd9cc41baf390a68a0c4f9f9d
DA:5,1
DA:8,1
DA:9,1
DA:13,1
DA:14,0
LF:5
LH:4
end_of_record
TN:
SF:t.d88b0990195cd095d2f37dc40e633128e058fc82aeb8a52c050588d1c643a925
DA:5,1
DA:8,1
DA:9,1
DA:13,1
DA:14,0
LF:5
LH:4
end_of_record
TN:
SF:t.d891d7e1a55e56de2b9ae9501d079468ee923e62b434d22dc11dd73b64aece81
DA:6,1
DA:9,1
DA:11,1
DA:14,1
LF:4
LH:4
end_of_record
TN:
SF:t.d8e7b93b175e77cb4a10700b275fa452228b67f297285cb6b4c952500b629f37
DA:6,1
DA:9,1
DA:11,1
DA:14,1
LF:4
LH:4
end_of_record
TN:
SF:t.d903ce235c396ce97f9b1c8aae79e9874f9d050f86ef1d91d396f5c3deb220f4
DA:5,1
DA:8,1
DA:9,1
DA:13,1
DA:14,0
LF:5
LH:4
end_of_record
TN:
SF:t.d91977af672b0de64ee41828e6f282c2c3c62cc104d880918889fbacb4144229
DA:3,14
LF:1
LH:1
end_of_record
TN:
SF:t.da19282018ba1bad38b9b72a28e260d925d4ee3f7e3b6f20929b88300850bd0f
DA:5,1
DA:8,1
DA:9,1
DA:13,1
DA:14,0
LF:5
LH:4
end_of_record
TN:
SF:t.da216c07f698d7c66bf3b5649f6150d13745edfd09c783730839571ddafffecf
DA:6,1
DA:9,1
DA:11,1
DA:14,1
LF:4
LH:4
end_of_record
TN:
SF:t.da6dd46aa97cad62b834f410e9500e2910dba978a7ec101ba5f6dcf8b417006e
DA:6,1
DA:9,1
DA:11,1
DA:14,1
LF:4
LH:4
end_of_record
TN:
SF:t.daa7dd866f551e9a7ed3ffa26d44d1b56c57e1e07b6a19e9825bc054691ace12
DA:6,1
DA:9,1
DA:11,1
DA:14,1
LF:4
LH:4
end_of_record
TN:
SF:t.dab680d4bf9bbebfcdd744f2e7ceec95b79b195e553418ac3a066e6f1a6b304f
DA:6,1
DA:9,1
DA:11,1
DA:14,1
LF:4
LH:4
end_of_record
TN:
SF:t.dab8801cdd706b11af57a3a76873b49a05955a08506446aa3da004479f2b2a24
DA:6,1
DA:9,1
DA:11,1
DA:14,1
LF:4
LH:4
end_of_record
TN:
SF:t.db3cef9e7922e6b4c8ac99501449adde4e6088020145d9dd2dd4ed86e9d8d62e
DA:6,1
DA:9,1
DA:11,1
DA:14,1
LF:4
LH:4
end_of_record
TN:
SF:t.dbbc34d001a6e38bac2fb2119cb0ba007793630c9ad9ef0a63d465b4c409eedf
DA:5,1
DA:8,1
DA:9,1
DA:13,1
DA:14,0
LF:5
LH:4
end_of_record
TN:
SF:t.dbed84b2bd156034fec7f64fac710ddae9ba3ef4f06a819a03bb1e4a017f1ed8
DA:5,1
DA:8,1
DA:9,1
DA:13,1
DA:14,0
LF:5
LH:4
end_of_record
TN:
SF:t.dc4e11a630a60df9e407885f9516833df153f96d60fb64deed9136c07eb0459d
DA:6,1
DA:9,1
DA:11,1
DA:14,1
LF:4
LH:4
end_of_record
TN:
SF:t.dc688e7400cefda31a37fa3d85b30a4fbf74ddc49a1405694394467c021ac4c1
DA:6,1
DA:9,1
DA:11,1
DA:14,1
LF:4
LH:4
end_of_record
TN:
SF:t.dcbcf6ae1af289bae7e6a11c78dde24fa4d7fad88336a97e3c91f7376e2dd051
DA:5,1
DA:8,1
DA:9,1
DA:13,1
DA:14,0
LF:5
LH:4
end_of_record
TN:
SF:t.dcdc25cb4001c4bbd0bff44c699edbebed467754ad117b2386f9e6d792b68dc6
DA:6,1
DA:9,1
DA:11,1
DA:14,1
LF:4
LH:4
end_of_record
TN:
SF:t.dd4e2f38c76d0d1507b45f2831110a6c626e34e5b25d96362ec911e960fbaddd
DA:6,1
DA:9,1
DA:11,1
DA:14,1
LF:4
LH:4
end_of_record
TN:
SF:t.dd8c6bbd2e84c94ce015f6643dc5447f2bc153648fce2d582da3fa66df6dd65b
DA:6,1
DA:9,1
DA:11,1
DA:14,1
LF:4
LH:4
end_of_record
TN:
SF:t.dd9eb620440abcd089024784fb13e04d3203c8b76391b22701213c2f80447c30
DA:5,1
DA:8,1
DA:9,1
DA:13,1
DA:14,0
LF:5
LH:4
end_of_record
TN:
SF:t.dddc33021bbe105a8971400e55de6488f8a8cfc58304965286b89f6b40db9f7e
DA:5,1
DA:8,1
DA:9,1
DA:13,1
DA:14,0
LF:5
LH:4
end_of_record
TN:
SF:t.de23127fc25ab0d7eac405deb0165017bda83cf1679b5841691b568c131ad181
DA:6,1
DA:9,1
DA:11,1
DA:14,1
LF:4
LH:4
end_of_record
TN:
SF:t.de4ae5001c7f3faf7cb30761a049775b0f7481904dc389d487c834f8becfd948
DA:6,1
DA:9,1
DA:11,1
DA:14,1
LF:4
LH:4
end_of_record
TN:
SF:t.de540586f38468f69166951ca4ddbeba416297ca9a3e42a705f20385525ad12a
DA:6,1
DA:9,1
DA:11,1
DA:14,1
LF:4
LH:4
end_of_record
TN:
SF:t.de5b04ed10e11f0f8f2e2d11b1d58b3939d297244146421ee7e1b328bc973562
DA:6,1
DA:9,1
DA:11,1
DA:14,1
LF:4
LH:4
end_of_record
TN:
SF:t.deb71935814240619fd91c364674eaac0bbc061087d729a9e665778ed2d05441
DA:6,1
DA:9,1
DA:11,1
DA:14,1
LF:4
LH:4
end_of_record
TN:
SF:t.deec2de1ca23c88644c20e35dc28416cb3b9b5ef2252247a3c13309cf76e6d7a
DA:6,1
DA:9,1
DA:11,1
DA:14,1
LF:4
LH:4
end_of_record
TN:
SF:t.df0337523c800641c53ef6db2ed5f195031817aecb14be6fdc88691a4d6315a0
DA:6,1
DA:9,1
DA:11,1
DA:14,1
LF:4
LH:4
end_of_record
TN:
SF:t.df18cf2652abe8b8e248c2ee2159df961a8e711e18efc18b3852f61fb064982b
DA:6,1
DA:9,1
DA:11,1
DA:14,1
LF:4
LH:4
end_of_record
TN:
SF:t.df34b65e0c9228e173f612d04d030af9a21213f213493d1024084944d4e85c69
DA:6,1
DA:9,1
DA:11,1
DA:14,1
LF:4
LH:4
end_of_record
TN:
SF:t.df98006efa83df115c08b56fc47e71e96347d9d0875fe20b14bb1ca3ee9cba0e
DA:6,1
DA:9,1
DA:11,1
DA:14,1
LF:4
LH:4
end_of_record
TN:
SF:t.dfc6f59f12566bf8dfe271ab8d30a16952f34e880d31c31f673c3b3707ddc863
DA:6,1
DA:9,1
DA:11,1
DA:14,1
LF:4
LH:4
end_of_record
TN:
SF:t.e04bc8dcdda36c1e7efcaced75868abf93c19cc464b4ec8b91b5861734258712
DA:6,1
DA:9,1
DA:11,1
DA:14,1
LF:4
LH:4
end_of_record
TN:
SF:t.e05f2bae9690867c3229d76ea4b65a818a689e5ff8a51b52eb60dfd3e57f9383
DA:6,1
DA:9,1
DA:11,1
DA:14,1
LF:4
LH:4
end_of_record
TN:
SF:t.e0ab6d63d5e6a979ff0c7a8e0ea9d917a4c58fc10311b03657444b2896903c75
DA:6,1
DA:9,1
DA:11,1
DA:14,1
LF:4
LH:4
end_of_record
TN:
SF:t.e16336c62133e48f8a56f0e5a8f54c3df777ef20621ffb6628bbb1a2bfd0dd7a
DA:5,1
DA:8,1
DA:9,1
DA:13,1
DA:14,0
LF:5
LH:4
end_of_record
TN:
SF:t.e175aacce1d871a3015437abf7040b19afa72d0fb6a8c52118c59b3d4ac48c29
DA:3,1
LF:1
LH:1
end_of_record
TN:
SF:t.e1b95e37e7324dbe14d75a29965aea922aec1ff0e9789b57a940013519bdd3aa
DA:6,1
DA:9,1
DA:11,1
DA:14,1
LF:4
LH:4
end_of_record
TN:
SF:t.e20c989709d84cebedf6257809e3c325dc9f1c90a5e0534bca7a5970789b1fe6
DA:5,1
DA:8,1
DA:9,1
DA:13,1
DA:14,0
LF:5
LH:4
end_of_record
TN:
SF:t.e2384fc62e551d262e69a84ed11cd1e960b098ae2b305d548826a86bb6d1f3e5
DA:6,1
DA:9,1
DA:11,1
DA:14,1
LF:4
LH:4
end_of_record
TN:
SF:t.e25370ab20ad0be782098b9a8c1668a64618437e3a8701569329059283bb38bd
DA:3,14
LF:1
LH:1
end_of_record
TN:
SF:t.e289c33cdad17b85f492fd0855cc1dac003b8773bef8b65e4ba1729ca8c3db0a
DA:6,1
DA:9,1
DA:11,1
DA:14,1
LF:4
LH:4
end_of_record
TN:
SF:t.e2ca35003f3757580d7f371232984d2c5acdcae44d81feb787c0ba2e1e027bba
DA:5,1
DA:8,1
DA:9,1
DA:13,1
DA:14,0
LF:5
LH:4
end_of_record
TN:
SF:t.e2eebd61d81dbebe2f4869a48f6f0d6388402b4dfa7f71aa172be7f9f14c4b49
DA:6,1
DA:9,1
DA:11,1
DA:14,1
LF:4
LH:4
end_of_record
TN:
SF:t.e35a2e4b7197895ccc10de0abb17caa3c5ed39d18cfb095b4cd01d14c0a2b301
DA:5,1
DA:8,1
DA:9,1
DA:13,1
DA:14,0
LF:5
LH:4
end_of_record
TN:
SF:t.e427ec57c9c92f72e5d88bdbb52908ee8cbe31a07b4f769dd8b29749afb1c4de
DA:6,1
DA:9,1
DA:11,1
DA:14,1
LF:4
LH:4
end_of_record
TN:
SF:t.e439ae99de26cbb3a54c719709729981aaf31ffc0c16427fdde60b80da6d3961
DA:5,1
DA:8,1
DA:9,1
DA:13,1
DA:14,0
LF:5
LH:4
end_of_record
TN:
SF:t.e4c0b204a478cdbb9a24b8b701ddf4f63fdbdd3a847fdb710bf44ded74962298
DA:5,1
DA:8,1
DA:9,1
DA:13,1
DA:14,0
LF:5
LH:4
end_of_record
TN:
SF:t.e4f622658a88d3d148d09146e6b34368806b6c84414541cf975d6882d2cf745c
DA:6,1
DA:9,1
DA:11,1
DA:14,1
LF:4
LH:4
end_of_record
TN:
SF:t.e52ec327ae543ac187c8ed0ef1594a04ac05719dc2dbd2c1cc91dedb3726474a
DA:5,1
DA:8,1
DA:9,1
DA:13,1
DA:14,0
LF:5
LH:4
end_of_record
TN:
SF:t.e571d7ad9bd540d7ff767367167a9b63e24f43d47fbc9c8e42042b50a3fff6ab
DA:6,1
DA:9,1
DA:11,1
DA:14,1
LF:4
LH:4
end_of_record
TN:
SF:t.e5e77b7560805a8aee8e74dc9ee079da166620b6f08c5c7224aa8c3959b51b71
DA:5,1
DA:8,1
DA:9,1
DA:13,1
DA:14,0
LF:5
LH:4
end_of_record
TN:
SF:t.e66eb2e3d725651e141b2ef05d6a2866555be00bb1a03abe2b1b2abbd9c584b8
DA:6,1
DA:9,1
DA:11,1
DA:14,1
LF:4
LH:4
end_of_record
TN:
SF:t.e762560167db4d1fc3c03df2c2c43bf8f10a2e612d27d11306b67c963d9a3654
DA:6,1
DA:9,1
DA:11,1
DA:14,1
LF:4
LH:4
end_of_record
TN:
SF:t.e7c9cf962bab24c4b071b1a8140d871679892d7b44b896a290283d6708c52ae9
DA:5,1
DA:8,1
DA:9,1
DA:13,1
DA:14,0
LF:5
LH:4
end_of_record
TN:
SF:t.e7cf20e4817a28ad4ac0f5bcb00e53e4c07926a381605baf428db3297df4ff22
DA:5,1
DA:8,1
DA:9,1
DA:13,1
DA:14,0
LF:5
LH:4
end_of_record
TN:
SF:t.e7d9eb67c9661934c48b92de3ca00b3923693f6cc7d85dd05a05cafd8c19484b
DA:6,1
DA:9,1
DA:11,1
DA:14,1
LF:4
LH:4
end_of_record
TN:
SF:t.e7eb07c5cbe0e670826f8b11ea7bf794c10c9a5805b665fd5cedecf285c9c1f2
DA:6,1
DA:9,1
DA:11,1
DA:14,1
LF:4
LH:4
end_of_record
TN:
SF:t.e839f0797eb50d15ccb43f50834af7ffd007cd2cdd535cff5da095f2d69f563c
DA:3,1
DA:4,1
LF:2
LH:2
end_of_record
TN:
SF:t.e8944c7cc3066e57b214d6aac061a7d8b8879ba9442453873a97a9a939d6cd14
DA:5,1
DA:8,1
DA:9,1
DA:13,1
DA:14,0
LF:5
LH:4
end_of_record
TN:
SF:t.e8da37aabecc4a257fd941f7560622273ebbe58e8e6f9e93df99b458d8af5ccb
DA:6,1
DA:9,1
DA:11,1
DA:14,1
LF:4
LH:4
end_of_record
TN:
SF:t.e8eb32d6298b69a9ebfe34c3139ab1c3e7f9504752f63f99a233ed6111610e3d
DA:6,1
DA:9,1
DA:11,1
DA:14,1
LF:4
LH:4
end_of_record
TN:
SF:t.e914b75bdf9dd7942882434215e502a767770c4401430390aced7dbe56056d82
DA:6,1
DA:9,1
DA:11,1
DA:14,1
LF:4
LH:4
end_of_record
TN:
SF:t.e92354a9331c3e0f6a99054de3e9d676468ce7b4f527c5c74eb2fa4bc935e001
DA:6,1
DA:9,1
DA:11,1
DA:14,1
LF:4
LH:4
end_of_record
TN:
SF:t.ea32320ecb166f0717d3bcee052c751ba52d1f7a8e51a95e1f48ac800c25c3f3
DA:6,1
DA:9,1
DA:11,1
DA:14,1
LF:4
LH:4
end_of_record
TN:
SF:t.ea4d10ce2249098b153a39c7d302a5e7a1eef7f4880e187454f938de248d114f
DA:4,1
LF:1
LH:1
end_of_record
TN:
SF:t.ea514dc7a4c5923b529b4192d3e9c5eb0f5d7b14119b22f5a36cd96ef68e683a
DA:6,1
DA:9,1
DA:11,1
DA:14,1
LF:4
LH:4
end_of_record
TN:
SF:t.eac642cac43b992de3688c35eb22a43fd0aac33d89c0f3b7674da3110245db86
DA:6,1
DA:9,1
DA:11,1
DA:14,1
LF:4
LH:4
end_of_record
TN:
SF:t.ead0b4521ab5ec0baebcbd996125e19513c944589a7bd124dba52cf209e7e6d4
DA:6,1
DA:9,1
DA:11,1
DA:14,1
LF:4
LH:4
end_of_record
TN:
SF:t.eaf53a5d0354e4fde7bd343b5bc4eac98446e657d740d567b538d64e976a7a21
DA:5,1
DA:8,1
DA:9,1
DA:13,1
DA:14,0
LF:5
LH:4
end_of_record
TN:
SF:t.eb3da3b6291b5c20a67a58f3855d43b75fcfc3fbba4ebc140cfe4142d03e04fe
DA:6,1
DA:9,1
DA:11,1
DA:14,1
LF:4
LH:4
end_of_record
TN:
SF:t.eba9bf3205d87e7c894801626756acc00c51218ae6467b241d2492ec19757e7a
DA:6,1
DA:9,1
DA:11,1
DA:14,1
LF:4
LH:4
end_of_record
TN:
SF:t.ebaf81f9434232b6c171fec2b087c2be0467694997e288fa520cce1fa2212ee7
DA:6,1
DA:9,1
DA:11,1
DA:14,1
LF:4
LH:4
end_of_record
TN:
SF:t.ec0cde74db5913a2ac3829fe679c68739178f5e5be8da8d9a7fc9ad67d808768
DA:6,1
DA:9,1
DA:11,1
DA:14,1
LF:4
LH:4
end_of_record
TN:
SF:t.ec6b21d19b9e677ce86fae345baed37bc672c655d64eaa951ee29c9cecf3bcfb
DA:6,1
DA:9,1
DA:11,1
DA:14,1
LF:4
LH:4
end_of_record
TN:
SF:t.ecfadc9fb18976e3eb55484fc9cb919d7dbe595a5e870237c4f1b47fb9741386
DA:5,1
DA:8,1
DA:9,1
DA:13,1
DA:14,0
LF:5
LH:4
end_of_record
TN:
SF:t.ed44cc573c096ec7327a603146e04ead9bf3504458b992f918ccd8835690b635
DA:5,1
DA:8,1
DA:9,1
DA:13,1
DA:14,0
LF:5
LH:4
end_of_record
TN:
SF:t.ed6ca524f46361d5b91d0f0ccc0c87f618fca4dbe759f69b2bda3795c83f3d15
DA:6,1
DA:9,1
DA:11,1
DA:14,1
LF:4
LH:4
end_of_record
TN:
SF:t.ed92b29f4b9ed6b64241c47bd008d2bb5a485add3f044dda8023945a2e7f6e84
DA:5,1
DA:8,1
DA:9,1
DA:13,1
DA:14,0
LF:5
LH:4
end_of_record
TN:
SF:t.edcb73c52be150db525b34c1f937913e42f3e085d8f1aa928660bf79b1159379
DA:5,1
DA:8,1
DA:9,1
DA:13,1
DA:14,0
LF:5
LH:4
end_of_record
TN:
SF:t.ee443acbb64c382f1f46951ba4ecb688aa2a819f6e30305261bea35508b68189
DA:6,1
DA:9,1
DA:11,1
DA:14,1
LF:4
LH:4
end_of_record
TN:
SF:t.ee69edc720248c604ce8dcf0f8505f77bd00b624ccba869df294ffe4844cf0ad
DA:6,1
DA:9,1
DA:11,1
DA:14,1
LF:4
LH:4
end_of_record
TN:
SF:t.ee97dcfacd519588f8ed3155064b2555ba50f845ea0a64fc9af8c8f44feb4597
DA:6,1
DA:9,1
DA:11,1
DA:14,1
LF:4
LH:4
end_of_record
TN:
SF:t.eec2ae7a089f0e83208bcbb6d382740e7af73ee8419c92860ebfb635e7b373d0
DA:6,1
DA:9,1
DA:11,1
DA:14,1
LF:4
LH:4
end_of_record
TN:
SF:t.eef08d4d3d12c9b26d09124d98ff871cf27faaf2d527e57de735f267d1852d92
DA:6,1
DA:9,1
DA:11,1
DA:14,1
LF:4
LH:4
end_of_record
TN:
SF:t.ef0bc84813f69f91fb4e9cab8294d2255809b25629a197d25947edfbf4b72255
DA:6,1
DA:9,1
DA:11,1
DA:14,1
LF:4
LH:4
end_of_record
TN:
SF:t.ef452ac4a4f27af0eb886f28fe325085bcf89429a6b74e0028b232da8548f8d4
DA:6,14
DA:9,14
LF:2
LH:2
end_of_record
TN:
SF:t.efc676375d3fd01eb9d4f1a583841a53a0079fe6a442fd8705815626a2e47d14
DA:5,1
DA:8,1
DA:9,1
DA:13,1
DA:14,0
LF:5
LH:4
end_of_record
TN:
SF:t.f0b8c6b1c35959d2ec95997333f39f896b9846fe0f5e752303bb45a2ea08e780
DA:5,1
DA:8,1
DA:9,1
DA:13,1
DA:14,0
LF:5
LH:4
end_of_record
TN:
SF:t.f0bfe831e7c991e693bbb381d9f86d8f4796a7cc4fb9ebf0b6c8cecf19350ced
DA:6,1
DA:9,1
DA:11,1
DA:14,1
LF:4
LH:4
end_of_record
TN:
SF:t.f0fbf0949ab8ab5a5231199125a86618dedf6935880215b4c77ebfa29220c999
DA:5,1
DA:8,1
DA:9,1
DA:13,1
DA:14,0
LF:5
LH:4
end_of_record
TN:
SF:t.f17be8d690935275661841031f481e342d6bb404a37ec0efd173ef9fe3aa73da
DA:4,1
LF:1
LH:1
end_of_record
TN:
SF:t.f23e61c3e466c268589ba32e09e891c6dfb586142195479625ce53cdedcca925
DA:5,1
DA:8,1
DA:9,1
DA:13,1
DA:14,0
LF:5
LH:4
end_of_record
TN:
SF:t.f2645596c6c2aca70a7cd4753c90c257b040a687f2e0293528b87f05f4f22ce7
DA:6,1
DA:9,1
DA:11,1
DA:14,1
LF:4
LH:4
end_of_record
TN:
SF:t.f26c91e18693e4b461fb266dab31c2224b4c3bad25d3e904fe6a1525c86f0812
DA:5,1
DA:8,1
DA:9,1
DA:13,1
DA:14,0
LF:5
LH:4
end_of_record
TN:
SF:t.f399ee773e67fd07c27e0b769930da8d7b277049450e58867033d0e34f611445
DA:6,1
DA:9,1
DA:11,1
DA:14,1
LF:4
LH:4
end_of_record
TN:
SF:t.f3a76986600a9430a3fef7f1d28dac212ed24ab3870d6d77f7dfec592d63c47f
DA:6,1
DA:9,1
DA:11,1
DA:14,1
LF:4
LH:4
end_of_record
TN:
SF:t.f41446744323e832f871def8ddee412d3eaadf70647280f6e89c854643a6e1b9
DA:6,1
DA:9,1
DA:11,1
DA:14,1
LF:4
LH:4
end_of_record
TN:
SF:t.f419189571a18f769c4d6b971f3b77b25eaefead9eaa3893538cd0ba0ba192d9
DA:5,1
DA:8,1
DA:9,1
DA:13,1
DA:14,0
LF:5
LH:4
end_of_record
TN:
SF:t.f4250c49ee68fb084d6807d884f09407c97d17086a56a3e9bd46214fb8be434f
DA:5,1
DA:8,1
DA:9,1
DA:13,1
DA:14,0
LF:5
LH:4
end_of_record
TN:
SF:t.f4a1adde0bff39b4a615d1bc2e40a54e15bf06519dd11a7e82fd87a2bc881ee1
DA:3,1
LF:1
LH:1
end_of_record
TN:
SF:t.f4ea2db80f5bed61093fdadae5c4d501a8e1a71c63119b20bec3795c56083d70
DA:3,14
LF:1
LH:1
end_of_record
TN:
SF:t.f51de0a957f4182ed300f55d083b78e066de17fcc7a581a8b7d59d3585f9f8cc
DA:5,1
DA:8,1
DA:9,1
DA:13,1
DA:14,0
LF:5
LH:4
end_of_record
TN:
SF:t.f5aae90a6842dfede24534f7e58219cb6db6c66a727738f7d6736ca52ca39f99
DA:6,1
DA:9,1
DA:11,1
DA:14,1
LF:4
LH:4
end_of_record
TN:
SF:t.f5b4c3e1bdf340ea444a6259f19e5989e10fa8baac735bd4ac1db33722beea6a
DA:6,1
DA:9,1
DA:11,1
DA:14,1
LF:4
LH:4
end_of_record
TN:
SF:t.f5b90cc273be82bc494207b01764243e963ff5d4636d810a2e36e1d52ecd3a59
DA:6,1
DA:9,1
DA:11,1
DA:14,1
LF:4
LH:4
end_of_record
TN:
SF:t.f5d242fe224557725374a74363112941b24bf892e3e68e85a7114b3dac273765
DA:5,1
DA:8,1
DA:9,1
DA:13,1
DA:14,0
LF:5
LH:4
end_of_record
TN:
SF:t.f5eadcb728bcccb9e97adbb6902cb97d28371204f8c76cb871f012eb8016e1a4
DA:5,1
DA:8,1
DA:9,1
DA:13,1
DA:14,0
LF:5
LH:4
end_of_record
TN:
SF:t.f6a040dee968ba8cd129c3188c87900dc84ffc4d407fd7fa1c91de2b3554f883
DA:6,1
DA:9,1
DA:11,1
DA:14,1
LF:4
LH:4
end_of_record
TN:
SF:t.f6ea2901175d9e3c258448906dcedbe6ae39de74e5724a5b5e0f5d5e6dd5a8bc
DA:6,1
DA:9,1
DA:11,1
DA:14,1
LF:4
LH:4
end_of_record
TN:
SF:t.f75d7fd5fc0648b09a05b691ebd0772db303db06dcb84f843cc2041f7b3dceae
DA:5,1
DA:8,1
DA:9,1
DA:13,1
DA:14,0
LF:5
LH:4
end_of_record
TN:
SF:t.f79184170c41135b63e02414105a0d0cc1a2508a58fdd708d147ab98979cfe8f
DA:5,1
DA:8,1
DA:9,1
DA:13,1
DA:14,0
LF:5
LH:4
end_of_record
TN:
SF:t.f7bbff99d8a001e0f4e68dc965a65b3b58f41927317c6efca4fbdd54e34cfec0
DA:6,1
DA:9,1
DA:11,1
DA:14,1
LF:4
LH:4
end_of_record
TN:
SF:t.f7c92e88b172da6c359812960ffbcceaa4d88d8bfd1aa78db38b82519c7bf0a1
DA:6,1
DA:9,1
DA:11,1
DA:14,1
LF:4
LH:4
end_of_record
TN:
SF:t.f7cd65589bdec4a707fb4fec7e6d83f3bbdf59e6abd24ed6d7016559c076aa7f
DA:6,1
DA:9,1
DA:11,1
DA:14,1
LF:4
LH:4
end_of_record
TN:
SF:t.f7e7b90b0c2ab9d0451c1a0fdb6c361565ee7534aed296931470bc31992bbbee
DA:6,1
DA:9,1
DA:11,1
DA:14,1
LF:4
LH:4
end_of_record
TN:
SF:t.f811247c92fbeac7aa45e85defe15d183182e894e7d47eb264e0bff9dab80771
DA:6,1
DA:9,1
DA:11,1
DA:14,1
LF:4
LH:4
end_of_record
TN:
SF:t.f830b16097d8f178493150d6d3b7bef55269603e7a5b1f3bb55503a622f83f8c
DA:6,1
DA:9,1
DA:11,1
DA:14,1
LF:4
LH:4
end_of_record
TN:
SF:t.f8eddd389ba78f517d98d1a2aa9ab2aab4138da43b954c14859e2ac3aec435d9
DA:6,1
DA:9,1
DA:11,1
DA:14,1
LF:4
LH:4
end_of_record
TN:
SF:t.f95fd4b1251b95cc96c7cefcbaf005991324f8857d487bdb5d845aa257076ba5
DA:6,1
DA:9,1
DA:11,1
DA:14,1
LF:4
LH:4
end_of_record
TN:
SF:t.f996de7d1bd54fa51d6e145b169fb00d0fa69ecdb86c15530602f5189caa1fcc
DA:6,1
DA:9,1
DA:11,1
DA:14,1
LF:4
LH:4
end_of_record
TN:
SF:t.f9ca095d772cada286356eccddef1b95ffb8ad98c1d44f87fe2a481c749b79ea
DA:6,1
DA:9,1
DA:11,1
DA:14,1
LF:4
LH:4
end_of_record
TN:
SF:t.fa4862e28b0cfafccad3ec3767dc6aa1871bad2d3a11e40ef3b04f65cf8bbe80
DA:6,1
DA:9,1
DA:11,1
DA:14,1
LF:4
LH:4
end_of_record
TN:
SF:t.fa79963219914b64aeefc8e6b9177d9285125650c3cd42a91c1045b41ed07339
DA:5,1
DA:8,1
DA:9,1
DA:13,1
DA:14,0
LF:5
LH:4
end_of_record
TN:
SF:t.fb2377d905ccacf7bd103497cc84b4ef1ae5c2c4555c6a4aa26a7fd20320f811
DA:6,1
DA:9,1
DA:11,1
DA:14,1
LF:4
LH:4
end_of_record
TN:
SF:t.fb2c8065db4a81ad15570a5dfa1524ee8036303fb45c4757c7f3e2e1b13d1748
DA:6,1
DA:9,1
DA:11,1
DA:14,1
LF:4
LH:4
end_of_record
TN:
SF:t.fb6087fd4f23298b5afb5f5a37a55007c95dc85c7db0dbeafc9b1ea497c56021
DA:5,1
DA:8,1
DA:9,1
DA:13,1
DA:14,0
LF:5
LH:4
end_of_record
TN:
SF:t.fb66c024e500f123451b63e4a8ef268b5fae564570deeebf828e7bc88eab44ac
DA:6,1
DA:9,1
DA:11,1
DA:14,1
LF:4
LH:4
end_of_record
TN:
SF:t.fc16900e717adadf1acb3b3e8d1bf03acda19f813e65c3c960d51b266158bf22
DA:6,1
DA:9,1
DA:11,1
DA:14,1
LF:4
LH:4
end_of_record
TN:
SF:t.fc3963e2693bbd7182c02a01eae5ba4d31747f6c8ae6c2d7fe75b90740578002
DA:5,1
DA:8,1
DA:9,1
DA:13,1
DA:14,0
LF:5
LH:4
end_of_record
TN:
SF:t.fcba00a2ff0c19b7562c5d30bcc0ec4a0003f23b2bfd04bb2b343abda92f255c
DA:6,1
DA:9,1
DA:11,1
DA:14,1
LF:4
LH:4
end_of_record
TN:
SF:t.fcbf29b8131dd3274c1e2cea2353fb6f8d476cfc375697d08db7372009d455e9
DA:6,1
DA:9,1
DA:11,1
DA:14,1
LF:4
LH:4
end_of_record
TN:
SF:t.fcbfef3d335bdd5a6481f77d35a9f49b0320b6727920436e172a9183d2daf7c3
DA:3,14
LF:1
LH:1
end_of_record
TN:
SF:t.fd3accf826ff52d8b0151f1bb55070ba9822ea931b543412b08f21db6fe5b15e
DA:5,1
DA:8,1
DA:9,1
DA:13,1
DA:14,0
LF:5
LH:4
end_of_record
TN:
SF:t.fd6f69868f813409d5a93bf04d0ff8f83d12f7cc9c4ef0a3f0a14156fe26d711
DA:6,1
DA:9,1
DA:11,1
DA:14,1
LF:4
LH:4
end_of_record
TN:
SF:t.fd744bacbf8df51e6598f622fea50305d1694796a7ee1ef0dfd77305d66cc4fc
DA:5,1
DA:8,1
DA:9,1
DA:13,1
DA:14,0
LF:5
LH:4
end_of_record
TN:
SF:t.fe3891e9f99aabc17891c7ea57206d5718f2155c5e53ce9d9a15c6787098a5b2
DA:6,1
DA:9,1
DA:11,1
DA:14,1
LF:4
LH:4
end_of_record
TN:
SF:t.fe552f9d1937a12d79716418c10696662ad9e1e0376d0f5691a1453c35148105
DA:6,1
DA:9,1
DA:11,1
DA:14,1
LF:4
LH:4
end_of_record
TN:
SF:t.ffa1a559c66b79fe434f12467becd782cf4f7160b574ee3bc07631ad5c5f0be8
DA:6,1
DA:9,1
DA:11,1
DA:14,1
LF:4
LH:4
end_of_record
TN:
SF:t.ffa3df30714bc1ca1d96eaa1faf8ef8919b42aee2278e6d3871f4c36133ed9e4
DA:3,14
LF:1
LH:1
end_of_record
